Sep 15, 2014 2:38:02 PM org.eclipse.birt.core.format.DateFormatter format
WARNING: null
java.lang.NullPointerException
	at com.ibm.icu.text.SimpleDateFormat.format(SimpleDateFormat.java:672)
	at com.ibm.icu.text.SimpleDateFormat.format(SimpleDateFormat.java:651)
	at com.ibm.icu.text.DateFormat.format(DateFormat.java:479)
	at com.ibm.icu.text.DateFormat.format(DateFormat.java:490)
	at org.eclipse.birt.core.format.DateFormatter.format(DateFormatter.java:510)
	at org.eclipse.birt.report.session.ViewingSession.<init>(ViewingSession.java:43)
	at org.eclipse.birt.report.session.ViewingSessionManager.createSession(ViewingSessionManager.java:234)
	at org.eclipse.birt.report.session.ViewingSessionUtil.createSession(ViewingSessionUtil.java:126)
	at org.eclipse.birt.report.servlet.BirtSoapMessageDispatcherServlet.doGet(BirtSoapMessageDispatcherServlet.java:147)
	at javax.servlet.http.HttpServlet.service(HttpServlet.java:621)
	at org.apache.axis.transport.http.AxisServletBase.service(AxisServletBase.java:327)
	at javax.servlet.http.HttpServlet.service(HttpServlet.java:722)
	at org.eclipse.birt.report.servlet.BirtSoapMessageDispatcherServlet.service(BirtSoapMessageDispatcherServlet.java:122)
	at org.apache.catalina.core.ApplicationFilterChain.internalDoFilter(ApplicationFilterChain.java:304)
	at org.apache.catalina.core.ApplicationFilterChain.doFilter(ApplicationFilterChain.java:210)
	at org.eclipse.birt.report.filter.ViewerFilter.doFilter(ViewerFilter.java:68)
	at org.apache.catalina.core.ApplicationFilterChain.internalDoFilter(ApplicationFilterChain.java:243)
	at org.apache.catalina.core.ApplicationFilterChain.doFilter(ApplicationFilterChain.java:210)
	at org.apache.catalina.core.StandardWrapperValve.invoke(StandardWrapperValve.java:224)
	at org.apache.catalina.core.StandardContextValve.invoke(StandardContextValve.java:185)
	at org.apache.catalina.authenticator.AuthenticatorBase.invoke(AuthenticatorBase.java:472)
	at org.apache.catalina.core.StandardHostValve.invoke(StandardHostValve.java:151)
	at org.apache.catalina.valves.ErrorReportValve.invoke(ErrorReportValve.java:100)
	at org.apache.catalina.valves.AccessLogValve.invoke(AccessLogValve.java:929)
	at org.apache.catalina.core.StandardEngineValve.invoke(StandardEngineValve.java:118)
	at org.apache.catalina.connector.CoyoteAdapter.service(CoyoteAdapter.java:405)
	at org.apache.coyote.http11.Http11Processor.process(Http11Processor.java:269)
	at org.apache.coyote.AbstractProtocol$AbstractConnectionHandler.process(AbstractProtocol.java:515)
	at org.apache.tomcat.util.net.JIoEndpoint$SocketProcessor.run(JIoEndpoint.java:300)
	at java.util.concurrent.ThreadPoolExecutor.runWorker(ThreadPoolExecutor.java:1145)
	at java.util.concurrent.ThreadPoolExecutor$Worker.run(ThreadPoolExecutor.java:615)
	at java.lang.Thread.run(Thread.java:722)

