Feb 05, 2014 10:08:07 AM org.eclipse.birt.report.engine.api.impl.EngineTask convertToType
SEVERE: Can not convert the value of BirtDateTime.year(BirtDateTime.today()) to Integer type.
org.eclipse.birt.core.exception.CoreException: Can not convert the value of BirtDateTime.year(BirtDateTime.today()) to Integer type.
	at org.eclipse.birt.core.data.DataTypeUtil.toInteger(DataTypeUtil.java:276)
	at org.eclipse.birt.report.engine.api.impl.EngineTask.convertParameterType(EngineTask.java:651)
	at org.eclipse.birt.report.engine.api.impl.EngineTask.convertToType(EngineTask.java:576)
	at org.eclipse.birt.report.engine.api.impl.EngineTask.evaluateExpression(EngineTask.java:1272)
	at org.eclipse.birt.report.engine.api.impl.EngineTask.evaluateDefaultValue(EngineTask.java:1236)
	at org.eclipse.birt.report.engine.api.impl.EngineTask$2.visitScalarParameter(EngineTask.java:1597)
	at org.eclipse.birt.report.engine.api.impl.EngineTask$ParameterVisitor.visit(EngineTask.java:1514)
	at org.eclipse.birt.report.engine.api.impl.EngineTask$ParameterVisitor.visit(EngineTask.java:1482)
	at org.eclipse.birt.report.engine.api.impl.EngineTask.usingParameterValues(EngineTask.java:1678)
	at org.eclipse.birt.report.engine.api.impl.GetParameterDefinitionTask.getDefaultValue(GetParameterDefinitionTask.java:347)
	at org.eclipse.birt.report.service.BirtViewerReportService.getParameterDefaultValue(BirtViewerReportService.java:1004)
	at org.eclipse.birt.report.context.ViewerAttributeBean.getDefaultValues(ViewerAttributeBean.java:927)
	at org.eclipse.birt.report.context.ViewerAttributeBean.__initParameters(ViewerAttributeBean.java:276)
	at org.eclipse.birt.report.context.ViewerAttributeBean.__init(ViewerAttributeBean.java:231)
	at org.eclipse.birt.report.context.BaseAttributeBean.init(BaseAttributeBean.java:233)
	at org.eclipse.birt.report.context.ViewerAttributeBean.<init>(ViewerAttributeBean.java:118)
	at org.eclipse.birt.report.context.BirtContext.__init(BirtContext.java:44)
	at org.eclipse.birt.report.context.BaseContext.<init>(BaseContext.java:69)
	at org.eclipse.birt.report.context.BirtContext.<init>(BirtContext.java:30)
	at org.eclipse.birt.report.servlet.ViewerServlet.__getContext(ViewerServlet.java:150)
	at org.eclipse.birt.report.servlet.BirtSoapMessageDispatcherServlet.doGet(BirtSoapMessageDispatcherServlet.java:151)
	at javax.servlet.http.HttpServlet.service(HttpServlet.java:621)
	at org.apache.axis.transport.http.AxisServletBase.service(AxisServletBase.java:327)
	at javax.servlet.http.HttpServlet.service(HttpServlet.java:722)
	at org.eclipse.birt.report.servlet.BirtSoapMessageDispatcherServlet.service(BirtSoapMessageDispatcherServlet.java:122)
	at org.apache.catalina.core.ApplicationFilterChain.internalDoFilter(ApplicationFilterChain.java:304)
	at org.apache.catalina.core.ApplicationFilterChain.doFilter(ApplicationFilterChain.java:210)
	at org.eclipse.birt.report.filter.ViewerFilter.doFilter(ViewerFilter.java:68)
	at org.apache.catalina.core.ApplicationFilterChain.internalDoFilter(ApplicationFilterChain.java:243)
	at org.apache.catalina.core.ApplicationFilterChain.doFilter(ApplicationFilterChain.java:210)
	at org.apache.catalina.core.StandardWrapperValve.invoke(StandardWrapperValve.java:224)
	at org.apache.catalina.core.StandardContextValve.invoke(StandardContextValve.java:185)
	at org.apache.catalina.authenticator.AuthenticatorBase.invoke(AuthenticatorBase.java:472)
	at org.apache.catalina.core.StandardHostValve.invoke(StandardHostValve.java:151)
	at org.apache.catalina.valves.ErrorReportValve.invoke(ErrorReportValve.java:100)
	at org.apache.catalina.valves.AccessLogValve.invoke(AccessLogValve.java:929)
	at org.apache.catalina.core.StandardEngineValve.invoke(StandardEngineValve.java:118)
	at org.apache.catalina.connector.CoyoteAdapter.service(CoyoteAdapter.java:405)
	at org.apache.coyote.http11.Http11Processor.process(Http11Processor.java:269)
	at org.apache.coyote.AbstractProtocol$AbstractConnectionHandler.process(AbstractProtocol.java:515)
	at org.apache.tomcat.util.net.JIoEndpoint$SocketProcessor.run(JIoEndpoint.java:300)
	at java.util.concurrent.ThreadPoolExecutor.runWorker(ThreadPoolExecutor.java:1145)
	at java.util.concurrent.ThreadPoolExecutor$Worker.run(ThreadPoolExecutor.java:615)
	at java.lang.Thread.run(Thread.java:722)

Feb 05, 2014 10:08:07 AM org.eclipse.birt.report.engine.api.impl.EngineTask convertToType
SEVERE: Can not convert the value of BirtDateTime.year(BirtDateTime.today()) to Integer type.
org.eclipse.birt.core.exception.CoreException: Can not convert the value of BirtDateTime.year(BirtDateTime.today()) to Integer type.
	at org.eclipse.birt.core.data.DataTypeUtil.toInteger(DataTypeUtil.java:276)
	at org.eclipse.birt.report.engine.api.impl.EngineTask.convertParameterType(EngineTask.java:651)
	at org.eclipse.birt.report.engine.api.impl.EngineTask.convertToType(EngineTask.java:576)
	at org.eclipse.birt.report.engine.api.impl.EngineTask.evaluateExpression(EngineTask.java:1272)
	at org.eclipse.birt.report.engine.api.impl.EngineTask.evaluateDefaultValue(EngineTask.java:1236)
	at org.eclipse.birt.report.engine.api.impl.EngineTask$2.visitScalarParameter(EngineTask.java:1597)
	at org.eclipse.birt.report.engine.api.impl.EngineTask$ParameterVisitor.visit(EngineTask.java:1514)
	at org.eclipse.birt.report.engine.api.impl.EngineTask$ParameterVisitor.visit(EngineTask.java:1482)
	at org.eclipse.birt.report.engine.api.impl.EngineTask.usingParameterValues(EngineTask.java:1678)
	at org.eclipse.birt.report.engine.api.impl.GetParameterDefinitionTask.getDefaultValue(GetParameterDefinitionTask.java:347)
	at org.eclipse.birt.report.service.BirtViewerReportService.getParameterDefaultValue(BirtViewerReportService.java:1004)
	at org.eclipse.birt.report.context.ViewerAttributeBean.getDefaultValues(ViewerAttributeBean.java:927)
	at org.eclipse.birt.report.context.ViewerAttributeBean.__initParameters(ViewerAttributeBean.java:276)
	at org.eclipse.birt.report.context.ViewerAttributeBean.__init(ViewerAttributeBean.java:231)
	at org.eclipse.birt.report.context.BaseAttributeBean.init(BaseAttributeBean.java:233)
	at org.eclipse.birt.report.context.ViewerAttributeBean.<init>(ViewerAttributeBean.java:118)
	at org.eclipse.birt.report.context.BirtContext.__init(BirtContext.java:44)
	at org.eclipse.birt.report.context.BaseContext.<init>(BaseContext.java:69)
	at org.eclipse.birt.report.context.BirtContext.<init>(BirtContext.java:30)
	at org.eclipse.birt.report.servlet.ViewerServlet.__getContext(ViewerServlet.java:150)
	at org.eclipse.birt.report.servlet.BirtSoapMessageDispatcherServlet.doGet(BirtSoapMessageDispatcherServlet.java:151)
	at javax.servlet.http.HttpServlet.service(HttpServlet.java:621)
	at org.apache.axis.transport.http.AxisServletBase.service(AxisServletBase.java:327)
	at javax.servlet.http.HttpServlet.service(HttpServlet.java:722)
	at org.eclipse.birt.report.servlet.BirtSoapMessageDispatcherServlet.service(BirtSoapMessageDispatcherServlet.java:122)
	at org.apache.catalina.core.ApplicationFilterChain.internalDoFilter(ApplicationFilterChain.java:304)
	at org.apache.catalina.core.ApplicationFilterChain.doFilter(ApplicationFilterChain.java:210)
	at org.eclipse.birt.report.filter.ViewerFilter.doFilter(ViewerFilter.java:68)
	at org.apache.catalina.core.ApplicationFilterChain.internalDoFilter(ApplicationFilterChain.java:243)
	at org.apache.catalina.core.ApplicationFilterChain.doFilter(ApplicationFilterChain.java:210)
	at org.apache.catalina.core.StandardWrapperValve.invoke(StandardWrapperValve.java:224)
	at org.apache.catalina.core.StandardContextValve.invoke(StandardContextValve.java:185)
	at org.apache.catalina.authenticator.AuthenticatorBase.invoke(AuthenticatorBase.java:472)
	at org.apache.catalina.core.StandardHostValve.invoke(StandardHostValve.java:151)
	at org.apache.catalina.valves.ErrorReportValve.invoke(ErrorReportValve.java:100)
	at org.apache.catalina.valves.AccessLogValve.invoke(AccessLogValve.java:929)
	at org.apache.catalina.core.StandardEngineValve.invoke(StandardEngineValve.java:118)
	at org.apache.catalina.connector.CoyoteAdapter.service(CoyoteAdapter.java:405)
	at org.apache.coyote.http11.Http11Processor.process(Http11Processor.java:269)
	at org.apache.coyote.AbstractProtocol$AbstractConnectionHandler.process(AbstractProtocol.java:515)
	at org.apache.tomcat.util.net.JIoEndpoint$SocketProcessor.run(JIoEndpoint.java:300)
	at java.util.concurrent.ThreadPoolExecutor.runWorker(ThreadPoolExecutor.java:1145)
	at java.util.concurrent.ThreadPoolExecutor$Worker.run(ThreadPoolExecutor.java:615)
	at java.lang.Thread.run(Thread.java:722)

Feb 05, 2014 10:08:13 AM org.eclipse.birt.report.engine.api.impl.EngineTask convertToType
SEVERE: Can not convert the value of BirtDateTime.year(BirtDateTime.today()) to Integer type.
org.eclipse.birt.core.exception.CoreException: Can not convert the value of BirtDateTime.year(BirtDateTime.today()) to Integer type.
	at org.eclipse.birt.core.data.DataTypeUtil.toInteger(DataTypeUtil.java:276)
	at org.eclipse.birt.report.engine.api.impl.EngineTask.convertParameterType(EngineTask.java:651)
	at org.eclipse.birt.report.engine.api.impl.EngineTask.convertToType(EngineTask.java:576)
	at org.eclipse.birt.report.engine.api.impl.EngineTask.evaluateExpression(EngineTask.java:1272)
	at org.eclipse.birt.report.engine.api.impl.EngineTask.evaluateDefaultValue(EngineTask.java:1236)
	at org.eclipse.birt.report.engine.api.impl.EngineTask$2.visitScalarParameter(EngineTask.java:1597)
	at org.eclipse.birt.report.engine.api.impl.EngineTask$ParameterVisitor.visit(EngineTask.java:1514)
	at org.eclipse.birt.report.engine.api.impl.EngineTask$ParameterVisitor.visit(EngineTask.java:1482)
	at org.eclipse.birt.report.engine.api.impl.EngineTask.usingParameterValues(EngineTask.java:1678)
	at org.eclipse.birt.report.engine.api.impl.GetParameterDefinitionTask.getDefaultValue(GetParameterDefinitionTask.java:347)
	at org.eclipse.birt.report.service.BirtViewerReportService.getParameterDefaultValue(BirtViewerReportService.java:1004)
	at org.eclipse.birt.report.context.ViewerAttributeBean.getDefaultValues(ViewerAttributeBean.java:927)
	at org.eclipse.birt.report.context.ViewerAttributeBean.__initParameters(ViewerAttributeBean.java:276)
	at org.eclipse.birt.report.context.ViewerAttributeBean.__init(ViewerAttributeBean.java:231)
	at org.eclipse.birt.report.context.BaseAttributeBean.init(BaseAttributeBean.java:233)
	at org.eclipse.birt.report.context.ViewerAttributeBean.<init>(ViewerAttributeBean.java:118)
	at org.eclipse.birt.report.context.BirtContext.__init(BirtContext.java:44)
	at org.eclipse.birt.report.context.BaseContext.<init>(BaseContext.java:69)
	at org.eclipse.birt.report.context.BirtContext.<init>(BirtContext.java:30)
	at org.eclipse.birt.report.servlet.ViewerServlet.__getContext(ViewerServlet.java:150)
	at org.eclipse.birt.report.servlet.BirtSoapMessageDispatcherServlet.doPost(BirtSoapMessageDispatcherServlet.java:243)
	at javax.servlet.http.HttpServlet.service(HttpServlet.java:641)
	at org.apache.axis.transport.http.AxisServletBase.service(AxisServletBase.java:327)
	at javax.servlet.http.HttpServlet.service(HttpServlet.java:722)
	at org.eclipse.birt.report.servlet.BirtSoapMessageDispatcherServlet.service(BirtSoapMessageDispatcherServlet.java:122)
	at org.apache.catalina.core.ApplicationFilterChain.internalDoFilter(ApplicationFilterChain.java:304)
	at org.apache.catalina.core.ApplicationFilterChain.doFilter(ApplicationFilterChain.java:210)
	at org.eclipse.birt.report.filter.ViewerFilter.doFilter(ViewerFilter.java:68)
	at org.apache.catalina.core.ApplicationFilterChain.internalDoFilter(ApplicationFilterChain.java:243)
	at org.apache.catalina.core.ApplicationFilterChain.doFilter(ApplicationFilterChain.java:210)
	at org.apache.catalina.core.StandardWrapperValve.invoke(StandardWrapperValve.java:224)
	at org.apache.catalina.core.StandardContextValve.invoke(StandardContextValve.java:185)
	at org.apache.catalina.authenticator.AuthenticatorBase.invoke(AuthenticatorBase.java:472)
	at org.apache.catalina.core.StandardHostValve.invoke(StandardHostValve.java:151)
	at org.apache.catalina.valves.ErrorReportValve.invoke(ErrorReportValve.java:100)
	at org.apache.catalina.valves.AccessLogValve.invoke(AccessLogValve.java:929)
	at org.apache.catalina.core.StandardEngineValve.invoke(StandardEngineValve.java:118)
	at org.apache.catalina.connector.CoyoteAdapter.service(CoyoteAdapter.java:405)
	at org.apache.coyote.http11.Http11Processor.process(Http11Processor.java:269)
	at org.apache.coyote.AbstractProtocol$AbstractConnectionHandler.process(AbstractProtocol.java:515)
	at org.apache.tomcat.util.net.JIoEndpoint$SocketProcessor.run(JIoEndpoint.java:302)
	at java.util.concurrent.ThreadPoolExecutor.runWorker(ThreadPoolExecutor.java:1145)
	at java.util.concurrent.ThreadPoolExecutor$Worker.run(ThreadPoolExecutor.java:615)
	at java.lang.Thread.run(Thread.java:722)

Feb 05, 2014 10:08:13 AM org.eclipse.birt.report.engine.api.impl.EngineTask convertToType
SEVERE: Can not convert the value of BirtDateTime.year(BirtDateTime.today()) to Integer type.
org.eclipse.birt.core.exception.CoreException: Can not convert the value of BirtDateTime.year(BirtDateTime.today()) to Integer type.
	at org.eclipse.birt.core.data.DataTypeUtil.toInteger(DataTypeUtil.java:276)
	at org.eclipse.birt.report.engine.api.impl.EngineTask.convertParameterType(EngineTask.java:651)
	at org.eclipse.birt.report.engine.api.impl.EngineTask.convertToType(EngineTask.java:576)
	at org.eclipse.birt.report.engine.api.impl.EngineTask.evaluateExpression(EngineTask.java:1272)
	at org.eclipse.birt.report.engine.api.impl.EngineTask.evaluateDefaultValue(EngineTask.java:1236)
	at org.eclipse.birt.report.engine.api.impl.EngineTask$2.visitScalarParameter(EngineTask.java:1597)
	at org.eclipse.birt.report.engine.api.impl.EngineTask$ParameterVisitor.visit(EngineTask.java:1514)
	at org.eclipse.birt.report.engine.api.impl.EngineTask$ParameterVisitor.visit(EngineTask.java:1482)
	at org.eclipse.birt.report.engine.api.impl.EngineTask.usingParameterValues(EngineTask.java:1678)
	at org.eclipse.birt.report.engine.api.impl.GetParameterDefinitionTask.getDefaultValue(GetParameterDefinitionTask.java:347)
	at org.eclipse.birt.report.service.BirtViewerReportService.getParameterDefaultValue(BirtViewerReportService.java:1004)
	at org.eclipse.birt.report.context.ViewerAttributeBean.getDefaultValues(ViewerAttributeBean.java:927)
	at org.eclipse.birt.report.context.ViewerAttributeBean.__initParameters(ViewerAttributeBean.java:276)
	at org.eclipse.birt.report.context.ViewerAttributeBean.__init(ViewerAttributeBean.java:231)
	at org.eclipse.birt.report.context.BaseAttributeBean.init(BaseAttributeBean.java:233)
	at org.eclipse.birt.report.context.ViewerAttributeBean.<init>(ViewerAttributeBean.java:118)
	at org.eclipse.birt.report.context.BirtContext.__init(BirtContext.java:44)
	at org.eclipse.birt.report.context.BaseContext.<init>(BaseContext.java:69)
	at org.eclipse.birt.report.context.BirtContext.<init>(BirtContext.java:30)
	at org.eclipse.birt.report.servlet.ViewerServlet.__getContext(ViewerServlet.java:150)
	at org.eclipse.birt.report.servlet.BirtSoapMessageDispatcherServlet.doPost(BirtSoapMessageDispatcherServlet.java:243)
	at javax.servlet.http.HttpServlet.service(HttpServlet.java:641)
	at org.apache.axis.transport.http.AxisServletBase.service(AxisServletBase.java:327)
	at javax.servlet.http.HttpServlet.service(HttpServlet.java:722)
	at org.eclipse.birt.report.servlet.BirtSoapMessageDispatcherServlet.service(BirtSoapMessageDispatcherServlet.java:122)
	at org.apache.catalina.core.ApplicationFilterChain.internalDoFilter(ApplicationFilterChain.java:304)
	at org.apache.catalina.core.ApplicationFilterChain.doFilter(ApplicationFilterChain.java:210)
	at org.eclipse.birt.report.filter.ViewerFilter.doFilter(ViewerFilter.java:68)
	at org.apache.catalina.core.ApplicationFilterChain.internalDoFilter(ApplicationFilterChain.java:243)
	at org.apache.catalina.core.ApplicationFilterChain.doFilter(ApplicationFilterChain.java:210)
	at org.apache.catalina.core.StandardWrapperValve.invoke(StandardWrapperValve.java:224)
	at org.apache.catalina.core.StandardContextValve.invoke(StandardContextValve.java:185)
	at org.apache.catalina.authenticator.AuthenticatorBase.invoke(AuthenticatorBase.java:472)
	at org.apache.catalina.core.StandardHostValve.invoke(StandardHostValve.java:151)
	at org.apache.catalina.valves.ErrorReportValve.invoke(ErrorReportValve.java:100)
	at org.apache.catalina.valves.AccessLogValve.invoke(AccessLogValve.java:929)
	at org.apache.catalina.core.StandardEngineValve.invoke(StandardEngineValve.java:118)
	at org.apache.catalina.connector.CoyoteAdapter.service(CoyoteAdapter.java:405)
	at org.apache.coyote.http11.Http11Processor.process(Http11Processor.java:269)
	at org.apache.coyote.AbstractProtocol$AbstractConnectionHandler.process(AbstractProtocol.java:515)
	at org.apache.tomcat.util.net.JIoEndpoint$SocketProcessor.run(JIoEndpoint.java:302)
	at java.util.concurrent.ThreadPoolExecutor.runWorker(ThreadPoolExecutor.java:1145)
	at java.util.concurrent.ThreadPoolExecutor$Worker.run(ThreadPoolExecutor.java:615)
	at java.lang.Thread.run(Thread.java:722)

