Jul 10, 2017 4:29:01 PM org.eclipse.birt.report.engine.executor.ExecutorManager$ExecutorContext executeQuery
SEVERE: An exception occurred during processing. Please see the following message for details:
exception.error
Error happens when create hierarchy:EmpGroup.NewTabularHierarchy.
Column binding "name_34" has referred to a data set column "name_34" which does not exist.
Column binding "name_34" has referred to a data set column "name_34" which does not exist.
org.eclipse.birt.report.data.adapter.api.AdapterException: An exception occurred during processing. Please see the following message for details:
exception.error
Error happens when create hierarchy:EmpGroup.NewTabularHierarchy.
Column binding "name_34" has referred to a data set column "name_34" which does not exist.
Column binding "name_34" has referred to a data set column "name_34" which does not exist.
	at org.eclipse.birt.report.data.adapter.impl.DataRequestSessionImpl.execute(DataRequestSessionImpl.java:654)
	at org.eclipse.birt.report.engine.data.dte.DteDataEngine.doExecuteCube(DteDataEngine.java:233)
	at org.eclipse.birt.report.engine.data.dte.DataGenerationEngine.doExecuteCube(DataGenerationEngine.java:96)
	at org.eclipse.birt.report.engine.data.dte.AbstractDataEngine.execute(AbstractDataEngine.java:272)
	at org.eclipse.birt.report.engine.executor.ExecutorManager$ExecutorContext.executeQuery(ExecutorManager.java:447)
	at org.eclipse.birt.report.item.crosstab.core.re.executor.BaseCrosstabExecutor.executeQuery(BaseCrosstabExecutor.java:122)
	at org.eclipse.birt.report.item.crosstab.core.re.executor.CrosstabReportItemExecutor.execute(CrosstabReportItemExecutor.java:102)
	at org.eclipse.birt.report.engine.executor.ExtendedItemExecutor.execute(ExtendedItemExecutor.java:62)
	at org.eclipse.birt.report.engine.internal.executor.wrap.WrappedReportItemExecutor.execute(WrappedReportItemExecutor.java:46)
	at org.eclipse.birt.report.engine.internal.executor.emitter.ReportItemEmitterExecutor.execute(ReportItemEmitterExecutor.java:46)
	at org.eclipse.birt.report.engine.internal.executor.dup.SuppressDuplicateItemExecutor.execute(SuppressDuplicateItemExecutor.java:43)
	at org.eclipse.birt.report.engine.internal.executor.wrap.WrappedReportItemExecutor.execute(WrappedReportItemExecutor.java:46)
	at org.eclipse.birt.report.engine.internal.executor.l18n.LocalizedReportItemExecutor.execute(LocalizedReportItemExecutor.java:34)
	at org.eclipse.birt.report.engine.layout.html.HTMLBlockStackingLM.layoutNodes(HTMLBlockStackingLM.java:65)
	at org.eclipse.birt.report.engine.layout.html.HTMLPageLM.layout(HTMLPageLM.java:92)
	at org.eclipse.birt.report.engine.layout.html.HTMLReportLayoutEngine.layout(HTMLReportLayoutEngine.java:100)
	at org.eclipse.birt.report.engine.presentation.ReportDocumentBuilder.build(ReportDocumentBuilder.java:249)
	at org.eclipse.birt.report.engine.api.impl.RunTask.doRun(RunTask.java:269)
	at org.eclipse.birt.report.engine.api.impl.RunTask.run(RunTask.java:86)
	at org.eclipse.birt.report.service.ReportEngineService.runReport(ReportEngineService.java:1325)
	at org.eclipse.birt.report.service.BirtViewerReportService.runReport(BirtViewerReportService.java:158)
	at org.eclipse.birt.report.service.actionhandler.BirtRunReportActionHandler.__execute(BirtRunReportActionHandler.java:81)
	at org.eclipse.birt.report.service.actionhandler.BirtChangeParameterActionHandler.runReport(BirtChangeParameterActionHandler.java:58)
	at org.eclipse.birt.report.service.actionhandler.AbstractChangeParameterActionHandler.__execute(AbstractChangeParameterActionHandler.java:53)
	at org.eclipse.birt.report.service.actionhandler.AbstractBaseActionHandler.execute(AbstractBaseActionHandler.java:90)
	at org.eclipse.birt.report.soapengine.processor.AbstractBaseDocumentProcessor.__executeAction(AbstractBaseDocumentProcessor.java:47)
	at org.eclipse.birt.report.soapengine.processor.AbstractBaseComponentProcessor.executeAction(AbstractBaseComponentProcessor.java:143)
	at org.eclipse.birt.report.soapengine.processor.BirtDocumentProcessor.handleChangeParameter(BirtDocumentProcessor.java:100)
	at sun.reflect.NativeMethodAccessorImpl.invoke0(Native Method)
	at sun.reflect.NativeMethodAccessorImpl.invoke(NativeMethodAccessorImpl.java:57)
	at sun.reflect.DelegatingMethodAccessorImpl.invoke(DelegatingMethodAccessorImpl.java:43)
	at java.lang.reflect.Method.invoke(Method.java:601)
	at org.eclipse.birt.report.soapengine.processor.AbstractBaseComponentProcessor.process(AbstractBaseComponentProcessor.java:112)
	at org.eclipse.birt.report.soapengine.endpoint.BirtSoapBindingImpl.getUpdatedObjects(BirtSoapBindingImpl.java:66)
	at sun.reflect.NativeMethodAccessorImpl.invoke0(Native Method)
	at sun.reflect.NativeMethodAccessorImpl.invoke(NativeMethodAccessorImpl.java:57)
	at sun.reflect.DelegatingMethodAccessorImpl.invoke(DelegatingMethodAccessorImpl.java:43)
	at java.lang.reflect.Method.invoke(Method.java:601)
	at org.apache.axis.providers.java.RPCProvider.invokeMethod(RPCProvider.java:397)
	at org.apache.axis.providers.java.RPCProvider.processMessage(RPCProvider.java:186)
	at org.apache.axis.providers.java.JavaProvider.invoke(JavaProvider.java:323)
	at org.apache.axis.strategies.InvocationStrategy.visit(InvocationStrategy.java:32)
	at org.apache.axis.SimpleChain.doVisiting(SimpleChain.java:118)
	at org.apache.axis.SimpleChain.invoke(SimpleChain.java:83)
	at org.apache.axis.handlers.soap.SOAPService.invoke(SOAPService.java:454)
	at org.apache.axis.server.AxisServer.invoke(AxisServer.java:281)
	at org.apache.axis.transport.http.AxisServlet.doPost(AxisServlet.java:699)
	at org.eclipse.birt.report.servlet.BirtSoapMessageDispatcherServlet.doPost(BirtSoapMessageDispatcherServlet.java:265)
	at javax.servlet.http.HttpServlet.service(HttpServlet.java:641)
	at org.apache.axis.transport.http.AxisServletBase.service(AxisServletBase.java:327)
	at javax.servlet.http.HttpServlet.service(HttpServlet.java:722)
	at org.eclipse.birt.report.servlet.BirtSoapMessageDispatcherServlet.service(BirtSoapMessageDispatcherServlet.java:122)
	at org.apache.catalina.core.ApplicationFilterChain.internalDoFilter(ApplicationFilterChain.java:304)
	at org.apache.catalina.core.ApplicationFilterChain.doFilter(ApplicationFilterChain.java:210)
	at org.eclipse.birt.report.filter.ViewerFilter.doFilter(ViewerFilter.java:68)
	at org.apache.catalina.core.ApplicationFilterChain.internalDoFilter(ApplicationFilterChain.java:243)
	at org.apache.catalina.core.ApplicationFilterChain.doFilter(ApplicationFilterChain.java:210)
	at org.apache.catalina.core.StandardWrapperValve.invoke(StandardWrapperValve.java:224)
	at org.apache.catalina.core.StandardContextValve.invoke(StandardContextValve.java:185)
	at org.apache.catalina.authenticator.AuthenticatorBase.invoke(AuthenticatorBase.java:472)
	at org.apache.catalina.core.StandardHostValve.invoke(StandardHostValve.java:151)
	at org.apache.catalina.valves.ErrorReportValve.invoke(ErrorReportValve.java:100)
	at org.apache.catalina.valves.AccessLogValve.invoke(AccessLogValve.java:929)
	at org.apache.catalina.core.StandardEngineValve.invoke(StandardEngineValve.java:118)
	at org.apache.catalina.connector.CoyoteAdapter.service(CoyoteAdapter.java:405)
	at org.apache.coyote.http11.Http11Processor.process(Http11Processor.java:269)
	at org.apache.coyote.AbstractProtocol$AbstractConnectionHandler.process(AbstractProtocol.java:515)
	at org.apache.tomcat.util.net.JIoEndpoint$SocketProcessor.run(JIoEndpoint.java:302)
	at java.util.concurrent.ThreadPoolExecutor.runWorker(ThreadPoolExecutor.java:1145)
	at java.util.concurrent.ThreadPoolExecutor$Worker.run(ThreadPoolExecutor.java:615)
	at java.lang.Thread.run(Thread.java:722)
Caused by: org.eclipse.birt.data.engine.core.DataException: exception.error
Error happens when create hierarchy:EmpGroup.NewTabularHierarchy.
Column binding "name_34" has referred to a data set column "name_34" which does not exist.
Column binding "name_34" has referred to a data set column "name_34" which does not exist.
	at org.eclipse.birt.report.data.adapter.impl.DataRequestSessionImpl.materializeCube(DataRequestSessionImpl.java:783)
	at org.eclipse.birt.report.data.adapter.impl.DataRequestSessionImpl.execute(DataRequestSessionImpl.java:643)
	... 70 more
Caused by: org.eclipse.birt.report.data.adapter.api.AdapterException: Error happens when create hierarchy:EmpGroup.NewTabularHierarchy.
Column binding "name_34" has referred to a data set column "name_34" which does not exist.
Column binding "name_34" has referred to a data set column "name_34" which does not exist.
	at org.eclipse.birt.report.data.adapter.impl.DataRequestSessionImpl.populateDimension(DataRequestSessionImpl.java:1482)
	at org.eclipse.birt.report.data.adapter.impl.DataRequestSessionImpl.populateDimensions(DataRequestSessionImpl.java:1340)
	at org.eclipse.birt.report.data.adapter.impl.DataRequestSessionImpl.createCube(DataRequestSessionImpl.java:834)
	at org.eclipse.birt.report.data.adapter.impl.DataRequestSessionImpl.materializeCube(DataRequestSessionImpl.java:775)
	... 71 more
Caused by: org.eclipse.birt.report.data.adapter.api.AdapterException: Column binding "name_34" has referred to a data set column "name_34" which does not exist.
Column binding "name_34" has referred to a data set column "name_34" which does not exist.
	at org.eclipse.birt.report.data.adapter.impl.DataSetIterator.executeQuery(DataSetIterator.java:91)
	at org.eclipse.birt.report.data.adapter.impl.DataSetIterator.<init>(DataSetIterator.java:124)
	at org.eclipse.birt.report.data.adapter.impl.DataRequestSessionImpl.populateDimension(DataRequestSessionImpl.java:1467)
	... 74 more
Caused by: org.eclipse.birt.data.engine.core.DataException: Column binding "name_34" has referred to a data set column "name_34" which does not exist.
	at org.eclipse.birt.data.engine.impl.ResultIterator.validateManualBindingExpressions(ResultIterator.java:380)
	at org.eclipse.birt.data.engine.impl.ResultIterator.<init>(ResultIterator.java:148)
	at org.eclipse.birt.data.engine.impl.QueryResults.getResultIterator(QueryResults.java:215)
	at org.eclipse.birt.report.data.adapter.impl.DataSetIterator.executeQuery(DataSetIterator.java:87)
	... 76 more

Jul 10, 2017 4:29:01 PM org.eclipse.birt.report.item.crosstab.core.re.executor.CrosstabReportItemExecutor execute
SEVERE: The cube result for crosstab is invalid(=null).
Jul 10, 2017 4:29:01 PM org.eclipse.birt.report.engine.executor.ExecutorManager$ExecutorContext executeQuery
SEVERE: An exception occurred during processing. Please see the following message for details:
exception.error
Error happens when create hierarchy:EmpGroup.NewTabularHierarchy.
Column binding "name_34" has referred to a data set column "name_34" which does not exist.
Column binding "name_34" has referred to a data set column "name_34" which does not exist.
org.eclipse.birt.report.data.adapter.api.AdapterException: An exception occurred during processing. Please see the following message for details:
exception.error
Error happens when create hierarchy:EmpGroup.NewTabularHierarchy.
Column binding "name_34" has referred to a data set column "name_34" which does not exist.
Column binding "name_34" has referred to a data set column "name_34" which does not exist.
	at org.eclipse.birt.report.data.adapter.impl.DataRequestSessionImpl.execute(DataRequestSessionImpl.java:654)
	at org.eclipse.birt.report.engine.data.dte.DteDataEngine.doExecuteCube(DteDataEngine.java:233)
	at org.eclipse.birt.report.engine.data.dte.DataGenerationEngine.doExecuteCube(DataGenerationEngine.java:96)
	at org.eclipse.birt.report.engine.data.dte.AbstractDataEngine.execute(AbstractDataEngine.java:272)
	at org.eclipse.birt.report.engine.executor.ExecutorManager$ExecutorContext.executeQuery(ExecutorManager.java:447)
	at org.eclipse.birt.report.item.crosstab.core.re.executor.BaseCrosstabExecutor.executeQuery(BaseCrosstabExecutor.java:122)
	at org.eclipse.birt.report.item.crosstab.core.re.executor.CrosstabReportItemExecutor.execute(CrosstabReportItemExecutor.java:102)
	at org.eclipse.birt.report.engine.executor.ExtendedItemExecutor.execute(ExtendedItemExecutor.java:62)
	at org.eclipse.birt.report.engine.internal.executor.wrap.WrappedReportItemExecutor.execute(WrappedReportItemExecutor.java:46)
	at org.eclipse.birt.report.engine.internal.executor.emitter.ReportItemEmitterExecutor.execute(ReportItemEmitterExecutor.java:46)
	at org.eclipse.birt.report.engine.internal.executor.dup.SuppressDuplicateItemExecutor.execute(SuppressDuplicateItemExecutor.java:43)
	at org.eclipse.birt.report.engine.internal.executor.wrap.WrappedReportItemExecutor.execute(WrappedReportItemExecutor.java:46)
	at org.eclipse.birt.report.engine.internal.executor.l18n.LocalizedReportItemExecutor.execute(LocalizedReportItemExecutor.java:34)
	at org.eclipse.birt.report.engine.layout.html.HTMLBlockStackingLM.layoutNodes(HTMLBlockStackingLM.java:65)
	at org.eclipse.birt.report.engine.layout.html.HTMLPageLM.layout(HTMLPageLM.java:92)
	at org.eclipse.birt.report.engine.layout.html.HTMLReportLayoutEngine.layout(HTMLReportLayoutEngine.java:100)
	at org.eclipse.birt.report.engine.presentation.ReportDocumentBuilder.build(ReportDocumentBuilder.java:249)
	at org.eclipse.birt.report.engine.api.impl.RunTask.doRun(RunTask.java:269)
	at org.eclipse.birt.report.engine.api.impl.RunTask.run(RunTask.java:86)
	at org.eclipse.birt.report.service.ReportEngineService.runReport(ReportEngineService.java:1325)
	at org.eclipse.birt.report.service.BirtViewerReportService.runReport(BirtViewerReportService.java:158)
	at org.eclipse.birt.report.service.actionhandler.BirtRunReportActionHandler.__execute(BirtRunReportActionHandler.java:81)
	at org.eclipse.birt.report.service.actionhandler.BirtChangeParameterActionHandler.runReport(BirtChangeParameterActionHandler.java:58)
	at org.eclipse.birt.report.service.actionhandler.AbstractChangeParameterActionHandler.__execute(AbstractChangeParameterActionHandler.java:53)
	at org.eclipse.birt.report.service.actionhandler.AbstractBaseActionHandler.execute(AbstractBaseActionHandler.java:90)
	at org.eclipse.birt.report.soapengine.processor.AbstractBaseDocumentProcessor.__executeAction(AbstractBaseDocumentProcessor.java:47)
	at org.eclipse.birt.report.soapengine.processor.AbstractBaseComponentProcessor.executeAction(AbstractBaseComponentProcessor.java:143)
	at org.eclipse.birt.report.soapengine.processor.BirtDocumentProcessor.handleChangeParameter(BirtDocumentProcessor.java:100)
	at sun.reflect.NativeMethodAccessorImpl.invoke0(Native Method)
	at sun.reflect.NativeMethodAccessorImpl.invoke(NativeMethodAccessorImpl.java:57)
	at sun.reflect.DelegatingMethodAccessorImpl.invoke(DelegatingMethodAccessorImpl.java:43)
	at java.lang.reflect.Method.invoke(Method.java:601)
	at org.eclipse.birt.report.soapengine.processor.AbstractBaseComponentProcessor.process(AbstractBaseComponentProcessor.java:112)
	at org.eclipse.birt.report.soapengine.endpoint.BirtSoapBindingImpl.getUpdatedObjects(BirtSoapBindingImpl.java:66)
	at sun.reflect.NativeMethodAccessorImpl.invoke0(Native Method)
	at sun.reflect.NativeMethodAccessorImpl.invoke(NativeMethodAccessorImpl.java:57)
	at sun.reflect.DelegatingMethodAccessorImpl.invoke(DelegatingMethodAccessorImpl.java:43)
	at java.lang.reflect.Method.invoke(Method.java:601)
	at org.apache.axis.providers.java.RPCProvider.invokeMethod(RPCProvider.java:397)
	at org.apache.axis.providers.java.RPCProvider.processMessage(RPCProvider.java:186)
	at org.apache.axis.providers.java.JavaProvider.invoke(JavaProvider.java:323)
	at org.apache.axis.strategies.InvocationStrategy.visit(InvocationStrategy.java:32)
	at org.apache.axis.SimpleChain.doVisiting(SimpleChain.java:118)
	at org.apache.axis.SimpleChain.invoke(SimpleChain.java:83)
	at org.apache.axis.handlers.soap.SOAPService.invoke(SOAPService.java:454)
	at org.apache.axis.server.AxisServer.invoke(AxisServer.java:281)
	at org.apache.axis.transport.http.AxisServlet.doPost(AxisServlet.java:699)
	at org.eclipse.birt.report.servlet.BirtSoapMessageDispatcherServlet.doPost(BirtSoapMessageDispatcherServlet.java:265)
	at javax.servlet.http.HttpServlet.service(HttpServlet.java:641)
	at org.apache.axis.transport.http.AxisServletBase.service(AxisServletBase.java:327)
	at javax.servlet.http.HttpServlet.service(HttpServlet.java:722)
	at org.eclipse.birt.report.servlet.BirtSoapMessageDispatcherServlet.service(BirtSoapMessageDispatcherServlet.java:122)
	at org.apache.catalina.core.ApplicationFilterChain.internalDoFilter(ApplicationFilterChain.java:304)
	at org.apache.catalina.core.ApplicationFilterChain.doFilter(ApplicationFilterChain.java:210)
	at org.eclipse.birt.report.filter.ViewerFilter.doFilter(ViewerFilter.java:68)
	at org.apache.catalina.core.ApplicationFilterChain.internalDoFilter(ApplicationFilterChain.java:243)
	at org.apache.catalina.core.ApplicationFilterChain.doFilter(ApplicationFilterChain.java:210)
	at org.apache.catalina.core.StandardWrapperValve.invoke(StandardWrapperValve.java:224)
	at org.apache.catalina.core.StandardContextValve.invoke(StandardContextValve.java:185)
	at org.apache.catalina.authenticator.AuthenticatorBase.invoke(AuthenticatorBase.java:472)
	at org.apache.catalina.core.StandardHostValve.invoke(StandardHostValve.java:151)
	at org.apache.catalina.valves.ErrorReportValve.invoke(ErrorReportValve.java:100)
	at org.apache.catalina.valves.AccessLogValve.invoke(AccessLogValve.java:929)
	at org.apache.catalina.core.StandardEngineValve.invoke(StandardEngineValve.java:118)
	at org.apache.catalina.connector.CoyoteAdapter.service(CoyoteAdapter.java:405)
	at org.apache.coyote.http11.Http11Processor.process(Http11Processor.java:269)
	at org.apache.coyote.AbstractProtocol$AbstractConnectionHandler.process(AbstractProtocol.java:515)
	at org.apache.tomcat.util.net.JIoEndpoint$SocketProcessor.run(JIoEndpoint.java:302)
	at java.util.concurrent.ThreadPoolExecutor.runWorker(ThreadPoolExecutor.java:1145)
	at java.util.concurrent.ThreadPoolExecutor$Worker.run(ThreadPoolExecutor.java:615)
	at java.lang.Thread.run(Thread.java:722)
Caused by: org.eclipse.birt.data.engine.core.DataException: exception.error
Error happens when create hierarchy:EmpGroup.NewTabularHierarchy.
Column binding "name_34" has referred to a data set column "name_34" which does not exist.
Column binding "name_34" has referred to a data set column "name_34" which does not exist.
	at org.eclipse.birt.report.data.adapter.impl.DataRequestSessionImpl.materializeCube(DataRequestSessionImpl.java:783)
	at org.eclipse.birt.report.data.adapter.impl.DataRequestSessionImpl.execute(DataRequestSessionImpl.java:643)
	... 70 more
Caused by: org.eclipse.birt.report.data.adapter.api.AdapterException: Error happens when create hierarchy:EmpGroup.NewTabularHierarchy.
Column binding "name_34" has referred to a data set column "name_34" which does not exist.
Column binding "name_34" has referred to a data set column "name_34" which does not exist.
	at org.eclipse.birt.report.data.adapter.impl.DataRequestSessionImpl.populateDimension(DataRequestSessionImpl.java:1482)
	at org.eclipse.birt.report.data.adapter.impl.DataRequestSessionImpl.populateDimensions(DataRequestSessionImpl.java:1340)
	at org.eclipse.birt.report.data.adapter.impl.DataRequestSessionImpl.createCube(DataRequestSessionImpl.java:834)
	at org.eclipse.birt.report.data.adapter.impl.DataRequestSessionImpl.materializeCube(DataRequestSessionImpl.java:775)
	... 71 more
Caused by: org.eclipse.birt.report.data.adapter.api.AdapterException: Column binding "name_34" has referred to a data set column "name_34" which does not exist.
Column binding "name_34" has referred to a data set column "name_34" which does not exist.
	at org.eclipse.birt.report.data.adapter.impl.DataSetIterator.executeQuery(DataSetIterator.java:91)
	at org.eclipse.birt.report.data.adapter.impl.DataSetIterator.<init>(DataSetIterator.java:124)
	at org.eclipse.birt.report.data.adapter.impl.DataRequestSessionImpl.populateDimension(DataRequestSessionImpl.java:1467)
	... 74 more
Caused by: org.eclipse.birt.data.engine.core.DataException: Column binding "name_34" has referred to a data set column "name_34" which does not exist.
	at org.eclipse.birt.data.engine.impl.ResultIterator.validateManualBindingExpressions(ResultIterator.java:380)
	at org.eclipse.birt.data.engine.impl.ResultIterator.<init>(ResultIterator.java:148)
	at org.eclipse.birt.data.engine.impl.QueryResults.getResultIterator(QueryResults.java:215)
	at org.eclipse.birt.report.data.adapter.impl.DataSetIterator.executeQuery(DataSetIterator.java:87)
	... 76 more

Jul 10, 2017 4:29:01 PM org.eclipse.birt.report.item.crosstab.core.re.executor.CrosstabReportItemExecutor execute
SEVERE: The cube result for crosstab is invalid(=null).
Jul 10, 2017 4:29:01 PM org.eclipse.birt.report.engine.executor.ExecutorManager$ExecutorContext executeQuery
SEVERE: An exception occurred during processing. Please see the following message for details:
exception.error
Error happens when create hierarchy:EmpGroup.NewTabularHierarchy.
Column binding "name_34" has referred to a data set column "name_34" which does not exist.
Column binding "name_34" has referred to a data set column "name_34" which does not exist.
org.eclipse.birt.report.data.adapter.api.AdapterException: An exception occurred during processing. Please see the following message for details:
exception.error
Error happens when create hierarchy:EmpGroup.NewTabularHierarchy.
Column binding "name_34" has referred to a data set column "name_34" which does not exist.
Column binding "name_34" has referred to a data set column "name_34" which does not exist.
	at org.eclipse.birt.report.data.adapter.impl.DataRequestSessionImpl.execute(DataRequestSessionImpl.java:654)
	at org.eclipse.birt.report.engine.data.dte.DteDataEngine.doExecuteCube(DteDataEngine.java:233)
	at org.eclipse.birt.report.engine.data.dte.DataGenerationEngine.doExecuteCube(DataGenerationEngine.java:96)
	at org.eclipse.birt.report.engine.data.dte.AbstractDataEngine.execute(AbstractDataEngine.java:272)
	at org.eclipse.birt.report.engine.executor.ExecutorManager$ExecutorContext.executeQuery(ExecutorManager.java:447)
	at org.eclipse.birt.report.item.crosstab.core.re.executor.BaseCrosstabExecutor.executeQuery(BaseCrosstabExecutor.java:122)
	at org.eclipse.birt.report.item.crosstab.core.re.executor.CrosstabReportItemExecutor.execute(CrosstabReportItemExecutor.java:102)
	at org.eclipse.birt.report.engine.executor.ExtendedItemExecutor.execute(ExtendedItemExecutor.java:62)
	at org.eclipse.birt.report.engine.internal.executor.wrap.WrappedReportItemExecutor.execute(WrappedReportItemExecutor.java:46)
	at org.eclipse.birt.report.engine.internal.executor.emitter.ReportItemEmitterExecutor.execute(ReportItemEmitterExecutor.java:46)
	at org.eclipse.birt.report.engine.internal.executor.dup.SuppressDuplicateItemExecutor.execute(SuppressDuplicateItemExecutor.java:43)
	at org.eclipse.birt.report.engine.internal.executor.wrap.WrappedReportItemExecutor.execute(WrappedReportItemExecutor.java:46)
	at org.eclipse.birt.report.engine.internal.executor.l18n.LocalizedReportItemExecutor.execute(LocalizedReportItemExecutor.java:34)
	at org.eclipse.birt.report.engine.layout.html.HTMLBlockStackingLM.layoutNodes(HTMLBlockStackingLM.java:65)
	at org.eclipse.birt.report.engine.layout.html.HTMLPageLM.layout(HTMLPageLM.java:92)
	at org.eclipse.birt.report.engine.layout.html.HTMLReportLayoutEngine.layout(HTMLReportLayoutEngine.java:100)
	at org.eclipse.birt.report.engine.presentation.ReportDocumentBuilder.build(ReportDocumentBuilder.java:249)
	at org.eclipse.birt.report.engine.api.impl.RunTask.doRun(RunTask.java:269)
	at org.eclipse.birt.report.engine.api.impl.RunTask.run(RunTask.java:86)
	at org.eclipse.birt.report.service.ReportEngineService.runReport(ReportEngineService.java:1325)
	at org.eclipse.birt.report.service.BirtViewerReportService.runReport(BirtViewerReportService.java:158)
	at org.eclipse.birt.report.service.actionhandler.BirtRunReportActionHandler.__execute(BirtRunReportActionHandler.java:81)
	at org.eclipse.birt.report.service.actionhandler.BirtChangeParameterActionHandler.runReport(BirtChangeParameterActionHandler.java:58)
	at org.eclipse.birt.report.service.actionhandler.AbstractChangeParameterActionHandler.__execute(AbstractChangeParameterActionHandler.java:53)
	at org.eclipse.birt.report.service.actionhandler.AbstractBaseActionHandler.execute(AbstractBaseActionHandler.java:90)
	at org.eclipse.birt.report.soapengine.processor.AbstractBaseDocumentProcessor.__executeAction(AbstractBaseDocumentProcessor.java:47)
	at org.eclipse.birt.report.soapengine.processor.AbstractBaseComponentProcessor.executeAction(AbstractBaseComponentProcessor.java:143)
	at org.eclipse.birt.report.soapengine.processor.BirtDocumentProcessor.handleChangeParameter(BirtDocumentProcessor.java:100)
	at sun.reflect.NativeMethodAccessorImpl.invoke0(Native Method)
	at sun.reflect.NativeMethodAccessorImpl.invoke(NativeMethodAccessorImpl.java:57)
	at sun.reflect.DelegatingMethodAccessorImpl.invoke(DelegatingMethodAccessorImpl.java:43)
	at java.lang.reflect.Method.invoke(Method.java:601)
	at org.eclipse.birt.report.soapengine.processor.AbstractBaseComponentProcessor.process(AbstractBaseComponentProcessor.java:112)
	at org.eclipse.birt.report.soapengine.endpoint.BirtSoapBindingImpl.getUpdatedObjects(BirtSoapBindingImpl.java:66)
	at sun.reflect.NativeMethodAccessorImpl.invoke0(Native Method)
	at sun.reflect.NativeMethodAccessorImpl.invoke(NativeMethodAccessorImpl.java:57)
	at sun.reflect.DelegatingMethodAccessorImpl.invoke(DelegatingMethodAccessorImpl.java:43)
	at java.lang.reflect.Method.invoke(Method.java:601)
	at org.apache.axis.providers.java.RPCProvider.invokeMethod(RPCProvider.java:397)
	at org.apache.axis.providers.java.RPCProvider.processMessage(RPCProvider.java:186)
	at org.apache.axis.providers.java.JavaProvider.invoke(JavaProvider.java:323)
	at org.apache.axis.strategies.InvocationStrategy.visit(InvocationStrategy.java:32)
	at org.apache.axis.SimpleChain.doVisiting(SimpleChain.java:118)
	at org.apache.axis.SimpleChain.invoke(SimpleChain.java:83)
	at org.apache.axis.handlers.soap.SOAPService.invoke(SOAPService.java:454)
	at org.apache.axis.server.AxisServer.invoke(AxisServer.java:281)
	at org.apache.axis.transport.http.AxisServlet.doPost(AxisServlet.java:699)
	at org.eclipse.birt.report.servlet.BirtSoapMessageDispatcherServlet.doPost(BirtSoapMessageDispatcherServlet.java:265)
	at javax.servlet.http.HttpServlet.service(HttpServlet.java:641)
	at org.apache.axis.transport.http.AxisServletBase.service(AxisServletBase.java:327)
	at javax.servlet.http.HttpServlet.service(HttpServlet.java:722)
	at org.eclipse.birt.report.servlet.BirtSoapMessageDispatcherServlet.service(BirtSoapMessageDispatcherServlet.java:122)
	at org.apache.catalina.core.ApplicationFilterChain.internalDoFilter(ApplicationFilterChain.java:304)
	at org.apache.catalina.core.ApplicationFilterChain.doFilter(ApplicationFilterChain.java:210)
	at org.eclipse.birt.report.filter.ViewerFilter.doFilter(ViewerFilter.java:68)
	at org.apache.catalina.core.ApplicationFilterChain.internalDoFilter(ApplicationFilterChain.java:243)
	at org.apache.catalina.core.ApplicationFilterChain.doFilter(ApplicationFilterChain.java:210)
	at org.apache.catalina.core.StandardWrapperValve.invoke(StandardWrapperValve.java:224)
	at org.apache.catalina.core.StandardContextValve.invoke(StandardContextValve.java:185)
	at org.apache.catalina.authenticator.AuthenticatorBase.invoke(AuthenticatorBase.java:472)
	at org.apache.catalina.core.StandardHostValve.invoke(StandardHostValve.java:151)
	at org.apache.catalina.valves.ErrorReportValve.invoke(ErrorReportValve.java:100)
	at org.apache.catalina.valves.AccessLogValve.invoke(AccessLogValve.java:929)
	at org.apache.catalina.core.StandardEngineValve.invoke(StandardEngineValve.java:118)
	at org.apache.catalina.connector.CoyoteAdapter.service(CoyoteAdapter.java:405)
	at org.apache.coyote.http11.Http11Processor.process(Http11Processor.java:269)
	at org.apache.coyote.AbstractProtocol$AbstractConnectionHandler.process(AbstractProtocol.java:515)
	at org.apache.tomcat.util.net.JIoEndpoint$SocketProcessor.run(JIoEndpoint.java:302)
	at java.util.concurrent.ThreadPoolExecutor.runWorker(ThreadPoolExecutor.java:1145)
	at java.util.concurrent.ThreadPoolExecutor$Worker.run(ThreadPoolExecutor.java:615)
	at java.lang.Thread.run(Thread.java:722)
Caused by: org.eclipse.birt.data.engine.core.DataException: exception.error
Error happens when create hierarchy:EmpGroup.NewTabularHierarchy.
Column binding "name_34" has referred to a data set column "name_34" which does not exist.
Column binding "name_34" has referred to a data set column "name_34" which does not exist.
	at org.eclipse.birt.report.data.adapter.impl.DataRequestSessionImpl.materializeCube(DataRequestSessionImpl.java:783)
	at org.eclipse.birt.report.data.adapter.impl.DataRequestSessionImpl.execute(DataRequestSessionImpl.java:643)
	... 70 more
Caused by: org.eclipse.birt.report.data.adapter.api.AdapterException: Error happens when create hierarchy:EmpGroup.NewTabularHierarchy.
Column binding "name_34" has referred to a data set column "name_34" which does not exist.
Column binding "name_34" has referred to a data set column "name_34" which does not exist.
	at org.eclipse.birt.report.data.adapter.impl.DataRequestSessionImpl.populateDimension(DataRequestSessionImpl.java:1482)
	at org.eclipse.birt.report.data.adapter.impl.DataRequestSessionImpl.populateDimensions(DataRequestSessionImpl.java:1340)
	at org.eclipse.birt.report.data.adapter.impl.DataRequestSessionImpl.createCube(DataRequestSessionImpl.java:834)
	at org.eclipse.birt.report.data.adapter.impl.DataRequestSessionImpl.materializeCube(DataRequestSessionImpl.java:775)
	... 71 more
Caused by: org.eclipse.birt.report.data.adapter.api.AdapterException: Column binding "name_34" has referred to a data set column "name_34" which does not exist.
Column binding "name_34" has referred to a data set column "name_34" which does not exist.
	at org.eclipse.birt.report.data.adapter.impl.DataSetIterator.executeQuery(DataSetIterator.java:91)
	at org.eclipse.birt.report.data.adapter.impl.DataSetIterator.<init>(DataSetIterator.java:124)
	at org.eclipse.birt.report.data.adapter.impl.DataRequestSessionImpl.populateDimension(DataRequestSessionImpl.java:1467)
	... 74 more
Caused by: org.eclipse.birt.data.engine.core.DataException: Column binding "name_34" has referred to a data set column "name_34" which does not exist.
	at org.eclipse.birt.data.engine.impl.ResultIterator.validateManualBindingExpressions(ResultIterator.java:380)
	at org.eclipse.birt.data.engine.impl.ResultIterator.<init>(ResultIterator.java:148)
	at org.eclipse.birt.data.engine.impl.QueryResults.getResultIterator(QueryResults.java:215)
	at org.eclipse.birt.report.data.adapter.impl.DataSetIterator.executeQuery(DataSetIterator.java:87)
	... 76 more

Jul 10, 2017 4:29:01 PM org.eclipse.birt.report.item.crosstab.core.re.executor.CrosstabReportItemExecutor execute
SEVERE: The cube result for crosstab is invalid(=null).
Jul 10, 2017 4:42:09 PM org.eclipse.birt.report.engine.emitter.excel.layout.Page needOutputInMasterPage
WARNING: Excel page header and footer don't support html text.
Jul 10, 2017 4:45:43 PM org.eclipse.birt.report.engine.emitter.excel.layout.Page needOutputInMasterPage
WARNING: Excel page header and footer don't support html text.
Jul 10, 2017 4:53:12 PM org.eclipse.birt.report.engine.emitter.excel.layout.Page needOutputInMasterPage
WARNING: Excel page header and footer don't support html text.
