Dec 15, 2014 10:28:31 AM org.eclipse.birt.report.engine.api.impl.EngineTask handleFatalExceptions
SEVERE: An error happened while running the report. Cause:
org.mozilla.javascript.EvaluatorException: missing ; before statement (<inline>#2)
	at org.mozilla.javascript.DefaultErrorReporter.runtimeError(DefaultErrorReporter.java:109)
	at org.mozilla.javascript.DefaultErrorReporter.error(DefaultErrorReporter.java:96)
	at org.mozilla.javascript.Parser.addError(Parser.java:146)
	at org.mozilla.javascript.Parser.reportError(Parser.java:160)
	at org.mozilla.javascript.Parser.statementHelper(Parser.java:1266)
	at org.mozilla.javascript.Parser.statement(Parser.java:707)
	at org.mozilla.javascript.Parser.statements(Parser.java:655)
	at org.mozilla.javascript.Parser.statementHelper(Parser.java:1145)
	at org.mozilla.javascript.Parser.statement(Parser.java:707)
	at org.mozilla.javascript.Parser.statementHelper(Parser.java:745)
	at org.mozilla.javascript.Parser.statement(Parser.java:707)
	at org.mozilla.javascript.Parser.parse(Parser.java:401)
	at org.mozilla.javascript.Parser.parse(Parser.java:338)
	at org.mozilla.javascript.Context.compileImpl(Context.java:2368)
	at org.mozilla.javascript.Context.compileString(Context.java:1359)
	at org.mozilla.javascript.Context.compileString(Context.java:1348)
	at org.eclipse.birt.report.engine.javascript.JavascriptEngine$3.run(JavascriptEngine.java:240)
	at org.eclipse.birt.report.engine.javascript.JavascriptEngine$3.run(JavascriptEngine.java:1)
	at java.security.AccessController.doPrivileged(Native Method)
	at org.eclipse.birt.report.engine.javascript.JavascriptEngine.compile(JavascriptEngine.java:236)
	at org.eclipse.birt.report.engine.javascript.JavascriptEngine.compile(JavascriptEngine.java:1)
	at org.eclipse.birt.core.script.ScriptContext.compile(ScriptContext.java:148)
	at org.eclipse.birt.report.engine.executor.ExecutionContext.compile(ExecutionContext.java:773)
	at org.eclipse.birt.report.engine.executor.ExecutionContext.evaluate(ExecutionContext.java:707)
	at org.eclipse.birt.report.engine.executor.ReportItemExecutor.evaluate(ReportItemExecutor.java:284)
	at org.eclipse.birt.report.engine.executor.TextItemExecutor.executeHtmlText(TextItemExecutor.java:115)
	at org.eclipse.birt.report.engine.executor.TextItemExecutor.execute(TextItemExecutor.java:70)
	at org.eclipse.birt.report.engine.internal.executor.wrap.WrappedReportItemExecutor.execute(WrappedReportItemExecutor.java:46)
	at org.eclipse.birt.report.engine.internal.executor.emitter.ReportItemEmitterExecutor.execute(ReportItemEmitterExecutor.java:46)
	at org.eclipse.birt.report.engine.internal.executor.dup.SuppressDuplicateItemExecutor.execute(SuppressDuplicateItemExecutor.java:43)
	at org.eclipse.birt.report.engine.internal.executor.wrap.WrappedReportItemExecutor.execute(WrappedReportItemExecutor.java:46)
	at org.eclipse.birt.report.engine.internal.executor.l18n.LocalizedReportItemExecutor.execute(LocalizedReportItemExecutor.java:34)
	at org.eclipse.birt.report.engine.layout.html.HTMLBlockStackingLM.layoutNodes(HTMLBlockStackingLM.java:65)
	at org.eclipse.birt.report.engine.layout.html.HTMLStackingLM.layoutChildren(HTMLStackingLM.java:26)
	at org.eclipse.birt.report.engine.layout.html.HTMLAbstractLM.layout(HTMLAbstractLM.java:140)
	at org.eclipse.birt.report.engine.layout.html.HTMLInlineStackingLM.resumeLayout(HTMLInlineStackingLM.java:111)
	at org.eclipse.birt.report.engine.layout.html.HTMLInlineStackingLM.layoutNodes(HTMLInlineStackingLM.java:160)
	at org.eclipse.birt.report.engine.layout.html.HTMLStackingLM.layoutChildren(HTMLStackingLM.java:26)
	at org.eclipse.birt.report.engine.layout.html.HTMLAbstractLM.layout(HTMLAbstractLM.java:140)
	at org.eclipse.birt.report.engine.layout.html.HTMLBlockStackingLM.layoutNodes(HTMLBlockStackingLM.java:70)
	at org.eclipse.birt.report.engine.layout.html.HTMLStackingLM.layoutChildren(HTMLStackingLM.java:26)
	at org.eclipse.birt.report.engine.layout.html.HTMLTableBandLM.layoutChildren(HTMLTableBandLM.java:67)
	at org.eclipse.birt.report.engine.layout.html.HTMLAbstractLM.layout(HTMLAbstractLM.java:140)
	at org.eclipse.birt.report.engine.layout.html.HTMLBlockStackingLM.layoutNodes(HTMLBlockStackingLM.java:70)
	at org.eclipse.birt.report.engine.layout.html.HTMLStackingLM.layoutChildren(HTMLStackingLM.java:26)
	at org.eclipse.birt.report.engine.layout.html.HTMLTableLM.layoutChildren(HTMLTableLM.java:132)
	at org.eclipse.birt.report.engine.layout.html.HTMLAbstractLM.layout(HTMLAbstractLM.java:140)
	at org.eclipse.birt.report.engine.layout.html.HTMLBlockStackingLM.layoutNodes(HTMLBlockStackingLM.java:70)
	at org.eclipse.birt.report.engine.layout.html.HTMLPageLM.layout(HTMLPageLM.java:92)
	at org.eclipse.birt.report.engine.layout.html.HTMLReportLayoutEngine.layout(HTMLReportLayoutEngine.java:100)
	at org.eclipse.birt.report.engine.presentation.ReportDocumentBuilder.build(ReportDocumentBuilder.java:249)
	at org.eclipse.birt.report.engine.api.impl.RunTask.doRun(RunTask.java:269)
	at org.eclipse.birt.report.engine.api.impl.RunTask.run(RunTask.java:86)
	at org.eclipse.birt.report.service.ReportEngineService.runReport(ReportEngineService.java:1325)
	at org.eclipse.birt.report.service.BirtViewerReportService.runReport(BirtViewerReportService.java:158)
	at org.eclipse.birt.report.service.actionhandler.BirtRunReportActionHandler.__execute(BirtRunReportActionHandler.java:81)
	at org.eclipse.birt.report.service.actionhandler.BirtChangeParameterActionHandler.runReport(BirtChangeParameterActionHandler.java:58)
	at org.eclipse.birt.report.service.actionhandler.AbstractChangeParameterActionHandler.__execute(AbstractChangeParameterActionHandler.java:53)
	at org.eclipse.birt.report.service.actionhandler.AbstractBaseActionHandler.execute(AbstractBaseActionHandler.java:90)
	at org.eclipse.birt.report.soapengine.processor.AbstractBaseDocumentProcessor.__executeAction(AbstractBaseDocumentProcessor.java:47)
	at org.eclipse.birt.report.soapengine.processor.AbstractBaseComponentProcessor.executeAction(AbstractBaseComponentProcessor.java:143)
	at org.eclipse.birt.report.soapengine.processor.BirtDocumentProcessor.handleChangeParameter(BirtDocumentProcessor.java:100)
	at sun.reflect.NativeMethodAccessorImpl.invoke0(Native Method)
	at sun.reflect.NativeMethodAccessorImpl.invoke(NativeMethodAccessorImpl.java:57)
	at sun.reflect.DelegatingMethodAccessorImpl.invoke(DelegatingMethodAccessorImpl.java:43)
	at java.lang.reflect.Method.invoke(Method.java:601)
	at org.eclipse.birt.report.soapengine.processor.AbstractBaseComponentProcessor.process(AbstractBaseComponentProcessor.java:112)
	at org.eclipse.birt.report.soapengine.endpoint.BirtSoapBindingImpl.getUpdatedObjects(BirtSoapBindingImpl.java:66)
	at sun.reflect.NativeMethodAccessorImpl.invoke0(Native Method)
	at sun.reflect.NativeMethodAccessorImpl.invoke(NativeMethodAccessorImpl.java:57)
	at sun.reflect.DelegatingMethodAccessorImpl.invoke(DelegatingMethodAccessorImpl.java:43)
	at java.lang.reflect.Method.invoke(Method.java:601)
	at org.apache.axis.providers.java.RPCProvider.invokeMethod(RPCProvider.java:397)
	at org.apache.axis.providers.java.RPCProvider.processMessage(RPCProvider.java:186)
	at org.apache.axis.providers.java.JavaProvider.invoke(JavaProvider.java:323)
	at org.apache.axis.strategies.InvocationStrategy.visit(InvocationStrategy.java:32)
	at org.apache.axis.SimpleChain.doVisiting(SimpleChain.java:118)
	at org.apache.axis.SimpleChain.invoke(SimpleChain.java:83)
	at org.apache.axis.handlers.soap.SOAPService.invoke(SOAPService.java:454)
	at org.apache.axis.server.AxisServer.invoke(AxisServer.java:281)
	at org.apache.axis.transport.http.AxisServlet.doPost(AxisServlet.java:699)
	at org.eclipse.birt.report.servlet.BirtSoapMessageDispatcherServlet.doPost(BirtSoapMessageDispatcherServlet.java:265)
	at javax.servlet.http.HttpServlet.service(HttpServlet.java:641)
	at org.apache.axis.transport.http.AxisServletBase.service(AxisServletBase.java:327)
	at javax.servlet.http.HttpServlet.service(HttpServlet.java:722)
	at org.eclipse.birt.report.servlet.BirtSoapMessageDispatcherServlet.service(BirtSoapMessageDispatcherServlet.java:122)
	at org.apache.catalina.core.ApplicationFilterChain.internalDoFilter(ApplicationFilterChain.java:304)
	at org.apache.catalina.core.ApplicationFilterChain.doFilter(ApplicationFilterChain.java:210)
	at org.eclipse.birt.report.filter.ViewerFilter.doFilter(ViewerFilter.java:68)
	at org.apache.catalina.core.ApplicationFilterChain.internalDoFilter(ApplicationFilterChain.java:243)
	at org.apache.catalina.core.ApplicationFilterChain.doFilter(ApplicationFilterChain.java:210)
	at org.apache.catalina.core.StandardWrapperValve.invoke(StandardWrapperValve.java:224)
	at org.apache.catalina.core.StandardContextValve.invoke(StandardContextValve.java:185)
	at org.apache.catalina.authenticator.AuthenticatorBase.invoke(AuthenticatorBase.java:472)
	at org.apache.catalina.core.StandardHostValve.invoke(StandardHostValve.java:151)
	at org.apache.catalina.valves.ErrorReportValve.invoke(ErrorReportValve.java:100)
	at org.apache.catalina.valves.AccessLogValve.invoke(AccessLogValve.java:929)
	at org.apache.catalina.core.StandardEngineValve.invoke(StandardEngineValve.java:118)
	at org.apache.catalina.connector.CoyoteAdapter.service(CoyoteAdapter.java:405)
	at org.apache.coyote.http11.Http11Processor.process(Http11Processor.java:269)
	at org.apache.coyote.AbstractProtocol$AbstractConnectionHandler.process(AbstractProtocol.java:515)
	at org.apache.tomcat.util.net.JIoEndpoint$SocketProcessor.run(JIoEndpoint.java:302)
	at java.util.concurrent.ThreadPoolExecutor.runWorker(ThreadPoolExecutor.java:1145)
	at java.util.concurrent.ThreadPoolExecutor$Worker.run(ThreadPoolExecutor.java:615)
	at java.lang.Thread.run(Thread.java:722)

Dec 15, 2014 10:28:31 AM org.eclipse.birt.data.engine.odaconsumer.ResultSet fetch
SEVERE: Cannot fetch the next data row.
org.eclipse.datatools.connectivity.oda.consumer.helper.OdaHelperException: The established connection to the data source is not active.
	at org.eclipse.datatools.connectivity.oda.consumer.helper.OdaObject.newOdaException(OdaObject.java:548)
	at org.eclipse.datatools.connectivity.oda.consumer.helper.OdaResultSet.next(OdaResultSet.java:172)
	at org.eclipse.birt.data.engine.odaconsumer.ResultSet.fetch(ResultSet.java:138)
	at org.eclipse.birt.data.engine.executor.cache.OdiAdapter.fetch(OdiAdapter.java:214)
	at org.eclipse.birt.data.engine.executor.cache.RowResultSet.fetch(RowResultSet.java:145)
	at org.eclipse.birt.data.engine.executor.cache.RowResultSet.doNext(RowResultSet.java:118)
	at org.eclipse.birt.data.engine.executor.cache.RowResultSet.next(RowResultSet.java:96)
	at org.eclipse.birt.data.engine.executor.transform.SimpleResultSet$RowResultSetWithResultSetScope.fetch(SimpleResultSet.java:945)
	at org.eclipse.birt.data.engine.executor.cache.RowResultSet.doNext(RowResultSet.java:118)
	at org.eclipse.birt.data.engine.executor.cache.RowResultSet.next(RowResultSet.java:96)
	at org.eclipse.birt.data.engine.executor.transform.SimpleResultSet.doNext(SimpleResultSet.java:697)
	at org.eclipse.birt.data.engine.executor.transform.SimpleResultSet.next(SimpleResultSet.java:685)
	at org.eclipse.birt.data.engine.impl.ResultIterator.hasNextRow(ResultIterator.java:590)
	at org.eclipse.birt.data.engine.impl.ResultIterator.nextRow(ResultIterator.java:530)
	at org.eclipse.birt.data.engine.impl.ResultIterator.next(ResultIterator.java:480)
	at org.eclipse.birt.data.engine.impl.ResultIterator.close(ResultIterator.java:996)
	at org.eclipse.birt.data.engine.impl.ResultIterator$1.dataEngineShutdown(ResultIterator.java:220)
	at org.eclipse.birt.data.engine.impl.DataEngineImpl.shutdown(DataEngineImpl.java:574)
	at org.eclipse.birt.report.data.adapter.impl.DataRequestSessionImpl.shutdown(DataRequestSessionImpl.java:527)
	at org.eclipse.birt.report.engine.data.dte.AbstractDataEngine.shutdown(AbstractDataEngine.java:350)
	at org.eclipse.birt.report.engine.data.dte.DataGenerationEngine.shutdown(DataGenerationEngine.java:154)
	at org.eclipse.birt.report.engine.executor.ExecutionContext.close(ExecutionContext.java:485)
	at org.eclipse.birt.report.engine.api.impl.EngineTask.close(EngineTask.java:1683)
	at org.eclipse.birt.report.engine.api.impl.RunTask.close(RunTask.java:333)
	at org.eclipse.birt.report.service.ReportEngineService.runReport(ReportEngineService.java:1346)
	at org.eclipse.birt.report.service.BirtViewerReportService.runReport(BirtViewerReportService.java:158)
	at org.eclipse.birt.report.service.actionhandler.BirtRunReportActionHandler.__execute(BirtRunReportActionHandler.java:81)
	at org.eclipse.birt.report.service.actionhandler.BirtChangeParameterActionHandler.runReport(BirtChangeParameterActionHandler.java:58)
	at org.eclipse.birt.report.service.actionhandler.AbstractChangeParameterActionHandler.__execute(AbstractChangeParameterActionHandler.java:53)
	at org.eclipse.birt.report.service.actionhandler.AbstractBaseActionHandler.execute(AbstractBaseActionHandler.java:90)
	at org.eclipse.birt.report.soapengine.processor.AbstractBaseDocumentProcessor.__executeAction(AbstractBaseDocumentProcessor.java:47)
	at org.eclipse.birt.report.soapengine.processor.AbstractBaseComponentProcessor.executeAction(AbstractBaseComponentProcessor.java:143)
	at org.eclipse.birt.report.soapengine.processor.BirtDocumentProcessor.handleChangeParameter(BirtDocumentProcessor.java:100)
	at sun.reflect.NativeMethodAccessorImpl.invoke0(Native Method)
	at sun.reflect.NativeMethodAccessorImpl.invoke(NativeMethodAccessorImpl.java:57)
	at sun.reflect.DelegatingMethodAccessorImpl.invoke(DelegatingMethodAccessorImpl.java:43)
	at java.lang.reflect.Method.invoke(Method.java:601)
	at org.eclipse.birt.report.soapengine.processor.AbstractBaseComponentProcessor.process(AbstractBaseComponentProcessor.java:112)
	at org.eclipse.birt.report.soapengine.endpoint.BirtSoapBindingImpl.getUpdatedObjects(BirtSoapBindingImpl.java:66)
	at sun.reflect.NativeMethodAccessorImpl.invoke0(Native Method)
	at sun.reflect.NativeMethodAccessorImpl.invoke(NativeMethodAccessorImpl.java:57)
	at sun.reflect.DelegatingMethodAccessorImpl.invoke(DelegatingMethodAccessorImpl.java:43)
	at java.lang.reflect.Method.invoke(Method.java:601)
	at org.apache.axis.providers.java.RPCProvider.invokeMethod(RPCProvider.java:397)
	at org.apache.axis.providers.java.RPCProvider.processMessage(RPCProvider.java:186)
	at org.apache.axis.providers.java.JavaProvider.invoke(JavaProvider.java:323)
	at org.apache.axis.strategies.InvocationStrategy.visit(InvocationStrategy.java:32)
	at org.apache.axis.SimpleChain.doVisiting(SimpleChain.java:118)
	at org.apache.axis.SimpleChain.invoke(SimpleChain.java:83)
	at org.apache.axis.handlers.soap.SOAPService.invoke(SOAPService.java:454)
	at org.apache.axis.server.AxisServer.invoke(AxisServer.java:281)
	at org.apache.axis.transport.http.AxisServlet.doPost(AxisServlet.java:699)
	at org.eclipse.birt.report.servlet.BirtSoapMessageDispatcherServlet.doPost(BirtSoapMessageDispatcherServlet.java:265)
	at javax.servlet.http.HttpServlet.service(HttpServlet.java:641)
	at org.apache.axis.transport.http.AxisServletBase.service(AxisServletBase.java:327)
	at javax.servlet.http.HttpServlet.service(HttpServlet.java:722)
	at org.eclipse.birt.report.servlet.BirtSoapMessageDispatcherServlet.service(BirtSoapMessageDispatcherServlet.java:122)
	at org.apache.catalina.core.ApplicationFilterChain.internalDoFilter(ApplicationFilterChain.java:304)
	at org.apache.catalina.core.ApplicationFilterChain.doFilter(ApplicationFilterChain.java:210)
	at org.eclipse.birt.report.filter.ViewerFilter.doFilter(ViewerFilter.java:68)
	at org.apache.catalina.core.ApplicationFilterChain.internalDoFilter(ApplicationFilterChain.java:243)
	at org.apache.catalina.core.ApplicationFilterChain.doFilter(ApplicationFilterChain.java:210)
	at org.apache.catalina.core.StandardWrapperValve.invoke(StandardWrapperValve.java:224)
	at org.apache.catalina.core.StandardContextValve.invoke(StandardContextValve.java:185)
	at org.apache.catalina.authenticator.AuthenticatorBase.invoke(AuthenticatorBase.java:472)
	at org.apache.catalina.core.StandardHostValve.invoke(StandardHostValve.java:151)
	at org.apache.catalina.valves.ErrorReportValve.invoke(ErrorReportValve.java:100)
	at org.apache.catalina.valves.AccessLogValve.invoke(AccessLogValve.java:929)
	at org.apache.catalina.core.StandardEngineValve.invoke(StandardEngineValve.java:118)
	at org.apache.catalina.connector.CoyoteAdapter.service(CoyoteAdapter.java:405)
	at org.apache.coyote.http11.Http11Processor.process(Http11Processor.java:269)
	at org.apache.coyote.AbstractProtocol$AbstractConnectionHandler.process(AbstractProtocol.java:515)
	at org.apache.tomcat.util.net.JIoEndpoint$SocketProcessor.run(JIoEndpoint.java:302)
	at java.util.concurrent.ThreadPoolExecutor.runWorker(ThreadPoolExecutor.java:1145)
	at java.util.concurrent.ThreadPoolExecutor$Worker.run(ThreadPoolExecutor.java:615)
	at java.lang.Thread.run(Thread.java:722)

Dec 15, 2014 10:29:17 AM org.eclipse.birt.report.engine.api.impl.EngineTask handleFatalExceptions
SEVERE: An error happened while running the report. Cause:
org.mozilla.javascript.EvaluatorException: missing ; before statement (<inline>#2)
	at org.mozilla.javascript.DefaultErrorReporter.runtimeError(DefaultErrorReporter.java:109)
	at org.mozilla.javascript.DefaultErrorReporter.error(DefaultErrorReporter.java:96)
	at org.mozilla.javascript.Parser.addError(Parser.java:146)
	at org.mozilla.javascript.Parser.reportError(Parser.java:160)
	at org.mozilla.javascript.Parser.statementHelper(Parser.java:1266)
	at org.mozilla.javascript.Parser.statement(Parser.java:707)
	at org.mozilla.javascript.Parser.statements(Parser.java:655)
	at org.mozilla.javascript.Parser.statementHelper(Parser.java:1145)
	at org.mozilla.javascript.Parser.statement(Parser.java:707)
	at org.mozilla.javascript.Parser.statementHelper(Parser.java:745)
	at org.mozilla.javascript.Parser.statement(Parser.java:707)
	at org.mozilla.javascript.Parser.parse(Parser.java:401)
	at org.mozilla.javascript.Parser.parse(Parser.java:338)
	at org.mozilla.javascript.Context.compileImpl(Context.java:2368)
	at org.mozilla.javascript.Context.compileString(Context.java:1359)
	at org.mozilla.javascript.Context.compileString(Context.java:1348)
	at org.eclipse.birt.report.engine.javascript.JavascriptEngine$3.run(JavascriptEngine.java:240)
	at org.eclipse.birt.report.engine.javascript.JavascriptEngine$3.run(JavascriptEngine.java:1)
	at java.security.AccessController.doPrivileged(Native Method)
	at org.eclipse.birt.report.engine.javascript.JavascriptEngine.compile(JavascriptEngine.java:236)
	at org.eclipse.birt.report.engine.javascript.JavascriptEngine.compile(JavascriptEngine.java:1)
	at org.eclipse.birt.core.script.ScriptContext.compile(ScriptContext.java:148)
	at org.eclipse.birt.report.engine.executor.ExecutionContext.compile(ExecutionContext.java:773)
	at org.eclipse.birt.report.engine.executor.ExecutionContext.evaluate(ExecutionContext.java:707)
	at org.eclipse.birt.report.engine.executor.ReportItemExecutor.evaluate(ReportItemExecutor.java:284)
	at org.eclipse.birt.report.engine.executor.TextItemExecutor.executeHtmlText(TextItemExecutor.java:115)
	at org.eclipse.birt.report.engine.executor.TextItemExecutor.execute(TextItemExecutor.java:70)
	at org.eclipse.birt.report.engine.internal.executor.wrap.WrappedReportItemExecutor.execute(WrappedReportItemExecutor.java:46)
	at org.eclipse.birt.report.engine.internal.executor.emitter.ReportItemEmitterExecutor.execute(ReportItemEmitterExecutor.java:46)
	at org.eclipse.birt.report.engine.internal.executor.dup.SuppressDuplicateItemExecutor.execute(SuppressDuplicateItemExecutor.java:43)
	at org.eclipse.birt.report.engine.internal.executor.wrap.WrappedReportItemExecutor.execute(WrappedReportItemExecutor.java:46)
	at org.eclipse.birt.report.engine.internal.executor.l18n.LocalizedReportItemExecutor.execute(LocalizedReportItemExecutor.java:34)
	at org.eclipse.birt.report.engine.layout.html.HTMLBlockStackingLM.layoutNodes(HTMLBlockStackingLM.java:65)
	at org.eclipse.birt.report.engine.layout.html.HTMLStackingLM.layoutChildren(HTMLStackingLM.java:26)
	at org.eclipse.birt.report.engine.layout.html.HTMLAbstractLM.layout(HTMLAbstractLM.java:140)
	at org.eclipse.birt.report.engine.layout.html.HTMLInlineStackingLM.resumeLayout(HTMLInlineStackingLM.java:111)
	at org.eclipse.birt.report.engine.layout.html.HTMLInlineStackingLM.layoutNodes(HTMLInlineStackingLM.java:160)
	at org.eclipse.birt.report.engine.layout.html.HTMLStackingLM.layoutChildren(HTMLStackingLM.java:26)
	at org.eclipse.birt.report.engine.layout.html.HTMLAbstractLM.layout(HTMLAbstractLM.java:140)
	at org.eclipse.birt.report.engine.layout.html.HTMLBlockStackingLM.layoutNodes(HTMLBlockStackingLM.java:70)
	at org.eclipse.birt.report.engine.layout.html.HTMLStackingLM.layoutChildren(HTMLStackingLM.java:26)
	at org.eclipse.birt.report.engine.layout.html.HTMLTableBandLM.layoutChildren(HTMLTableBandLM.java:67)
	at org.eclipse.birt.report.engine.layout.html.HTMLAbstractLM.layout(HTMLAbstractLM.java:140)
	at org.eclipse.birt.report.engine.layout.html.HTMLBlockStackingLM.layoutNodes(HTMLBlockStackingLM.java:70)
	at org.eclipse.birt.report.engine.layout.html.HTMLStackingLM.layoutChildren(HTMLStackingLM.java:26)
	at org.eclipse.birt.report.engine.layout.html.HTMLTableLM.layoutChildren(HTMLTableLM.java:132)
	at org.eclipse.birt.report.engine.layout.html.HTMLAbstractLM.layout(HTMLAbstractLM.java:140)
	at org.eclipse.birt.report.engine.layout.html.HTMLBlockStackingLM.layoutNodes(HTMLBlockStackingLM.java:70)
	at org.eclipse.birt.report.engine.layout.html.HTMLPageLM.layout(HTMLPageLM.java:92)
	at org.eclipse.birt.report.engine.layout.html.HTMLReportLayoutEngine.layout(HTMLReportLayoutEngine.java:100)
	at org.eclipse.birt.report.engine.presentation.ReportDocumentBuilder.build(ReportDocumentBuilder.java:249)
	at org.eclipse.birt.report.engine.api.impl.RunTask.doRun(RunTask.java:269)
	at org.eclipse.birt.report.engine.api.impl.RunTask.run(RunTask.java:86)
	at org.eclipse.birt.report.service.ReportEngineService.runReport(ReportEngineService.java:1325)
	at org.eclipse.birt.report.service.BirtViewerReportService.runReport(BirtViewerReportService.java:158)
	at org.eclipse.birt.report.service.actionhandler.BirtRunReportActionHandler.__execute(BirtRunReportActionHandler.java:81)
	at org.eclipse.birt.report.service.actionhandler.BirtChangeParameterActionHandler.runReport(BirtChangeParameterActionHandler.java:58)
	at org.eclipse.birt.report.service.actionhandler.AbstractChangeParameterActionHandler.__execute(AbstractChangeParameterActionHandler.java:53)
	at org.eclipse.birt.report.service.actionhandler.AbstractBaseActionHandler.execute(AbstractBaseActionHandler.java:90)
	at org.eclipse.birt.report.soapengine.processor.AbstractBaseDocumentProcessor.__executeAction(AbstractBaseDocumentProcessor.java:47)
	at org.eclipse.birt.report.soapengine.processor.AbstractBaseComponentProcessor.executeAction(AbstractBaseComponentProcessor.java:143)
	at org.eclipse.birt.report.soapengine.processor.BirtDocumentProcessor.handleChangeParameter(BirtDocumentProcessor.java:100)
	at sun.reflect.NativeMethodAccessorImpl.invoke0(Native Method)
	at sun.reflect.NativeMethodAccessorImpl.invoke(NativeMethodAccessorImpl.java:57)
	at sun.reflect.DelegatingMethodAccessorImpl.invoke(DelegatingMethodAccessorImpl.java:43)
	at java.lang.reflect.Method.invoke(Method.java:601)
	at org.eclipse.birt.report.soapengine.processor.AbstractBaseComponentProcessor.process(AbstractBaseComponentProcessor.java:112)
	at org.eclipse.birt.report.soapengine.endpoint.BirtSoapBindingImpl.getUpdatedObjects(BirtSoapBindingImpl.java:66)
	at sun.reflect.NativeMethodAccessorImpl.invoke0(Native Method)
	at sun.reflect.NativeMethodAccessorImpl.invoke(NativeMethodAccessorImpl.java:57)
	at sun.reflect.DelegatingMethodAccessorImpl.invoke(DelegatingMethodAccessorImpl.java:43)
	at java.lang.reflect.Method.invoke(Method.java:601)
	at org.apache.axis.providers.java.RPCProvider.invokeMethod(RPCProvider.java:397)
	at org.apache.axis.providers.java.RPCProvider.processMessage(RPCProvider.java:186)
	at org.apache.axis.providers.java.JavaProvider.invoke(JavaProvider.java:323)
	at org.apache.axis.strategies.InvocationStrategy.visit(InvocationStrategy.java:32)
	at org.apache.axis.SimpleChain.doVisiting(SimpleChain.java:118)
	at org.apache.axis.SimpleChain.invoke(SimpleChain.java:83)
	at org.apache.axis.handlers.soap.SOAPService.invoke(SOAPService.java:454)
	at org.apache.axis.server.AxisServer.invoke(AxisServer.java:281)
	at org.apache.axis.transport.http.AxisServlet.doPost(AxisServlet.java:699)
	at org.eclipse.birt.report.servlet.BirtSoapMessageDispatcherServlet.doPost(BirtSoapMessageDispatcherServlet.java:265)
	at javax.servlet.http.HttpServlet.service(HttpServlet.java:641)
	at org.apache.axis.transport.http.AxisServletBase.service(AxisServletBase.java:327)
	at javax.servlet.http.HttpServlet.service(HttpServlet.java:722)
	at org.eclipse.birt.report.servlet.BirtSoapMessageDispatcherServlet.service(BirtSoapMessageDispatcherServlet.java:122)
	at org.apache.catalina.core.ApplicationFilterChain.internalDoFilter(ApplicationFilterChain.java:304)
	at org.apache.catalina.core.ApplicationFilterChain.doFilter(ApplicationFilterChain.java:210)
	at org.eclipse.birt.report.filter.ViewerFilter.doFilter(ViewerFilter.java:68)
	at org.apache.catalina.core.ApplicationFilterChain.internalDoFilter(ApplicationFilterChain.java:243)
	at org.apache.catalina.core.ApplicationFilterChain.doFilter(ApplicationFilterChain.java:210)
	at org.apache.catalina.core.StandardWrapperValve.invoke(StandardWrapperValve.java:224)
	at org.apache.catalina.core.StandardContextValve.invoke(StandardContextValve.java:185)
	at org.apache.catalina.authenticator.AuthenticatorBase.invoke(AuthenticatorBase.java:472)
	at org.apache.catalina.core.StandardHostValve.invoke(StandardHostValve.java:151)
	at org.apache.catalina.valves.ErrorReportValve.invoke(ErrorReportValve.java:100)
	at org.apache.catalina.valves.AccessLogValve.invoke(AccessLogValve.java:929)
	at org.apache.catalina.core.StandardEngineValve.invoke(StandardEngineValve.java:118)
	at org.apache.catalina.connector.CoyoteAdapter.service(CoyoteAdapter.java:405)
	at org.apache.coyote.http11.Http11Processor.process(Http11Processor.java:269)
	at org.apache.coyote.AbstractProtocol$AbstractConnectionHandler.process(AbstractProtocol.java:515)
	at org.apache.tomcat.util.net.JIoEndpoint$SocketProcessor.run(JIoEndpoint.java:302)
	at java.util.concurrent.ThreadPoolExecutor.runWorker(ThreadPoolExecutor.java:1145)
	at java.util.concurrent.ThreadPoolExecutor$Worker.run(ThreadPoolExecutor.java:615)
	at java.lang.Thread.run(Thread.java:722)

Dec 15, 2014 10:29:17 AM org.eclipse.birt.data.engine.odaconsumer.ResultSet fetch
SEVERE: Cannot fetch the next data row.
org.eclipse.datatools.connectivity.oda.consumer.helper.OdaHelperException: The established connection to the data source is not active.
	at org.eclipse.datatools.connectivity.oda.consumer.helper.OdaObject.newOdaException(OdaObject.java:548)
	at org.eclipse.datatools.connectivity.oda.consumer.helper.OdaResultSet.next(OdaResultSet.java:172)
	at org.eclipse.birt.data.engine.odaconsumer.ResultSet.fetch(ResultSet.java:138)
	at org.eclipse.birt.data.engine.executor.cache.OdiAdapter.fetch(OdiAdapter.java:214)
	at org.eclipse.birt.data.engine.executor.cache.RowResultSet.fetch(RowResultSet.java:145)
	at org.eclipse.birt.data.engine.executor.cache.RowResultSet.doNext(RowResultSet.java:118)
	at org.eclipse.birt.data.engine.executor.cache.RowResultSet.next(RowResultSet.java:96)
	at org.eclipse.birt.data.engine.executor.transform.SimpleResultSet$RowResultSetWithResultSetScope.fetch(SimpleResultSet.java:945)
	at org.eclipse.birt.data.engine.executor.cache.RowResultSet.doNext(RowResultSet.java:118)
	at org.eclipse.birt.data.engine.executor.cache.RowResultSet.next(RowResultSet.java:96)
	at org.eclipse.birt.data.engine.executor.transform.SimpleResultSet.doNext(SimpleResultSet.java:697)
	at org.eclipse.birt.data.engine.executor.transform.SimpleResultSet.next(SimpleResultSet.java:685)
	at org.eclipse.birt.data.engine.impl.ResultIterator.hasNextRow(ResultIterator.java:590)
	at org.eclipse.birt.data.engine.impl.ResultIterator.nextRow(ResultIterator.java:530)
	at org.eclipse.birt.data.engine.impl.ResultIterator.next(ResultIterator.java:480)
	at org.eclipse.birt.data.engine.impl.ResultIterator.close(ResultIterator.java:996)
	at org.eclipse.birt.data.engine.impl.ResultIterator$1.dataEngineShutdown(ResultIterator.java:220)
	at org.eclipse.birt.data.engine.impl.DataEngineImpl.shutdown(DataEngineImpl.java:574)
	at org.eclipse.birt.report.data.adapter.impl.DataRequestSessionImpl.shutdown(DataRequestSessionImpl.java:527)
	at org.eclipse.birt.report.engine.data.dte.AbstractDataEngine.shutdown(AbstractDataEngine.java:350)
	at org.eclipse.birt.report.engine.data.dte.DataGenerationEngine.shutdown(DataGenerationEngine.java:154)
	at org.eclipse.birt.report.engine.executor.ExecutionContext.close(ExecutionContext.java:485)
	at org.eclipse.birt.report.engine.api.impl.EngineTask.close(EngineTask.java:1683)
	at org.eclipse.birt.report.engine.api.impl.RunTask.close(RunTask.java:333)
	at org.eclipse.birt.report.service.ReportEngineService.runReport(ReportEngineService.java:1346)
	at org.eclipse.birt.report.service.BirtViewerReportService.runReport(BirtViewerReportService.java:158)
	at org.eclipse.birt.report.service.actionhandler.BirtRunReportActionHandler.__execute(BirtRunReportActionHandler.java:81)
	at org.eclipse.birt.report.service.actionhandler.BirtChangeParameterActionHandler.runReport(BirtChangeParameterActionHandler.java:58)
	at org.eclipse.birt.report.service.actionhandler.AbstractChangeParameterActionHandler.__execute(AbstractChangeParameterActionHandler.java:53)
	at org.eclipse.birt.report.service.actionhandler.AbstractBaseActionHandler.execute(AbstractBaseActionHandler.java:90)
	at org.eclipse.birt.report.soapengine.processor.AbstractBaseDocumentProcessor.__executeAction(AbstractBaseDocumentProcessor.java:47)
	at org.eclipse.birt.report.soapengine.processor.AbstractBaseComponentProcessor.executeAction(AbstractBaseComponentProcessor.java:143)
	at org.eclipse.birt.report.soapengine.processor.BirtDocumentProcessor.handleChangeParameter(BirtDocumentProcessor.java:100)
	at sun.reflect.NativeMethodAccessorImpl.invoke0(Native Method)
	at sun.reflect.NativeMethodAccessorImpl.invoke(NativeMethodAccessorImpl.java:57)
	at sun.reflect.DelegatingMethodAccessorImpl.invoke(DelegatingMethodAccessorImpl.java:43)
	at java.lang.reflect.Method.invoke(Method.java:601)
	at org.eclipse.birt.report.soapengine.processor.AbstractBaseComponentProcessor.process(AbstractBaseComponentProcessor.java:112)
	at org.eclipse.birt.report.soapengine.endpoint.BirtSoapBindingImpl.getUpdatedObjects(BirtSoapBindingImpl.java:66)
	at sun.reflect.NativeMethodAccessorImpl.invoke0(Native Method)
	at sun.reflect.NativeMethodAccessorImpl.invoke(NativeMethodAccessorImpl.java:57)
	at sun.reflect.DelegatingMethodAccessorImpl.invoke(DelegatingMethodAccessorImpl.java:43)
	at java.lang.reflect.Method.invoke(Method.java:601)
	at org.apache.axis.providers.java.RPCProvider.invokeMethod(RPCProvider.java:397)
	at org.apache.axis.providers.java.RPCProvider.processMessage(RPCProvider.java:186)
	at org.apache.axis.providers.java.JavaProvider.invoke(JavaProvider.java:323)
	at org.apache.axis.strategies.InvocationStrategy.visit(InvocationStrategy.java:32)
	at org.apache.axis.SimpleChain.doVisiting(SimpleChain.java:118)
	at org.apache.axis.SimpleChain.invoke(SimpleChain.java:83)
	at org.apache.axis.handlers.soap.SOAPService.invoke(SOAPService.java:454)
	at org.apache.axis.server.AxisServer.invoke(AxisServer.java:281)
	at org.apache.axis.transport.http.AxisServlet.doPost(AxisServlet.java:699)
	at org.eclipse.birt.report.servlet.BirtSoapMessageDispatcherServlet.doPost(BirtSoapMessageDispatcherServlet.java:265)
	at javax.servlet.http.HttpServlet.service(HttpServlet.java:641)
	at org.apache.axis.transport.http.AxisServletBase.service(AxisServletBase.java:327)
	at javax.servlet.http.HttpServlet.service(HttpServlet.java:722)
	at org.eclipse.birt.report.servlet.BirtSoapMessageDispatcherServlet.service(BirtSoapMessageDispatcherServlet.java:122)
	at org.apache.catalina.core.ApplicationFilterChain.internalDoFilter(ApplicationFilterChain.java:304)
	at org.apache.catalina.core.ApplicationFilterChain.doFilter(ApplicationFilterChain.java:210)
	at org.eclipse.birt.report.filter.ViewerFilter.doFilter(ViewerFilter.java:68)
	at org.apache.catalina.core.ApplicationFilterChain.internalDoFilter(ApplicationFilterChain.java:243)
	at org.apache.catalina.core.ApplicationFilterChain.doFilter(ApplicationFilterChain.java:210)
	at org.apache.catalina.core.StandardWrapperValve.invoke(StandardWrapperValve.java:224)
	at org.apache.catalina.core.StandardContextValve.invoke(StandardContextValve.java:185)
	at org.apache.catalina.authenticator.AuthenticatorBase.invoke(AuthenticatorBase.java:472)
	at org.apache.catalina.core.StandardHostValve.invoke(StandardHostValve.java:151)
	at org.apache.catalina.valves.ErrorReportValve.invoke(ErrorReportValve.java:100)
	at org.apache.catalina.valves.AccessLogValve.invoke(AccessLogValve.java:929)
	at org.apache.catalina.core.StandardEngineValve.invoke(StandardEngineValve.java:118)
	at org.apache.catalina.connector.CoyoteAdapter.service(CoyoteAdapter.java:405)
	at org.apache.coyote.http11.Http11Processor.process(Http11Processor.java:269)
	at org.apache.coyote.AbstractProtocol$AbstractConnectionHandler.process(AbstractProtocol.java:515)
	at org.apache.tomcat.util.net.JIoEndpoint$SocketProcessor.run(JIoEndpoint.java:302)
	at java.util.concurrent.ThreadPoolExecutor.runWorker(ThreadPoolExecutor.java:1145)
	at java.util.concurrent.ThreadPoolExecutor$Worker.run(ThreadPoolExecutor.java:615)
	at java.lang.Thread.run(Thread.java:722)

Dec 15, 2014 10:30:31 AM org.eclipse.birt.report.engine.api.impl.EngineTask handleFatalExceptions
SEVERE: An error happened while running the report. Cause:
org.mozilla.javascript.EvaluatorException: unterminated string literal (<inline>#2)
	at org.mozilla.javascript.DefaultErrorReporter.runtimeError(DefaultErrorReporter.java:109)
	at org.mozilla.javascript.DefaultErrorReporter.error(DefaultErrorReporter.java:96)
	at org.mozilla.javascript.Parser.addError(Parser.java:146)
	at org.mozilla.javascript.TokenStream.getToken(TokenStream.java:532)
	at org.mozilla.javascript.Parser.peekToken(Parser.java:175)
	at org.mozilla.javascript.Parser.statements(Parser.java:654)
	at org.mozilla.javascript.Parser.statementHelper(Parser.java:1145)
	at org.mozilla.javascript.Parser.statement(Parser.java:707)
	at org.mozilla.javascript.Parser.statementHelper(Parser.java:745)
	at org.mozilla.javascript.Parser.statement(Parser.java:707)
	at org.mozilla.javascript.Parser.parse(Parser.java:401)
	at org.mozilla.javascript.Parser.parse(Parser.java:338)
	at org.mozilla.javascript.Context.compileImpl(Context.java:2368)
	at org.mozilla.javascript.Context.compileString(Context.java:1359)
	at org.mozilla.javascript.Context.compileString(Context.java:1348)
	at org.eclipse.birt.report.engine.javascript.JavascriptEngine$3.run(JavascriptEngine.java:240)
	at org.eclipse.birt.report.engine.javascript.JavascriptEngine$3.run(JavascriptEngine.java:1)
	at java.security.AccessController.doPrivileged(Native Method)
	at org.eclipse.birt.report.engine.javascript.JavascriptEngine.compile(JavascriptEngine.java:236)
	at org.eclipse.birt.report.engine.javascript.JavascriptEngine.compile(JavascriptEngine.java:1)
	at org.eclipse.birt.core.script.ScriptContext.compile(ScriptContext.java:148)
	at org.eclipse.birt.report.engine.executor.ExecutionContext.compile(ExecutionContext.java:773)
	at org.eclipse.birt.report.engine.executor.ExecutionContext.evaluate(ExecutionContext.java:707)
	at org.eclipse.birt.report.engine.executor.ReportItemExecutor.evaluate(ReportItemExecutor.java:284)
	at org.eclipse.birt.report.engine.executor.TextItemExecutor.executeHtmlText(TextItemExecutor.java:115)
	at org.eclipse.birt.report.engine.executor.TextItemExecutor.execute(TextItemExecutor.java:70)
	at org.eclipse.birt.report.engine.internal.executor.wrap.WrappedReportItemExecutor.execute(WrappedReportItemExecutor.java:46)
	at org.eclipse.birt.report.engine.internal.executor.emitter.ReportItemEmitterExecutor.execute(ReportItemEmitterExecutor.java:46)
	at org.eclipse.birt.report.engine.internal.executor.dup.SuppressDuplicateItemExecutor.execute(SuppressDuplicateItemExecutor.java:43)
	at org.eclipse.birt.report.engine.internal.executor.wrap.WrappedReportItemExecutor.execute(WrappedReportItemExecutor.java:46)
	at org.eclipse.birt.report.engine.internal.executor.l18n.LocalizedReportItemExecutor.execute(LocalizedReportItemExecutor.java:34)
	at org.eclipse.birt.report.engine.layout.html.HTMLBlockStackingLM.layoutNodes(HTMLBlockStackingLM.java:65)
	at org.eclipse.birt.report.engine.layout.html.HTMLStackingLM.layoutChildren(HTMLStackingLM.java:26)
	at org.eclipse.birt.report.engine.layout.html.HTMLAbstractLM.layout(HTMLAbstractLM.java:140)
	at org.eclipse.birt.report.engine.layout.html.HTMLInlineStackingLM.resumeLayout(HTMLInlineStackingLM.java:111)
	at org.eclipse.birt.report.engine.layout.html.HTMLInlineStackingLM.layoutNodes(HTMLInlineStackingLM.java:160)
	at org.eclipse.birt.report.engine.layout.html.HTMLStackingLM.layoutChildren(HTMLStackingLM.java:26)
	at org.eclipse.birt.report.engine.layout.html.HTMLAbstractLM.layout(HTMLAbstractLM.java:140)
	at org.eclipse.birt.report.engine.layout.html.HTMLBlockStackingLM.layoutNodes(HTMLBlockStackingLM.java:70)
	at org.eclipse.birt.report.engine.layout.html.HTMLStackingLM.layoutChildren(HTMLStackingLM.java:26)
	at org.eclipse.birt.report.engine.layout.html.HTMLTableBandLM.layoutChildren(HTMLTableBandLM.java:67)
	at org.eclipse.birt.report.engine.layout.html.HTMLAbstractLM.layout(HTMLAbstractLM.java:140)
	at org.eclipse.birt.report.engine.layout.html.HTMLBlockStackingLM.layoutNodes(HTMLBlockStackingLM.java:70)
	at org.eclipse.birt.report.engine.layout.html.HTMLStackingLM.layoutChildren(HTMLStackingLM.java:26)
	at org.eclipse.birt.report.engine.layout.html.HTMLTableLM.layoutChildren(HTMLTableLM.java:132)
	at org.eclipse.birt.report.engine.layout.html.HTMLAbstractLM.layout(HTMLAbstractLM.java:140)
	at org.eclipse.birt.report.engine.layout.html.HTMLBlockStackingLM.layoutNodes(HTMLBlockStackingLM.java:70)
	at org.eclipse.birt.report.engine.layout.html.HTMLPageLM.layout(HTMLPageLM.java:92)
	at org.eclipse.birt.report.engine.layout.html.HTMLReportLayoutEngine.layout(HTMLReportLayoutEngine.java:100)
	at org.eclipse.birt.report.engine.presentation.ReportDocumentBuilder.build(ReportDocumentBuilder.java:249)
	at org.eclipse.birt.report.engine.api.impl.RunTask.doRun(RunTask.java:269)
	at org.eclipse.birt.report.engine.api.impl.RunTask.run(RunTask.java:86)
	at org.eclipse.birt.report.service.ReportEngineService.runReport(ReportEngineService.java:1325)
	at org.eclipse.birt.report.service.BirtViewerReportService.runReport(BirtViewerReportService.java:158)
	at org.eclipse.birt.report.service.actionhandler.BirtRunReportActionHandler.__execute(BirtRunReportActionHandler.java:81)
	at org.eclipse.birt.report.service.actionhandler.BirtChangeParameterActionHandler.runReport(BirtChangeParameterActionHandler.java:58)
	at org.eclipse.birt.report.service.actionhandler.AbstractChangeParameterActionHandler.__execute(AbstractChangeParameterActionHandler.java:53)
	at org.eclipse.birt.report.service.actionhandler.AbstractBaseActionHandler.execute(AbstractBaseActionHandler.java:90)
	at org.eclipse.birt.report.soapengine.processor.AbstractBaseDocumentProcessor.__executeAction(AbstractBaseDocumentProcessor.java:47)
	at org.eclipse.birt.report.soapengine.processor.AbstractBaseComponentProcessor.executeAction(AbstractBaseComponentProcessor.java:143)
	at org.eclipse.birt.report.soapengine.processor.BirtDocumentProcessor.handleChangeParameter(BirtDocumentProcessor.java:100)
	at sun.reflect.NativeMethodAccessorImpl.invoke0(Native Method)
	at sun.reflect.NativeMethodAccessorImpl.invoke(NativeMethodAccessorImpl.java:57)
	at sun.reflect.DelegatingMethodAccessorImpl.invoke(DelegatingMethodAccessorImpl.java:43)
	at java.lang.reflect.Method.invoke(Method.java:601)
	at org.eclipse.birt.report.soapengine.processor.AbstractBaseComponentProcessor.process(AbstractBaseComponentProcessor.java:112)
	at org.eclipse.birt.report.soapengine.endpoint.BirtSoapBindingImpl.getUpdatedObjects(BirtSoapBindingImpl.java:66)
	at sun.reflect.NativeMethodAccessorImpl.invoke0(Native Method)
	at sun.reflect.NativeMethodAccessorImpl.invoke(NativeMethodAccessorImpl.java:57)
	at sun.reflect.DelegatingMethodAccessorImpl.invoke(DelegatingMethodAccessorImpl.java:43)
	at java.lang.reflect.Method.invoke(Method.java:601)
	at org.apache.axis.providers.java.RPCProvider.invokeMethod(RPCProvider.java:397)
	at org.apache.axis.providers.java.RPCProvider.processMessage(RPCProvider.java:186)
	at org.apache.axis.providers.java.JavaProvider.invoke(JavaProvider.java:323)
	at org.apache.axis.strategies.InvocationStrategy.visit(InvocationStrategy.java:32)
	at org.apache.axis.SimpleChain.doVisiting(SimpleChain.java:118)
	at org.apache.axis.SimpleChain.invoke(SimpleChain.java:83)
	at org.apache.axis.handlers.soap.SOAPService.invoke(SOAPService.java:454)
	at org.apache.axis.server.AxisServer.invoke(AxisServer.java:281)
	at org.apache.axis.transport.http.AxisServlet.doPost(AxisServlet.java:699)
	at org.eclipse.birt.report.servlet.BirtSoapMessageDispatcherServlet.doPost(BirtSoapMessageDispatcherServlet.java:265)
	at javax.servlet.http.HttpServlet.service(HttpServlet.java:641)
	at org.apache.axis.transport.http.AxisServletBase.service(AxisServletBase.java:327)
	at javax.servlet.http.HttpServlet.service(HttpServlet.java:722)
	at org.eclipse.birt.report.servlet.BirtSoapMessageDispatcherServlet.service(BirtSoapMessageDispatcherServlet.java:122)
	at org.apache.catalina.core.ApplicationFilterChain.internalDoFilter(ApplicationFilterChain.java:304)
	at org.apache.catalina.core.ApplicationFilterChain.doFilter(ApplicationFilterChain.java:210)
	at org.eclipse.birt.report.filter.ViewerFilter.doFilter(ViewerFilter.java:68)
	at org.apache.catalina.core.ApplicationFilterChain.internalDoFilter(ApplicationFilterChain.java:243)
	at org.apache.catalina.core.ApplicationFilterChain.doFilter(ApplicationFilterChain.java:210)
	at org.apache.catalina.core.StandardWrapperValve.invoke(StandardWrapperValve.java:224)
	at org.apache.catalina.core.StandardContextValve.invoke(StandardContextValve.java:185)
	at org.apache.catalina.authenticator.AuthenticatorBase.invoke(AuthenticatorBase.java:472)
	at org.apache.catalina.core.StandardHostValve.invoke(StandardHostValve.java:151)
	at org.apache.catalina.valves.ErrorReportValve.invoke(ErrorReportValve.java:100)
	at org.apache.catalina.valves.AccessLogValve.invoke(AccessLogValve.java:929)
	at org.apache.catalina.core.StandardEngineValve.invoke(StandardEngineValve.java:118)
	at org.apache.catalina.connector.CoyoteAdapter.service(CoyoteAdapter.java:405)
	at org.apache.coyote.http11.Http11Processor.process(Http11Processor.java:269)
	at org.apache.coyote.AbstractProtocol$AbstractConnectionHandler.process(AbstractProtocol.java:515)
	at org.apache.tomcat.util.net.JIoEndpoint$SocketProcessor.run(JIoEndpoint.java:302)
	at java.util.concurrent.ThreadPoolExecutor.runWorker(ThreadPoolExecutor.java:1145)
	at java.util.concurrent.ThreadPoolExecutor$Worker.run(ThreadPoolExecutor.java:615)
	at java.lang.Thread.run(Thread.java:722)

Dec 15, 2014 10:30:31 AM org.eclipse.birt.data.engine.odaconsumer.ResultSet fetch
SEVERE: Cannot fetch the next data row.
org.eclipse.datatools.connectivity.oda.consumer.helper.OdaHelperException: The established connection to the data source is not active.
	at org.eclipse.datatools.connectivity.oda.consumer.helper.OdaObject.newOdaException(OdaObject.java:548)
	at org.eclipse.datatools.connectivity.oda.consumer.helper.OdaResultSet.next(OdaResultSet.java:172)
	at org.eclipse.birt.data.engine.odaconsumer.ResultSet.fetch(ResultSet.java:138)
	at org.eclipse.birt.data.engine.executor.cache.OdiAdapter.fetch(OdiAdapter.java:214)
	at org.eclipse.birt.data.engine.executor.cache.RowResultSet.fetch(RowResultSet.java:145)
	at org.eclipse.birt.data.engine.executor.cache.RowResultSet.doNext(RowResultSet.java:118)
	at org.eclipse.birt.data.engine.executor.cache.RowResultSet.next(RowResultSet.java:96)
	at org.eclipse.birt.data.engine.executor.transform.SimpleResultSet$RowResultSetWithResultSetScope.fetch(SimpleResultSet.java:945)
	at org.eclipse.birt.data.engine.executor.cache.RowResultSet.doNext(RowResultSet.java:118)
	at org.eclipse.birt.data.engine.executor.cache.RowResultSet.next(RowResultSet.java:96)
	at org.eclipse.birt.data.engine.executor.transform.SimpleResultSet.doNext(SimpleResultSet.java:697)
	at org.eclipse.birt.data.engine.executor.transform.SimpleResultSet.next(SimpleResultSet.java:685)
	at org.eclipse.birt.data.engine.impl.ResultIterator.hasNextRow(ResultIterator.java:590)
	at org.eclipse.birt.data.engine.impl.ResultIterator.nextRow(ResultIterator.java:530)
	at org.eclipse.birt.data.engine.impl.ResultIterator.next(ResultIterator.java:480)
	at org.eclipse.birt.data.engine.impl.ResultIterator.close(ResultIterator.java:996)
	at org.eclipse.birt.data.engine.impl.ResultIterator$1.dataEngineShutdown(ResultIterator.java:220)
	at org.eclipse.birt.data.engine.impl.DataEngineImpl.shutdown(DataEngineImpl.java:574)
	at org.eclipse.birt.report.data.adapter.impl.DataRequestSessionImpl.shutdown(DataRequestSessionImpl.java:527)
	at org.eclipse.birt.report.engine.data.dte.AbstractDataEngine.shutdown(AbstractDataEngine.java:350)
	at org.eclipse.birt.report.engine.data.dte.DataGenerationEngine.shutdown(DataGenerationEngine.java:154)
	at org.eclipse.birt.report.engine.executor.ExecutionContext.close(ExecutionContext.java:485)
	at org.eclipse.birt.report.engine.api.impl.EngineTask.close(EngineTask.java:1683)
	at org.eclipse.birt.report.engine.api.impl.RunTask.close(RunTask.java:333)
	at org.eclipse.birt.report.service.ReportEngineService.runReport(ReportEngineService.java:1346)
	at org.eclipse.birt.report.service.BirtViewerReportService.runReport(BirtViewerReportService.java:158)
	at org.eclipse.birt.report.service.actionhandler.BirtRunReportActionHandler.__execute(BirtRunReportActionHandler.java:81)
	at org.eclipse.birt.report.service.actionhandler.BirtChangeParameterActionHandler.runReport(BirtChangeParameterActionHandler.java:58)
	at org.eclipse.birt.report.service.actionhandler.AbstractChangeParameterActionHandler.__execute(AbstractChangeParameterActionHandler.java:53)
	at org.eclipse.birt.report.service.actionhandler.AbstractBaseActionHandler.execute(AbstractBaseActionHandler.java:90)
	at org.eclipse.birt.report.soapengine.processor.AbstractBaseDocumentProcessor.__executeAction(AbstractBaseDocumentProcessor.java:47)
	at org.eclipse.birt.report.soapengine.processor.AbstractBaseComponentProcessor.executeAction(AbstractBaseComponentProcessor.java:143)
	at org.eclipse.birt.report.soapengine.processor.BirtDocumentProcessor.handleChangeParameter(BirtDocumentProcessor.java:100)
	at sun.reflect.NativeMethodAccessorImpl.invoke0(Native Method)
	at sun.reflect.NativeMethodAccessorImpl.invoke(NativeMethodAccessorImpl.java:57)
	at sun.reflect.DelegatingMethodAccessorImpl.invoke(DelegatingMethodAccessorImpl.java:43)
	at java.lang.reflect.Method.invoke(Method.java:601)
	at org.eclipse.birt.report.soapengine.processor.AbstractBaseComponentProcessor.process(AbstractBaseComponentProcessor.java:112)
	at org.eclipse.birt.report.soapengine.endpoint.BirtSoapBindingImpl.getUpdatedObjects(BirtSoapBindingImpl.java:66)
	at sun.reflect.NativeMethodAccessorImpl.invoke0(Native Method)
	at sun.reflect.NativeMethodAccessorImpl.invoke(NativeMethodAccessorImpl.java:57)
	at sun.reflect.DelegatingMethodAccessorImpl.invoke(DelegatingMethodAccessorImpl.java:43)
	at java.lang.reflect.Method.invoke(Method.java:601)
	at org.apache.axis.providers.java.RPCProvider.invokeMethod(RPCProvider.java:397)
	at org.apache.axis.providers.java.RPCProvider.processMessage(RPCProvider.java:186)
	at org.apache.axis.providers.java.JavaProvider.invoke(JavaProvider.java:323)
	at org.apache.axis.strategies.InvocationStrategy.visit(InvocationStrategy.java:32)
	at org.apache.axis.SimpleChain.doVisiting(SimpleChain.java:118)
	at org.apache.axis.SimpleChain.invoke(SimpleChain.java:83)
	at org.apache.axis.handlers.soap.SOAPService.invoke(SOAPService.java:454)
	at org.apache.axis.server.AxisServer.invoke(AxisServer.java:281)
	at org.apache.axis.transport.http.AxisServlet.doPost(AxisServlet.java:699)
	at org.eclipse.birt.report.servlet.BirtSoapMessageDispatcherServlet.doPost(BirtSoapMessageDispatcherServlet.java:265)
	at javax.servlet.http.HttpServlet.service(HttpServlet.java:641)
	at org.apache.axis.transport.http.AxisServletBase.service(AxisServletBase.java:327)
	at javax.servlet.http.HttpServlet.service(HttpServlet.java:722)
	at org.eclipse.birt.report.servlet.BirtSoapMessageDispatcherServlet.service(BirtSoapMessageDispatcherServlet.java:122)
	at org.apache.catalina.core.ApplicationFilterChain.internalDoFilter(ApplicationFilterChain.java:304)
	at org.apache.catalina.core.ApplicationFilterChain.doFilter(ApplicationFilterChain.java:210)
	at org.eclipse.birt.report.filter.ViewerFilter.doFilter(ViewerFilter.java:68)
	at org.apache.catalina.core.ApplicationFilterChain.internalDoFilter(ApplicationFilterChain.java:243)
	at org.apache.catalina.core.ApplicationFilterChain.doFilter(ApplicationFilterChain.java:210)
	at org.apache.catalina.core.StandardWrapperValve.invoke(StandardWrapperValve.java:224)
	at org.apache.catalina.core.StandardContextValve.invoke(StandardContextValve.java:185)
	at org.apache.catalina.authenticator.AuthenticatorBase.invoke(AuthenticatorBase.java:472)
	at org.apache.catalina.core.StandardHostValve.invoke(StandardHostValve.java:151)
	at org.apache.catalina.valves.ErrorReportValve.invoke(ErrorReportValve.java:100)
	at org.apache.catalina.valves.AccessLogValve.invoke(AccessLogValve.java:929)
	at org.apache.catalina.core.StandardEngineValve.invoke(StandardEngineValve.java:118)
	at org.apache.catalina.connector.CoyoteAdapter.service(CoyoteAdapter.java:405)
	at org.apache.coyote.http11.Http11Processor.process(Http11Processor.java:269)
	at org.apache.coyote.AbstractProtocol$AbstractConnectionHandler.process(AbstractProtocol.java:515)
	at org.apache.tomcat.util.net.JIoEndpoint$SocketProcessor.run(JIoEndpoint.java:302)
	at java.util.concurrent.ThreadPoolExecutor.runWorker(ThreadPoolExecutor.java:1145)
	at java.util.concurrent.ThreadPoolExecutor$Worker.run(ThreadPoolExecutor.java:615)
	at java.lang.Thread.run(Thread.java:722)

Dec 15, 2014 10:30:53 AM org.eclipse.birt.report.engine.api.impl.EngineTask handleFatalExceptions
SEVERE: An error happened while running the report. Cause:
org.mozilla.javascript.EvaluatorException: unterminated string literal (<inline>#2)
	at org.mozilla.javascript.DefaultErrorReporter.runtimeError(DefaultErrorReporter.java:109)
	at org.mozilla.javascript.DefaultErrorReporter.error(DefaultErrorReporter.java:96)
	at org.mozilla.javascript.Parser.addError(Parser.java:146)
	at org.mozilla.javascript.TokenStream.getToken(TokenStream.java:532)
	at org.mozilla.javascript.Parser.peekToken(Parser.java:175)
	at org.mozilla.javascript.Parser.statements(Parser.java:654)
	at org.mozilla.javascript.Parser.statementHelper(Parser.java:1145)
	at org.mozilla.javascript.Parser.statement(Parser.java:707)
	at org.mozilla.javascript.Parser.statementHelper(Parser.java:745)
	at org.mozilla.javascript.Parser.statement(Parser.java:707)
	at org.mozilla.javascript.Parser.parse(Parser.java:401)
	at org.mozilla.javascript.Parser.parse(Parser.java:338)
	at org.mozilla.javascript.Context.compileImpl(Context.java:2368)
	at org.mozilla.javascript.Context.compileString(Context.java:1359)
	at org.mozilla.javascript.Context.compileString(Context.java:1348)
	at org.eclipse.birt.report.engine.javascript.JavascriptEngine$3.run(JavascriptEngine.java:240)
	at org.eclipse.birt.report.engine.javascript.JavascriptEngine$3.run(JavascriptEngine.java:1)
	at java.security.AccessController.doPrivileged(Native Method)
	at org.eclipse.birt.report.engine.javascript.JavascriptEngine.compile(JavascriptEngine.java:236)
	at org.eclipse.birt.report.engine.javascript.JavascriptEngine.compile(JavascriptEngine.java:1)
	at org.eclipse.birt.core.script.ScriptContext.compile(ScriptContext.java:148)
	at org.eclipse.birt.report.engine.executor.ExecutionContext.compile(ExecutionContext.java:773)
	at org.eclipse.birt.report.engine.executor.ExecutionContext.evaluate(ExecutionContext.java:707)
	at org.eclipse.birt.report.engine.executor.ReportItemExecutor.evaluate(ReportItemExecutor.java:284)
	at org.eclipse.birt.report.engine.executor.TextItemExecutor.executeHtmlText(TextItemExecutor.java:115)
	at org.eclipse.birt.report.engine.executor.TextItemExecutor.execute(TextItemExecutor.java:70)
	at org.eclipse.birt.report.engine.internal.executor.wrap.WrappedReportItemExecutor.execute(WrappedReportItemExecutor.java:46)
	at org.eclipse.birt.report.engine.internal.executor.emitter.ReportItemEmitterExecutor.execute(ReportItemEmitterExecutor.java:46)
	at org.eclipse.birt.report.engine.internal.executor.dup.SuppressDuplicateItemExecutor.execute(SuppressDuplicateItemExecutor.java:43)
	at org.eclipse.birt.report.engine.internal.executor.wrap.WrappedReportItemExecutor.execute(WrappedReportItemExecutor.java:46)
	at org.eclipse.birt.report.engine.internal.executor.l18n.LocalizedReportItemExecutor.execute(LocalizedReportItemExecutor.java:34)
	at org.eclipse.birt.report.engine.layout.html.HTMLBlockStackingLM.layoutNodes(HTMLBlockStackingLM.java:65)
	at org.eclipse.birt.report.engine.layout.html.HTMLStackingLM.layoutChildren(HTMLStackingLM.java:26)
	at org.eclipse.birt.report.engine.layout.html.HTMLAbstractLM.layout(HTMLAbstractLM.java:140)
	at org.eclipse.birt.report.engine.layout.html.HTMLInlineStackingLM.resumeLayout(HTMLInlineStackingLM.java:111)
	at org.eclipse.birt.report.engine.layout.html.HTMLInlineStackingLM.layoutNodes(HTMLInlineStackingLM.java:160)
	at org.eclipse.birt.report.engine.layout.html.HTMLStackingLM.layoutChildren(HTMLStackingLM.java:26)
	at org.eclipse.birt.report.engine.layout.html.HTMLAbstractLM.layout(HTMLAbstractLM.java:140)
	at org.eclipse.birt.report.engine.layout.html.HTMLBlockStackingLM.layoutNodes(HTMLBlockStackingLM.java:70)
	at org.eclipse.birt.report.engine.layout.html.HTMLStackingLM.layoutChildren(HTMLStackingLM.java:26)
	at org.eclipse.birt.report.engine.layout.html.HTMLTableBandLM.layoutChildren(HTMLTableBandLM.java:67)
	at org.eclipse.birt.report.engine.layout.html.HTMLAbstractLM.layout(HTMLAbstractLM.java:140)
	at org.eclipse.birt.report.engine.layout.html.HTMLBlockStackingLM.layoutNodes(HTMLBlockStackingLM.java:70)
	at org.eclipse.birt.report.engine.layout.html.HTMLStackingLM.layoutChildren(HTMLStackingLM.java:26)
	at org.eclipse.birt.report.engine.layout.html.HTMLTableLM.layoutChildren(HTMLTableLM.java:132)
	at org.eclipse.birt.report.engine.layout.html.HTMLAbstractLM.layout(HTMLAbstractLM.java:140)
	at org.eclipse.birt.report.engine.layout.html.HTMLBlockStackingLM.layoutNodes(HTMLBlockStackingLM.java:70)
	at org.eclipse.birt.report.engine.layout.html.HTMLPageLM.layout(HTMLPageLM.java:92)
	at org.eclipse.birt.report.engine.layout.html.HTMLReportLayoutEngine.layout(HTMLReportLayoutEngine.java:100)
	at org.eclipse.birt.report.engine.presentation.ReportDocumentBuilder.build(ReportDocumentBuilder.java:249)
	at org.eclipse.birt.report.engine.api.impl.RunTask.doRun(RunTask.java:269)
	at org.eclipse.birt.report.engine.api.impl.RunTask.run(RunTask.java:86)
	at org.eclipse.birt.report.service.ReportEngineService.runReport(ReportEngineService.java:1325)
	at org.eclipse.birt.report.service.BirtViewerReportService.runReport(BirtViewerReportService.java:158)
	at org.eclipse.birt.report.service.actionhandler.BirtRunReportActionHandler.__execute(BirtRunReportActionHandler.java:81)
	at org.eclipse.birt.report.service.actionhandler.BirtChangeParameterActionHandler.runReport(BirtChangeParameterActionHandler.java:58)
	at org.eclipse.birt.report.service.actionhandler.AbstractChangeParameterActionHandler.__execute(AbstractChangeParameterActionHandler.java:53)
	at org.eclipse.birt.report.service.actionhandler.AbstractBaseActionHandler.execute(AbstractBaseActionHandler.java:90)
	at org.eclipse.birt.report.soapengine.processor.AbstractBaseDocumentProcessor.__executeAction(AbstractBaseDocumentProcessor.java:47)
	at org.eclipse.birt.report.soapengine.processor.AbstractBaseComponentProcessor.executeAction(AbstractBaseComponentProcessor.java:143)
	at org.eclipse.birt.report.soapengine.processor.BirtDocumentProcessor.handleChangeParameter(BirtDocumentProcessor.java:100)
	at sun.reflect.NativeMethodAccessorImpl.invoke0(Native Method)
	at sun.reflect.NativeMethodAccessorImpl.invoke(NativeMethodAccessorImpl.java:57)
	at sun.reflect.DelegatingMethodAccessorImpl.invoke(DelegatingMethodAccessorImpl.java:43)
	at java.lang.reflect.Method.invoke(Method.java:601)
	at org.eclipse.birt.report.soapengine.processor.AbstractBaseComponentProcessor.process(AbstractBaseComponentProcessor.java:112)
	at org.eclipse.birt.report.soapengine.endpoint.BirtSoapBindingImpl.getUpdatedObjects(BirtSoapBindingImpl.java:66)
	at sun.reflect.NativeMethodAccessorImpl.invoke0(Native Method)
	at sun.reflect.NativeMethodAccessorImpl.invoke(NativeMethodAccessorImpl.java:57)
	at sun.reflect.DelegatingMethodAccessorImpl.invoke(DelegatingMethodAccessorImpl.java:43)
	at java.lang.reflect.Method.invoke(Method.java:601)
	at org.apache.axis.providers.java.RPCProvider.invokeMethod(RPCProvider.java:397)
	at org.apache.axis.providers.java.RPCProvider.processMessage(RPCProvider.java:186)
	at org.apache.axis.providers.java.JavaProvider.invoke(JavaProvider.java:323)
	at org.apache.axis.strategies.InvocationStrategy.visit(InvocationStrategy.java:32)
	at org.apache.axis.SimpleChain.doVisiting(SimpleChain.java:118)
	at org.apache.axis.SimpleChain.invoke(SimpleChain.java:83)
	at org.apache.axis.handlers.soap.SOAPService.invoke(SOAPService.java:454)
	at org.apache.axis.server.AxisServer.invoke(AxisServer.java:281)
	at org.apache.axis.transport.http.AxisServlet.doPost(AxisServlet.java:699)
	at org.eclipse.birt.report.servlet.BirtSoapMessageDispatcherServlet.doPost(BirtSoapMessageDispatcherServlet.java:265)
	at javax.servlet.http.HttpServlet.service(HttpServlet.java:641)
	at org.apache.axis.transport.http.AxisServletBase.service(AxisServletBase.java:327)
	at javax.servlet.http.HttpServlet.service(HttpServlet.java:722)
	at org.eclipse.birt.report.servlet.BirtSoapMessageDispatcherServlet.service(BirtSoapMessageDispatcherServlet.java:122)
	at org.apache.catalina.core.ApplicationFilterChain.internalDoFilter(ApplicationFilterChain.java:304)
	at org.apache.catalina.core.ApplicationFilterChain.doFilter(ApplicationFilterChain.java:210)
	at org.eclipse.birt.report.filter.ViewerFilter.doFilter(ViewerFilter.java:68)
	at org.apache.catalina.core.ApplicationFilterChain.internalDoFilter(ApplicationFilterChain.java:243)
	at org.apache.catalina.core.ApplicationFilterChain.doFilter(ApplicationFilterChain.java:210)
	at org.apache.catalina.core.StandardWrapperValve.invoke(StandardWrapperValve.java:224)
	at org.apache.catalina.core.StandardContextValve.invoke(StandardContextValve.java:185)
	at org.apache.catalina.authenticator.AuthenticatorBase.invoke(AuthenticatorBase.java:472)
	at org.apache.catalina.core.StandardHostValve.invoke(StandardHostValve.java:151)
	at org.apache.catalina.valves.ErrorReportValve.invoke(ErrorReportValve.java:100)
	at org.apache.catalina.valves.AccessLogValve.invoke(AccessLogValve.java:929)
	at org.apache.catalina.core.StandardEngineValve.invoke(StandardEngineValve.java:118)
	at org.apache.catalina.connector.CoyoteAdapter.service(CoyoteAdapter.java:405)
	at org.apache.coyote.http11.Http11Processor.process(Http11Processor.java:269)
	at org.apache.coyote.AbstractProtocol$AbstractConnectionHandler.process(AbstractProtocol.java:515)
	at org.apache.tomcat.util.net.JIoEndpoint$SocketProcessor.run(JIoEndpoint.java:302)
	at java.util.concurrent.ThreadPoolExecutor.runWorker(ThreadPoolExecutor.java:1145)
	at java.util.concurrent.ThreadPoolExecutor$Worker.run(ThreadPoolExecutor.java:615)
	at java.lang.Thread.run(Thread.java:722)

Dec 15, 2014 10:30:53 AM org.eclipse.birt.data.engine.odaconsumer.ResultSet fetch
SEVERE: Cannot fetch the next data row.
org.eclipse.datatools.connectivity.oda.consumer.helper.OdaHelperException: The established connection to the data source is not active.
	at org.eclipse.datatools.connectivity.oda.consumer.helper.OdaObject.newOdaException(OdaObject.java:548)
	at org.eclipse.datatools.connectivity.oda.consumer.helper.OdaResultSet.next(OdaResultSet.java:172)
	at org.eclipse.birt.data.engine.odaconsumer.ResultSet.fetch(ResultSet.java:138)
	at org.eclipse.birt.data.engine.executor.cache.OdiAdapter.fetch(OdiAdapter.java:214)
	at org.eclipse.birt.data.engine.executor.cache.RowResultSet.fetch(RowResultSet.java:145)
	at org.eclipse.birt.data.engine.executor.cache.RowResultSet.doNext(RowResultSet.java:118)
	at org.eclipse.birt.data.engine.executor.cache.RowResultSet.next(RowResultSet.java:96)
	at org.eclipse.birt.data.engine.executor.transform.SimpleResultSet$RowResultSetWithResultSetScope.fetch(SimpleResultSet.java:945)
	at org.eclipse.birt.data.engine.executor.cache.RowResultSet.doNext(RowResultSet.java:118)
	at org.eclipse.birt.data.engine.executor.cache.RowResultSet.next(RowResultSet.java:96)
	at org.eclipse.birt.data.engine.executor.transform.SimpleResultSet.doNext(SimpleResultSet.java:697)
	at org.eclipse.birt.data.engine.executor.transform.SimpleResultSet.next(SimpleResultSet.java:685)
	at org.eclipse.birt.data.engine.impl.ResultIterator.hasNextRow(ResultIterator.java:590)
	at org.eclipse.birt.data.engine.impl.ResultIterator.nextRow(ResultIterator.java:530)
	at org.eclipse.birt.data.engine.impl.ResultIterator.next(ResultIterator.java:480)
	at org.eclipse.birt.data.engine.impl.ResultIterator.close(ResultIterator.java:996)
	at org.eclipse.birt.data.engine.impl.ResultIterator$1.dataEngineShutdown(ResultIterator.java:220)
	at org.eclipse.birt.data.engine.impl.DataEngineImpl.shutdown(DataEngineImpl.java:574)
	at org.eclipse.birt.report.data.adapter.impl.DataRequestSessionImpl.shutdown(DataRequestSessionImpl.java:527)
	at org.eclipse.birt.report.engine.data.dte.AbstractDataEngine.shutdown(AbstractDataEngine.java:350)
	at org.eclipse.birt.report.engine.data.dte.DataGenerationEngine.shutdown(DataGenerationEngine.java:154)
	at org.eclipse.birt.report.engine.executor.ExecutionContext.close(ExecutionContext.java:485)
	at org.eclipse.birt.report.engine.api.impl.EngineTask.close(EngineTask.java:1683)
	at org.eclipse.birt.report.engine.api.impl.RunTask.close(RunTask.java:333)
	at org.eclipse.birt.report.service.ReportEngineService.runReport(ReportEngineService.java:1346)
	at org.eclipse.birt.report.service.BirtViewerReportService.runReport(BirtViewerReportService.java:158)
	at org.eclipse.birt.report.service.actionhandler.BirtRunReportActionHandler.__execute(BirtRunReportActionHandler.java:81)
	at org.eclipse.birt.report.service.actionhandler.BirtChangeParameterActionHandler.runReport(BirtChangeParameterActionHandler.java:58)
	at org.eclipse.birt.report.service.actionhandler.AbstractChangeParameterActionHandler.__execute(AbstractChangeParameterActionHandler.java:53)
	at org.eclipse.birt.report.service.actionhandler.AbstractBaseActionHandler.execute(AbstractBaseActionHandler.java:90)
	at org.eclipse.birt.report.soapengine.processor.AbstractBaseDocumentProcessor.__executeAction(AbstractBaseDocumentProcessor.java:47)
	at org.eclipse.birt.report.soapengine.processor.AbstractBaseComponentProcessor.executeAction(AbstractBaseComponentProcessor.java:143)
	at org.eclipse.birt.report.soapengine.processor.BirtDocumentProcessor.handleChangeParameter(BirtDocumentProcessor.java:100)
	at sun.reflect.NativeMethodAccessorImpl.invoke0(Native Method)
	at sun.reflect.NativeMethodAccessorImpl.invoke(NativeMethodAccessorImpl.java:57)
	at sun.reflect.DelegatingMethodAccessorImpl.invoke(DelegatingMethodAccessorImpl.java:43)
	at java.lang.reflect.Method.invoke(Method.java:601)
	at org.eclipse.birt.report.soapengine.processor.AbstractBaseComponentProcessor.process(AbstractBaseComponentProcessor.java:112)
	at org.eclipse.birt.report.soapengine.endpoint.BirtSoapBindingImpl.getUpdatedObjects(BirtSoapBindingImpl.java:66)
	at sun.reflect.NativeMethodAccessorImpl.invoke0(Native Method)
	at sun.reflect.NativeMethodAccessorImpl.invoke(NativeMethodAccessorImpl.java:57)
	at sun.reflect.DelegatingMethodAccessorImpl.invoke(DelegatingMethodAccessorImpl.java:43)
	at java.lang.reflect.Method.invoke(Method.java:601)
	at org.apache.axis.providers.java.RPCProvider.invokeMethod(RPCProvider.java:397)
	at org.apache.axis.providers.java.RPCProvider.processMessage(RPCProvider.java:186)
	at org.apache.axis.providers.java.JavaProvider.invoke(JavaProvider.java:323)
	at org.apache.axis.strategies.InvocationStrategy.visit(InvocationStrategy.java:32)
	at org.apache.axis.SimpleChain.doVisiting(SimpleChain.java:118)
	at org.apache.axis.SimpleChain.invoke(SimpleChain.java:83)
	at org.apache.axis.handlers.soap.SOAPService.invoke(SOAPService.java:454)
	at org.apache.axis.server.AxisServer.invoke(AxisServer.java:281)
	at org.apache.axis.transport.http.AxisServlet.doPost(AxisServlet.java:699)
	at org.eclipse.birt.report.servlet.BirtSoapMessageDispatcherServlet.doPost(BirtSoapMessageDispatcherServlet.java:265)
	at javax.servlet.http.HttpServlet.service(HttpServlet.java:641)
	at org.apache.axis.transport.http.AxisServletBase.service(AxisServletBase.java:327)
	at javax.servlet.http.HttpServlet.service(HttpServlet.java:722)
	at org.eclipse.birt.report.servlet.BirtSoapMessageDispatcherServlet.service(BirtSoapMessageDispatcherServlet.java:122)
	at org.apache.catalina.core.ApplicationFilterChain.internalDoFilter(ApplicationFilterChain.java:304)
	at org.apache.catalina.core.ApplicationFilterChain.doFilter(ApplicationFilterChain.java:210)
	at org.eclipse.birt.report.filter.ViewerFilter.doFilter(ViewerFilter.java:68)
	at org.apache.catalina.core.ApplicationFilterChain.internalDoFilter(ApplicationFilterChain.java:243)
	at org.apache.catalina.core.ApplicationFilterChain.doFilter(ApplicationFilterChain.java:210)
	at org.apache.catalina.core.StandardWrapperValve.invoke(StandardWrapperValve.java:224)
	at org.apache.catalina.core.StandardContextValve.invoke(StandardContextValve.java:185)
	at org.apache.catalina.authenticator.AuthenticatorBase.invoke(AuthenticatorBase.java:472)
	at org.apache.catalina.core.StandardHostValve.invoke(StandardHostValve.java:151)
	at org.apache.catalina.valves.ErrorReportValve.invoke(ErrorReportValve.java:100)
	at org.apache.catalina.valves.AccessLogValve.invoke(AccessLogValve.java:929)
	at org.apache.catalina.core.StandardEngineValve.invoke(StandardEngineValve.java:118)
	at org.apache.catalina.connector.CoyoteAdapter.service(CoyoteAdapter.java:405)
	at org.apache.coyote.http11.Http11Processor.process(Http11Processor.java:269)
	at org.apache.coyote.AbstractProtocol$AbstractConnectionHandler.process(AbstractProtocol.java:515)
	at org.apache.tomcat.util.net.JIoEndpoint$SocketProcessor.run(JIoEndpoint.java:302)
	at java.util.concurrent.ThreadPoolExecutor.runWorker(ThreadPoolExecutor.java:1145)
	at java.util.concurrent.ThreadPoolExecutor$Worker.run(ThreadPoolExecutor.java:615)
	at java.lang.Thread.run(Thread.java:722)

Dec 15, 2014 10:33:41 AM org.eclipse.birt.core.template.TemplateParser parse
WARNING: Encountered "" at line 65, column 1.
Was expecting one of:
    
Dec 15, 2014 10:33:41 AM org.eclipse.birt.core.template.TemplateParser parse
WARNING: Encountered "" at line 65, column 1.
Was expecting one of:
    
Dec 15, 2014 10:33:41 AM org.eclipse.birt.core.template.TemplateParser parse
WARNING: Encountered "" at line 65, column 1.
Was expecting one of:
    
Dec 15, 2014 10:33:41 AM org.eclipse.birt.core.template.TemplateParser parse
WARNING: Encountered "" at line 65, column 1.
Was expecting one of:
    
Dec 15, 2014 10:33:41 AM org.eclipse.birt.core.template.TemplateParser parse
WARNING: Encountered "" at line 65, column 1.
Was expecting one of:
    
Dec 15, 2014 10:33:41 AM org.eclipse.birt.core.template.TemplateParser parse
WARNING: Encountered "" at line 65, column 1.
Was expecting one of:
    
Dec 15, 2014 10:33:45 AM org.eclipse.birt.core.template.TemplateParser parse
WARNING: Encountered "" at line 65, column 1.
Was expecting one of:
    
Dec 15, 2014 10:33:45 AM org.eclipse.birt.core.template.TemplateParser parse
WARNING: Encountered "" at line 65, column 1.
Was expecting one of:
    
Dec 15, 2014 10:33:46 AM org.eclipse.birt.core.template.TemplateParser parse
WARNING: Encountered "" at line 65, column 1.
Was expecting one of:
    
Dec 15, 2014 10:33:47 AM org.eclipse.birt.core.template.TemplateParser parse
WARNING: Encountered "" at line 65, column 1.
Was expecting one of:
    
Dec 15, 2014 10:33:47 AM org.eclipse.birt.core.template.TemplateParser parse
WARNING: Encountered "" at line 65, column 1.
Was expecting one of:
    
Dec 15, 2014 10:33:47 AM org.eclipse.birt.core.template.TemplateParser parse
WARNING: Encountered "" at line 65, column 1.
Was expecting one of:
    
Dec 15, 2014 10:33:47 AM org.eclipse.birt.core.template.TemplateParser parse
WARNING: Encountered "" at line 65, column 1.
Was expecting one of:
    
Dec 15, 2014 10:56:35 AM org.eclipse.birt.report.engine.api.impl.EngineTask handleFatalExceptions
SEVERE: An error happened while running the report. Cause:
org.mozilla.javascript.EvaluatorException: missing ; before statement (<inline>#1)
	at org.mozilla.javascript.DefaultErrorReporter.runtimeError(DefaultErrorReporter.java:109)
	at org.mozilla.javascript.DefaultErrorReporter.error(DefaultErrorReporter.java:96)
	at org.mozilla.javascript.Parser.addError(Parser.java:146)
	at org.mozilla.javascript.Parser.reportError(Parser.java:160)
	at org.mozilla.javascript.Parser.statementHelper(Parser.java:1266)
	at org.mozilla.javascript.Parser.statement(Parser.java:707)
	at org.mozilla.javascript.Parser.parse(Parser.java:401)
	at org.mozilla.javascript.Parser.parse(Parser.java:338)
	at org.mozilla.javascript.Context.compileImpl(Context.java:2368)
	at org.mozilla.javascript.Context.compileString(Context.java:1359)
	at org.mozilla.javascript.Context.compileString(Context.java:1348)
	at org.eclipse.birt.report.engine.javascript.JavascriptEngine$3.run(JavascriptEngine.java:240)
	at org.eclipse.birt.report.engine.javascript.JavascriptEngine$3.run(JavascriptEngine.java:1)
	at java.security.AccessController.doPrivileged(Native Method)
	at org.eclipse.birt.report.engine.javascript.JavascriptEngine.compile(JavascriptEngine.java:236)
	at org.eclipse.birt.report.engine.javascript.JavascriptEngine.compile(JavascriptEngine.java:1)
	at org.eclipse.birt.core.script.ScriptContext.compile(ScriptContext.java:148)
	at org.eclipse.birt.report.engine.executor.ExecutionContext.compile(ExecutionContext.java:773)
	at org.eclipse.birt.report.engine.executor.ExecutionContext.evaluate(ExecutionContext.java:707)
	at org.eclipse.birt.report.engine.executor.ReportItemExecutor.evaluate(ReportItemExecutor.java:284)
	at org.eclipse.birt.report.engine.executor.TextItemExecutor.executeHtmlText(TextItemExecutor.java:115)
	at org.eclipse.birt.report.engine.executor.TextItemExecutor.execute(TextItemExecutor.java:70)
	at org.eclipse.birt.report.engine.internal.executor.wrap.WrappedReportItemExecutor.execute(WrappedReportItemExecutor.java:46)
	at org.eclipse.birt.report.engine.internal.executor.emitter.ReportItemEmitterExecutor.execute(ReportItemEmitterExecutor.java:46)
	at org.eclipse.birt.report.engine.internal.executor.dup.SuppressDuplicateItemExecutor.execute(SuppressDuplicateItemExecutor.java:43)
	at org.eclipse.birt.report.engine.internal.executor.wrap.WrappedReportItemExecutor.execute(WrappedReportItemExecutor.java:46)
	at org.eclipse.birt.report.engine.internal.executor.l18n.LocalizedReportItemExecutor.execute(LocalizedReportItemExecutor.java:34)
	at org.eclipse.birt.report.engine.layout.html.HTMLBlockStackingLM.layoutNodes(HTMLBlockStackingLM.java:65)
	at org.eclipse.birt.report.engine.layout.html.HTMLStackingLM.layoutChildren(HTMLStackingLM.java:26)
	at org.eclipse.birt.report.engine.layout.html.HTMLAbstractLM.layout(HTMLAbstractLM.java:140)
	at org.eclipse.birt.report.engine.layout.html.HTMLInlineStackingLM.resumeLayout(HTMLInlineStackingLM.java:111)
	at org.eclipse.birt.report.engine.layout.html.HTMLInlineStackingLM.layoutNodes(HTMLInlineStackingLM.java:160)
	at org.eclipse.birt.report.engine.layout.html.HTMLStackingLM.layoutChildren(HTMLStackingLM.java:26)
	at org.eclipse.birt.report.engine.layout.html.HTMLAbstractLM.layout(HTMLAbstractLM.java:140)
	at org.eclipse.birt.report.engine.layout.html.HTMLBlockStackingLM.layoutNodes(HTMLBlockStackingLM.java:70)
	at org.eclipse.birt.report.engine.layout.html.HTMLStackingLM.layoutChildren(HTMLStackingLM.java:26)
	at org.eclipse.birt.report.engine.layout.html.HTMLTableBandLM.layoutChildren(HTMLTableBandLM.java:67)
	at org.eclipse.birt.report.engine.layout.html.HTMLAbstractLM.layout(HTMLAbstractLM.java:140)
	at org.eclipse.birt.report.engine.layout.html.HTMLBlockStackingLM.layoutNodes(HTMLBlockStackingLM.java:70)
	at org.eclipse.birt.report.engine.layout.html.HTMLStackingLM.layoutChildren(HTMLStackingLM.java:26)
	at org.eclipse.birt.report.engine.layout.html.HTMLTableLM.layoutChildren(HTMLTableLM.java:132)
	at org.eclipse.birt.report.engine.layout.html.HTMLAbstractLM.layout(HTMLAbstractLM.java:140)
	at org.eclipse.birt.report.engine.layout.html.HTMLBlockStackingLM.layoutNodes(HTMLBlockStackingLM.java:70)
	at org.eclipse.birt.report.engine.layout.html.HTMLPageLM.layout(HTMLPageLM.java:92)
	at org.eclipse.birt.report.engine.layout.html.HTMLReportLayoutEngine.layout(HTMLReportLayoutEngine.java:100)
	at org.eclipse.birt.report.engine.presentation.ReportDocumentBuilder.build(ReportDocumentBuilder.java:249)
	at org.eclipse.birt.report.engine.api.impl.RunTask.doRun(RunTask.java:269)
	at org.eclipse.birt.report.engine.api.impl.RunTask.run(RunTask.java:86)
	at org.eclipse.birt.report.service.ReportEngineService.runReport(ReportEngineService.java:1325)
	at org.eclipse.birt.report.service.BirtViewerReportService.runReport(BirtViewerReportService.java:158)
	at org.eclipse.birt.report.service.actionhandler.BirtRunReportActionHandler.__execute(BirtRunReportActionHandler.java:81)
	at org.eclipse.birt.report.service.actionhandler.BirtChangeParameterActionHandler.runReport(BirtChangeParameterActionHandler.java:58)
	at org.eclipse.birt.report.service.actionhandler.AbstractChangeParameterActionHandler.__execute(AbstractChangeParameterActionHandler.java:53)
	at org.eclipse.birt.report.service.actionhandler.AbstractBaseActionHandler.execute(AbstractBaseActionHandler.java:90)
	at org.eclipse.birt.report.soapengine.processor.AbstractBaseDocumentProcessor.__executeAction(AbstractBaseDocumentProcessor.java:47)
	at org.eclipse.birt.report.soapengine.processor.AbstractBaseComponentProcessor.executeAction(AbstractBaseComponentProcessor.java:143)
	at org.eclipse.birt.report.soapengine.processor.BirtDocumentProcessor.handleChangeParameter(BirtDocumentProcessor.java:100)
	at sun.reflect.GeneratedMethodAccessor163.invoke(Unknown Source)
	at sun.reflect.DelegatingMethodAccessorImpl.invoke(DelegatingMethodAccessorImpl.java:43)
	at java.lang.reflect.Method.invoke(Method.java:601)
	at org.eclipse.birt.report.soapengine.processor.AbstractBaseComponentProcessor.process(AbstractBaseComponentProcessor.java:112)
	at org.eclipse.birt.report.soapengine.endpoint.BirtSoapBindingImpl.getUpdatedObjects(BirtSoapBindingImpl.java:66)
	at sun.reflect.GeneratedMethodAccessor109.invoke(Unknown Source)
	at sun.reflect.DelegatingMethodAccessorImpl.invoke(DelegatingMethodAccessorImpl.java:43)
	at java.lang.reflect.Method.invoke(Method.java:601)
	at org.apache.axis.providers.java.RPCProvider.invokeMethod(RPCProvider.java:397)
	at org.apache.axis.providers.java.RPCProvider.processMessage(RPCProvider.java:186)
	at org.apache.axis.providers.java.JavaProvider.invoke(JavaProvider.java:323)
	at org.apache.axis.strategies.InvocationStrategy.visit(InvocationStrategy.java:32)
	at org.apache.axis.SimpleChain.doVisiting(SimpleChain.java:118)
	at org.apache.axis.SimpleChain.invoke(SimpleChain.java:83)
	at org.apache.axis.handlers.soap.SOAPService.invoke(SOAPService.java:454)
	at org.apache.axis.server.AxisServer.invoke(AxisServer.java:281)
	at org.apache.axis.transport.http.AxisServlet.doPost(AxisServlet.java:699)
	at org.eclipse.birt.report.servlet.BirtSoapMessageDispatcherServlet.doPost(BirtSoapMessageDispatcherServlet.java:265)
	at javax.servlet.http.HttpServlet.service(HttpServlet.java:641)
	at org.apache.axis.transport.http.AxisServletBase.service(AxisServletBase.java:327)
	at javax.servlet.http.HttpServlet.service(HttpServlet.java:722)
	at org.eclipse.birt.report.servlet.BirtSoapMessageDispatcherServlet.service(BirtSoapMessageDispatcherServlet.java:122)
	at org.apache.catalina.core.ApplicationFilterChain.internalDoFilter(ApplicationFilterChain.java:304)
	at org.apache.catalina.core.ApplicationFilterChain.doFilter(ApplicationFilterChain.java:210)
	at org.eclipse.birt.report.filter.ViewerFilter.doFilter(ViewerFilter.java:68)
	at org.apache.catalina.core.ApplicationFilterChain.internalDoFilter(ApplicationFilterChain.java:243)
	at org.apache.catalina.core.ApplicationFilterChain.doFilter(ApplicationFilterChain.java:210)
	at org.apache.catalina.core.StandardWrapperValve.invoke(StandardWrapperValve.java:224)
	at org.apache.catalina.core.StandardContextValve.invoke(StandardContextValve.java:185)
	at org.apache.catalina.authenticator.AuthenticatorBase.invoke(AuthenticatorBase.java:472)
	at org.apache.catalina.core.StandardHostValve.invoke(StandardHostValve.java:151)
	at org.apache.catalina.valves.ErrorReportValve.invoke(ErrorReportValve.java:100)
	at org.apache.catalina.valves.AccessLogValve.invoke(AccessLogValve.java:929)
	at org.apache.catalina.core.StandardEngineValve.invoke(StandardEngineValve.java:118)
	at org.apache.catalina.connector.CoyoteAdapter.service(CoyoteAdapter.java:405)
	at org.apache.coyote.http11.Http11Processor.process(Http11Processor.java:269)
	at org.apache.coyote.AbstractProtocol$AbstractConnectionHandler.process(AbstractProtocol.java:515)
	at org.apache.tomcat.util.net.JIoEndpoint$SocketProcessor.run(JIoEndpoint.java:302)
	at java.util.concurrent.ThreadPoolExecutor.runWorker(ThreadPoolExecutor.java:1145)
	at java.util.concurrent.ThreadPoolExecutor$Worker.run(ThreadPoolExecutor.java:615)
	at java.lang.Thread.run(Thread.java:722)

Dec 15, 2014 10:56:35 AM org.eclipse.birt.data.engine.odaconsumer.ResultSet fetch
SEVERE: Cannot fetch the next data row.
org.eclipse.datatools.connectivity.oda.consumer.helper.OdaHelperException: The established connection to the data source is not active.
	at org.eclipse.datatools.connectivity.oda.consumer.helper.OdaObject.newOdaException(OdaObject.java:548)
	at org.eclipse.datatools.connectivity.oda.consumer.helper.OdaResultSet.next(OdaResultSet.java:172)
	at org.eclipse.birt.data.engine.odaconsumer.ResultSet.fetch(ResultSet.java:138)
	at org.eclipse.birt.data.engine.executor.cache.OdiAdapter.fetch(OdiAdapter.java:214)
	at org.eclipse.birt.data.engine.executor.cache.RowResultSet.fetch(RowResultSet.java:145)
	at org.eclipse.birt.data.engine.executor.cache.RowResultSet.doNext(RowResultSet.java:118)
	at org.eclipse.birt.data.engine.executor.cache.RowResultSet.next(RowResultSet.java:96)
	at org.eclipse.birt.data.engine.executor.transform.SimpleResultSet$RowResultSetWithResultSetScope.fetch(SimpleResultSet.java:945)
	at org.eclipse.birt.data.engine.executor.cache.RowResultSet.doNext(RowResultSet.java:118)
	at org.eclipse.birt.data.engine.executor.cache.RowResultSet.next(RowResultSet.java:96)
	at org.eclipse.birt.data.engine.executor.transform.SimpleResultSet.doNext(SimpleResultSet.java:697)
	at org.eclipse.birt.data.engine.executor.transform.SimpleResultSet.next(SimpleResultSet.java:685)
	at org.eclipse.birt.data.engine.impl.ResultIterator.hasNextRow(ResultIterator.java:590)
	at org.eclipse.birt.data.engine.impl.ResultIterator.nextRow(ResultIterator.java:530)
	at org.eclipse.birt.data.engine.impl.ResultIterator.next(ResultIterator.java:480)
	at org.eclipse.birt.data.engine.impl.ResultIterator.close(ResultIterator.java:996)
	at org.eclipse.birt.data.engine.impl.ResultIterator$1.dataEngineShutdown(ResultIterator.java:220)
	at org.eclipse.birt.data.engine.impl.DataEngineImpl.shutdown(DataEngineImpl.java:574)
	at org.eclipse.birt.report.data.adapter.impl.DataRequestSessionImpl.shutdown(DataRequestSessionImpl.java:527)
	at org.eclipse.birt.report.engine.data.dte.AbstractDataEngine.shutdown(AbstractDataEngine.java:350)
	at org.eclipse.birt.report.engine.data.dte.DataGenerationEngine.shutdown(DataGenerationEngine.java:154)
	at org.eclipse.birt.report.engine.executor.ExecutionContext.close(ExecutionContext.java:485)
	at org.eclipse.birt.report.engine.api.impl.EngineTask.close(EngineTask.java:1683)
	at org.eclipse.birt.report.engine.api.impl.RunTask.close(RunTask.java:333)
	at org.eclipse.birt.report.service.ReportEngineService.runReport(ReportEngineService.java:1346)
	at org.eclipse.birt.report.service.BirtViewerReportService.runReport(BirtViewerReportService.java:158)
	at org.eclipse.birt.report.service.actionhandler.BirtRunReportActionHandler.__execute(BirtRunReportActionHandler.java:81)
	at org.eclipse.birt.report.service.actionhandler.BirtChangeParameterActionHandler.runReport(BirtChangeParameterActionHandler.java:58)
	at org.eclipse.birt.report.service.actionhandler.AbstractChangeParameterActionHandler.__execute(AbstractChangeParameterActionHandler.java:53)
	at org.eclipse.birt.report.service.actionhandler.AbstractBaseActionHandler.execute(AbstractBaseActionHandler.java:90)
	at org.eclipse.birt.report.soapengine.processor.AbstractBaseDocumentProcessor.__executeAction(AbstractBaseDocumentProcessor.java:47)
	at org.eclipse.birt.report.soapengine.processor.AbstractBaseComponentProcessor.executeAction(AbstractBaseComponentProcessor.java:143)
	at org.eclipse.birt.report.soapengine.processor.BirtDocumentProcessor.handleChangeParameter(BirtDocumentProcessor.java:100)
	at sun.reflect.GeneratedMethodAccessor163.invoke(Unknown Source)
	at sun.reflect.DelegatingMethodAccessorImpl.invoke(DelegatingMethodAccessorImpl.java:43)
	at java.lang.reflect.Method.invoke(Method.java:601)
	at org.eclipse.birt.report.soapengine.processor.AbstractBaseComponentProcessor.process(AbstractBaseComponentProcessor.java:112)
	at org.eclipse.birt.report.soapengine.endpoint.BirtSoapBindingImpl.getUpdatedObjects(BirtSoapBindingImpl.java:66)
	at sun.reflect.GeneratedMethodAccessor109.invoke(Unknown Source)
	at sun.reflect.DelegatingMethodAccessorImpl.invoke(DelegatingMethodAccessorImpl.java:43)
	at java.lang.reflect.Method.invoke(Method.java:601)
	at org.apache.axis.providers.java.RPCProvider.invokeMethod(RPCProvider.java:397)
	at org.apache.axis.providers.java.RPCProvider.processMessage(RPCProvider.java:186)
	at org.apache.axis.providers.java.JavaProvider.invoke(JavaProvider.java:323)
	at org.apache.axis.strategies.InvocationStrategy.visit(InvocationStrategy.java:32)
	at org.apache.axis.SimpleChain.doVisiting(SimpleChain.java:118)
	at org.apache.axis.SimpleChain.invoke(SimpleChain.java:83)
	at org.apache.axis.handlers.soap.SOAPService.invoke(SOAPService.java:454)
	at org.apache.axis.server.AxisServer.invoke(AxisServer.java:281)
	at org.apache.axis.transport.http.AxisServlet.doPost(AxisServlet.java:699)
	at org.eclipse.birt.report.servlet.BirtSoapMessageDispatcherServlet.doPost(BirtSoapMessageDispatcherServlet.java:265)
	at javax.servlet.http.HttpServlet.service(HttpServlet.java:641)
	at org.apache.axis.transport.http.AxisServletBase.service(AxisServletBase.java:327)
	at javax.servlet.http.HttpServlet.service(HttpServlet.java:722)
	at org.eclipse.birt.report.servlet.BirtSoapMessageDispatcherServlet.service(BirtSoapMessageDispatcherServlet.java:122)
	at org.apache.catalina.core.ApplicationFilterChain.internalDoFilter(ApplicationFilterChain.java:304)
	at org.apache.catalina.core.ApplicationFilterChain.doFilter(ApplicationFilterChain.java:210)
	at org.eclipse.birt.report.filter.ViewerFilter.doFilter(ViewerFilter.java:68)
	at org.apache.catalina.core.ApplicationFilterChain.internalDoFilter(ApplicationFilterChain.java:243)
	at org.apache.catalina.core.ApplicationFilterChain.doFilter(ApplicationFilterChain.java:210)
	at org.apache.catalina.core.StandardWrapperValve.invoke(StandardWrapperValve.java:224)
	at org.apache.catalina.core.StandardContextValve.invoke(StandardContextValve.java:185)
	at org.apache.catalina.authenticator.AuthenticatorBase.invoke(AuthenticatorBase.java:472)
	at org.apache.catalina.core.StandardHostValve.invoke(StandardHostValve.java:151)
	at org.apache.catalina.valves.ErrorReportValve.invoke(ErrorReportValve.java:100)
	at org.apache.catalina.valves.AccessLogValve.invoke(AccessLogValve.java:929)
	at org.apache.catalina.core.StandardEngineValve.invoke(StandardEngineValve.java:118)
	at org.apache.catalina.connector.CoyoteAdapter.service(CoyoteAdapter.java:405)
	at org.apache.coyote.http11.Http11Processor.process(Http11Processor.java:269)
	at org.apache.coyote.AbstractProtocol$AbstractConnectionHandler.process(AbstractProtocol.java:515)
	at org.apache.tomcat.util.net.JIoEndpoint$SocketProcessor.run(JIoEndpoint.java:302)
	at java.util.concurrent.ThreadPoolExecutor.runWorker(ThreadPoolExecutor.java:1145)
	at java.util.concurrent.ThreadPoolExecutor$Worker.run(ThreadPoolExecutor.java:615)
	at java.lang.Thread.run(Thread.java:722)

