Nov 24, 2015 10:32:52 AM org.eclipse.birt.report.engine.api.impl.GetParameterDefinitionTask getResultSetForParameter
WARNING: Column binding "__VALUE___department" has referred to a data set column "DEPARTMENT_ID" which does not exist.
org.eclipse.birt.data.engine.core.DataException: Column binding "__VALUE___department" has referred to a data set column "DEPARTMENT_ID" which does not exist.
	at org.eclipse.birt.data.engine.impl.ResultIterator.validateManualBindingExpressions(ResultIterator.java:380)
	at org.eclipse.birt.data.engine.impl.ResultIterator.<init>(ResultIterator.java:148)
	at org.eclipse.birt.data.engine.impl.QueryResults.getResultIterator(QueryResults.java:215)
	at org.eclipse.birt.report.engine.api.impl.GetParameterDefinitionTask.executeQuery(GetParameterDefinitionTask.java:653)
	at org.eclipse.birt.report.engine.api.impl.GetParameterDefinitionTask.getResultSetForParameter(GetParameterDefinitionTask.java:1379)
	at org.eclipse.birt.report.engine.api.impl.GetParameterDefinitionTask.getChoicesFromParameterQuery(GetParameterDefinitionTask.java:1351)
	at org.eclipse.birt.report.engine.api.impl.GetParameterDefinitionTask.doGetSelectionList(GetParameterDefinitionTask.java:523)
	at org.eclipse.birt.report.engine.api.impl.GetParameterDefinitionTask.getSelectionList(GetParameterDefinitionTask.java:453)
	at org.eclipse.birt.report.service.BirtViewerReportService.getParameterSelectionList(BirtViewerReportService.java:821)
	at org.eclipse.birt.report.presentation.aggregation.parameter.ComboBoxParameterFragment.prepareParameterBean(ComboBoxParameterFragment.java:91)
	at org.eclipse.birt.report.presentation.aggregation.parameter.ScalarParameterFragment.doService(ScalarParameterFragment.java:91)
	at org.eclipse.birt.report.presentation.aggregation.AbstractBaseFragment.service(AbstractBaseFragment.java:76)
	at org.apache.jsp.webcontent.birt.pages.dialog.ParameterDialogFragment_jsp._jspService(ParameterDialogFragment_jsp.java:116)
	at org.apache.jasper.runtime.HttpJspBase.service(HttpJspBase.java:70)
	at javax.servlet.http.HttpServlet.service(HttpServlet.java:722)
	at org.apache.jasper.servlet.JspServletWrapper.service(JspServletWrapper.java:433)
	at org.apache.jasper.servlet.JspServlet.serviceJspFile(JspServlet.java:389)
	at org.apache.jasper.servlet.JspServlet.service(JspServlet.java:333)
	at javax.servlet.http.HttpServlet.service(HttpServlet.java:722)
	at org.apache.catalina.core.ApplicationFilterChain.internalDoFilter(ApplicationFilterChain.java:304)
	at org.apache.catalina.core.ApplicationFilterChain.doFilter(ApplicationFilterChain.java:210)
	at org.apache.catalina.core.ApplicationDispatcher.invoke(ApplicationDispatcher.java:684)
	at org.apache.catalina.core.ApplicationDispatcher.doInclude(ApplicationDispatcher.java:593)
	at org.apache.catalina.core.ApplicationDispatcher.include(ApplicationDispatcher.java:530)
	at org.eclipse.birt.report.presentation.aggregation.AbstractBaseFragment.service(AbstractBaseFragment.java:82)
	at org.eclipse.birt.report.presentation.aggregation.AbstractBaseFragment.callBack(AbstractBaseFragment.java:106)
	at org.apache.jsp.webcontent.birt.pages.dialog.DialogContainerFragment_jsp._jspService(DialogContainerFragment_jsp.java:140)
	at org.apache.jasper.runtime.HttpJspBase.service(HttpJspBase.java:70)
	at javax.servlet.http.HttpServlet.service(HttpServlet.java:722)
	at org.apache.jasper.servlet.JspServletWrapper.service(JspServletWrapper.java:433)
	at org.apache.jasper.servlet.JspServlet.serviceJspFile(JspServlet.java:389)
	at org.apache.jasper.servlet.JspServlet.service(JspServlet.java:333)
	at javax.servlet.http.HttpServlet.service(HttpServlet.java:722)
	at org.apache.catalina.core.ApplicationFilterChain.internalDoFilter(ApplicationFilterChain.java:304)
	at org.apache.catalina.core.ApplicationFilterChain.doFilter(ApplicationFilterChain.java:210)
	at org.apache.catalina.core.ApplicationDispatcher.invoke(ApplicationDispatcher.java:684)
	at org.apache.catalina.core.ApplicationDispatcher.doInclude(ApplicationDispatcher.java:593)
	at org.apache.catalina.core.ApplicationDispatcher.include(ApplicationDispatcher.java:530)
	at org.eclipse.birt.report.presentation.aggregation.AbstractBaseFragment.service(AbstractBaseFragment.java:82)
	at org.eclipse.birt.report.presentation.aggregation.AbstractBaseFragment.callBack(AbstractBaseFragment.java:106)
	at org.apache.jsp.webcontent.birt.pages.layout.SidebarFragment_jsp._jspService(SidebarFragment_jsp.java:79)
	at org.apache.jasper.runtime.HttpJspBase.service(HttpJspBase.java:70)
	at javax.servlet.http.HttpServlet.service(HttpServlet.java:722)
	at org.apache.jasper.servlet.JspServletWrapper.service(JspServletWrapper.java:433)
	at org.apache.jasper.servlet.JspServlet.serviceJspFile(JspServlet.java:389)
	at org.apache.jasper.servlet.JspServlet.service(JspServlet.java:333)
	at javax.servlet.http.HttpServlet.service(HttpServlet.java:722)
	at org.apache.catalina.core.ApplicationFilterChain.internalDoFilter(ApplicationFilterChain.java:304)
	at org.apache.catalina.core.ApplicationFilterChain.doFilter(ApplicationFilterChain.java:210)
	at org.apache.catalina.core.ApplicationDispatcher.invoke(ApplicationDispatcher.java:684)
	at org.apache.catalina.core.ApplicationDispatcher.doInclude(ApplicationDispatcher.java:593)
	at org.apache.catalina.core.ApplicationDispatcher.include(ApplicationDispatcher.java:530)
	at org.eclipse.birt.report.presentation.aggregation.AbstractBaseFragment.service(AbstractBaseFragment.java:82)
	at org.eclipse.birt.report.presentation.aggregation.AbstractBaseFragment.callBack(AbstractBaseFragment.java:106)
	at org.apache.jsp.webcontent.birt.pages.layout.ReportFragment_jsp._jspService(ReportFragment_jsp.java:79)
	at org.apache.jasper.runtime.HttpJspBase.service(HttpJspBase.java:70)
	at javax.servlet.http.HttpServlet.service(HttpServlet.java:722)
	at org.apache.jasper.servlet.JspServletWrapper.service(JspServletWrapper.java:433)
	at org.apache.jasper.servlet.JspServlet.serviceJspFile(JspServlet.java:389)
	at org.apache.jasper.servlet.JspServlet.service(JspServlet.java:333)
	at javax.servlet.http.HttpServlet.service(HttpServlet.java:722)
	at org.apache.catalina.core.ApplicationFilterChain.internalDoFilter(ApplicationFilterChain.java:304)
	at org.apache.catalina.core.ApplicationFilterChain.doFilter(ApplicationFilterChain.java:210)
	at org.apache.catalina.core.ApplicationDispatcher.invoke(ApplicationDispatcher.java:684)
	at org.apache.catalina.core.ApplicationDispatcher.doInclude(ApplicationDispatcher.java:593)
	at org.apache.catalina.core.ApplicationDispatcher.include(ApplicationDispatcher.java:530)
	at org.eclipse.birt.report.presentation.aggregation.AbstractBaseFragment.service(AbstractBaseFragment.java:82)
	at org.eclipse.birt.report.presentation.aggregation.AbstractBaseFragment.callBack(AbstractBaseFragment.java:106)
	at org.apache.jsp.webcontent.birt.pages.layout.FramesetFragment_jsp._jspService(FramesetFragment_jsp.java:272)
	at org.apache.jasper.runtime.HttpJspBase.service(HttpJspBase.java:70)
	at javax.servlet.http.HttpServlet.service(HttpServlet.java:722)
	at org.apache.jasper.servlet.JspServletWrapper.service(JspServletWrapper.java:433)
	at org.apache.jasper.servlet.JspServlet.serviceJspFile(JspServlet.java:389)
	at org.apache.jasper.servlet.JspServlet.service(JspServlet.java:333)
	at javax.servlet.http.HttpServlet.service(HttpServlet.java:722)
	at org.apache.catalina.core.ApplicationFilterChain.internalDoFilter(ApplicationFilterChain.java:304)
	at org.apache.catalina.core.ApplicationFilterChain.doFilter(ApplicationFilterChain.java:210)
	at org.apache.catalina.core.ApplicationDispatcher.invoke(ApplicationDispatcher.java:684)
	at org.apache.catalina.core.ApplicationDispatcher.doInclude(ApplicationDispatcher.java:593)
	at org.apache.catalina.core.ApplicationDispatcher.include(ApplicationDispatcher.java:530)
	at org.eclipse.birt.report.presentation.aggregation.layout.FramesetFragment.service(FramesetFragment.java:98)
	at org.eclipse.birt.report.servlet.ViewerServlet.__doGet(ViewerServlet.java:181)
	at org.eclipse.birt.report.servlet.BirtSoapMessageDispatcherServlet.doGet(BirtSoapMessageDispatcherServlet.java:160)
	at javax.servlet.http.HttpServlet.service(HttpServlet.java:621)
	at org.apache.axis.transport.http.AxisServletBase.service(AxisServletBase.java:327)
	at javax.servlet.http.HttpServlet.service(HttpServlet.java:722)
	at org.eclipse.birt.report.servlet.BirtSoapMessageDispatcherServlet.service(BirtSoapMessageDispatcherServlet.java:122)
	at org.apache.catalina.core.ApplicationFilterChain.internalDoFilter(ApplicationFilterChain.java:304)
	at org.apache.catalina.core.ApplicationFilterChain.doFilter(ApplicationFilterChain.java:210)
	at org.eclipse.birt.report.filter.ViewerFilter.doFilter(ViewerFilter.java:68)
	at org.apache.catalina.core.ApplicationFilterChain.internalDoFilter(ApplicationFilterChain.java:243)
	at org.apache.catalina.core.ApplicationFilterChain.doFilter(ApplicationFilterChain.java:210)
	at org.apache.catalina.core.StandardWrapperValve.invoke(StandardWrapperValve.java:224)
	at org.apache.catalina.core.StandardContextValve.invoke(StandardContextValve.java:185)
	at org.apache.catalina.authenticator.AuthenticatorBase.invoke(AuthenticatorBase.java:472)
	at org.apache.catalina.core.StandardHostValve.invoke(StandardHostValve.java:151)
	at org.apache.catalina.valves.ErrorReportValve.invoke(ErrorReportValve.java:100)
	at org.apache.catalina.valves.AccessLogValve.invoke(AccessLogValve.java:929)
	at org.apache.catalina.core.StandardEngineValve.invoke(StandardEngineValve.java:118)
	at org.apache.catalina.connector.CoyoteAdapter.service(CoyoteAdapter.java:405)
	at org.apache.coyote.http11.Http11Processor.process(Http11Processor.java:269)
	at org.apache.coyote.AbstractProtocol$AbstractConnectionHandler.process(AbstractProtocol.java:515)
	at org.apache.tomcat.util.net.JIoEndpoint$SocketProcessor.run(JIoEndpoint.java:300)
	at java.util.concurrent.ThreadPoolExecutor.runWorker(ThreadPoolExecutor.java:1145)
	at java.util.concurrent.ThreadPoolExecutor$Worker.run(ThreadPoolExecutor.java:615)
	at java.lang.Thread.run(Thread.java:722)

Nov 24, 2015 10:34:07 AM org.eclipse.birt.report.engine.api.impl.GetParameterDefinitionTask getResultSetForParameter
WARNING: Column binding "__VALUE___department" has referred to a data set column "DEPARTMENT_ID" which does not exist.
org.eclipse.birt.data.engine.core.DataException: Column binding "__VALUE___department" has referred to a data set column "DEPARTMENT_ID" which does not exist.
	at org.eclipse.birt.data.engine.impl.ResultIterator.validateManualBindingExpressions(ResultIterator.java:380)
	at org.eclipse.birt.data.engine.impl.ResultIterator.<init>(ResultIterator.java:148)
	at org.eclipse.birt.data.engine.impl.QueryResults.getResultIterator(QueryResults.java:215)
	at org.eclipse.birt.report.engine.api.impl.GetParameterDefinitionTask.executeQuery(GetParameterDefinitionTask.java:653)
	at org.eclipse.birt.report.engine.api.impl.GetParameterDefinitionTask.getResultSetForParameter(GetParameterDefinitionTask.java:1379)
	at org.eclipse.birt.report.engine.api.impl.GetParameterDefinitionTask.getChoicesFromParameterQuery(GetParameterDefinitionTask.java:1351)
	at org.eclipse.birt.report.engine.api.impl.GetParameterDefinitionTask.doGetSelectionList(GetParameterDefinitionTask.java:523)
	at org.eclipse.birt.report.engine.api.impl.GetParameterDefinitionTask.getSelectionList(GetParameterDefinitionTask.java:453)
	at org.eclipse.birt.report.service.BirtViewerReportService.getParameterSelectionList(BirtViewerReportService.java:821)
	at org.eclipse.birt.report.presentation.aggregation.parameter.ComboBoxParameterFragment.prepareParameterBean(ComboBoxParameterFragment.java:91)
	at org.eclipse.birt.report.presentation.aggregation.parameter.ScalarParameterFragment.doService(ScalarParameterFragment.java:91)
	at org.eclipse.birt.report.presentation.aggregation.AbstractBaseFragment.service(AbstractBaseFragment.java:76)
	at org.apache.jsp.webcontent.birt.pages.dialog.ParameterDialogFragment_jsp._jspService(ParameterDialogFragment_jsp.java:116)
	at org.apache.jasper.runtime.HttpJspBase.service(HttpJspBase.java:70)
	at javax.servlet.http.HttpServlet.service(HttpServlet.java:722)
	at org.apache.jasper.servlet.JspServletWrapper.service(JspServletWrapper.java:433)
	at org.apache.jasper.servlet.JspServlet.serviceJspFile(JspServlet.java:389)
	at org.apache.jasper.servlet.JspServlet.service(JspServlet.java:333)
	at javax.servlet.http.HttpServlet.service(HttpServlet.java:722)
	at org.apache.catalina.core.ApplicationFilterChain.internalDoFilter(ApplicationFilterChain.java:304)
	at org.apache.catalina.core.ApplicationFilterChain.doFilter(ApplicationFilterChain.java:210)
	at org.apache.catalina.core.ApplicationDispatcher.invoke(ApplicationDispatcher.java:684)
	at org.apache.catalina.core.ApplicationDispatcher.doInclude(ApplicationDispatcher.java:593)
	at org.apache.catalina.core.ApplicationDispatcher.include(ApplicationDispatcher.java:530)
	at org.eclipse.birt.report.presentation.aggregation.AbstractBaseFragment.service(AbstractBaseFragment.java:82)
	at org.eclipse.birt.report.presentation.aggregation.AbstractBaseFragment.callBack(AbstractBaseFragment.java:106)
	at org.apache.jsp.webcontent.birt.pages.dialog.DialogContainerFragment_jsp._jspService(DialogContainerFragment_jsp.java:140)
	at org.apache.jasper.runtime.HttpJspBase.service(HttpJspBase.java:70)
	at javax.servlet.http.HttpServlet.service(HttpServlet.java:722)
	at org.apache.jasper.servlet.JspServletWrapper.service(JspServletWrapper.java:433)
	at org.apache.jasper.servlet.JspServlet.serviceJspFile(JspServlet.java:389)
	at org.apache.jasper.servlet.JspServlet.service(JspServlet.java:333)
	at javax.servlet.http.HttpServlet.service(HttpServlet.java:722)
	at org.apache.catalina.core.ApplicationFilterChain.internalDoFilter(ApplicationFilterChain.java:304)
	at org.apache.catalina.core.ApplicationFilterChain.doFilter(ApplicationFilterChain.java:210)
	at org.apache.catalina.core.ApplicationDispatcher.invoke(ApplicationDispatcher.java:684)
	at org.apache.catalina.core.ApplicationDispatcher.doInclude(ApplicationDispatcher.java:593)
	at org.apache.catalina.core.ApplicationDispatcher.include(ApplicationDispatcher.java:530)
	at org.eclipse.birt.report.presentation.aggregation.AbstractBaseFragment.service(AbstractBaseFragment.java:82)
	at org.eclipse.birt.report.presentation.aggregation.AbstractBaseFragment.callBack(AbstractBaseFragment.java:106)
	at org.apache.jsp.webcontent.birt.pages.layout.SidebarFragment_jsp._jspService(SidebarFragment_jsp.java:79)
	at org.apache.jasper.runtime.HttpJspBase.service(HttpJspBase.java:70)
	at javax.servlet.http.HttpServlet.service(HttpServlet.java:722)
	at org.apache.jasper.servlet.JspServletWrapper.service(JspServletWrapper.java:433)
	at org.apache.jasper.servlet.JspServlet.serviceJspFile(JspServlet.java:389)
	at org.apache.jasper.servlet.JspServlet.service(JspServlet.java:333)
	at javax.servlet.http.HttpServlet.service(HttpServlet.java:722)
	at org.apache.catalina.core.ApplicationFilterChain.internalDoFilter(ApplicationFilterChain.java:304)
	at org.apache.catalina.core.ApplicationFilterChain.doFilter(ApplicationFilterChain.java:210)
	at org.apache.catalina.core.ApplicationDispatcher.invoke(ApplicationDispatcher.java:684)
	at org.apache.catalina.core.ApplicationDispatcher.doInclude(ApplicationDispatcher.java:593)
	at org.apache.catalina.core.ApplicationDispatcher.include(ApplicationDispatcher.java:530)
	at org.eclipse.birt.report.presentation.aggregation.AbstractBaseFragment.service(AbstractBaseFragment.java:82)
	at org.eclipse.birt.report.presentation.aggregation.AbstractBaseFragment.callBack(AbstractBaseFragment.java:106)
	at org.apache.jsp.webcontent.birt.pages.layout.ReportFragment_jsp._jspService(ReportFragment_jsp.java:79)
	at org.apache.jasper.runtime.HttpJspBase.service(HttpJspBase.java:70)
	at javax.servlet.http.HttpServlet.service(HttpServlet.java:722)
	at org.apache.jasper.servlet.JspServletWrapper.service(JspServletWrapper.java:433)
	at org.apache.jasper.servlet.JspServlet.serviceJspFile(JspServlet.java:389)
	at org.apache.jasper.servlet.JspServlet.service(JspServlet.java:333)
	at javax.servlet.http.HttpServlet.service(HttpServlet.java:722)
	at org.apache.catalina.core.ApplicationFilterChain.internalDoFilter(ApplicationFilterChain.java:304)
	at org.apache.catalina.core.ApplicationFilterChain.doFilter(ApplicationFilterChain.java:210)
	at org.apache.catalina.core.ApplicationDispatcher.invoke(ApplicationDispatcher.java:684)
	at org.apache.catalina.core.ApplicationDispatcher.doInclude(ApplicationDispatcher.java:593)
	at org.apache.catalina.core.ApplicationDispatcher.include(ApplicationDispatcher.java:530)
	at org.eclipse.birt.report.presentation.aggregation.AbstractBaseFragment.service(AbstractBaseFragment.java:82)
	at org.eclipse.birt.report.presentation.aggregation.AbstractBaseFragment.callBack(AbstractBaseFragment.java:106)
	at org.apache.jsp.webcontent.birt.pages.layout.FramesetFragment_jsp._jspService(FramesetFragment_jsp.java:272)
	at org.apache.jasper.runtime.HttpJspBase.service(HttpJspBase.java:70)
	at javax.servlet.http.HttpServlet.service(HttpServlet.java:722)
	at org.apache.jasper.servlet.JspServletWrapper.service(JspServletWrapper.java:433)
	at org.apache.jasper.servlet.JspServlet.serviceJspFile(JspServlet.java:389)
	at org.apache.jasper.servlet.JspServlet.service(JspServlet.java:333)
	at javax.servlet.http.HttpServlet.service(HttpServlet.java:722)
	at org.apache.catalina.core.ApplicationFilterChain.internalDoFilter(ApplicationFilterChain.java:304)
	at org.apache.catalina.core.ApplicationFilterChain.doFilter(ApplicationFilterChain.java:210)
	at org.apache.catalina.core.ApplicationDispatcher.invoke(ApplicationDispatcher.java:684)
	at org.apache.catalina.core.ApplicationDispatcher.doInclude(ApplicationDispatcher.java:593)
	at org.apache.catalina.core.ApplicationDispatcher.include(ApplicationDispatcher.java:530)
	at org.eclipse.birt.report.presentation.aggregation.layout.FramesetFragment.service(FramesetFragment.java:98)
	at org.eclipse.birt.report.servlet.ViewerServlet.__doGet(ViewerServlet.java:181)
	at org.eclipse.birt.report.servlet.BirtSoapMessageDispatcherServlet.doGet(BirtSoapMessageDispatcherServlet.java:160)
	at javax.servlet.http.HttpServlet.service(HttpServlet.java:621)
	at org.apache.axis.transport.http.AxisServletBase.service(AxisServletBase.java:327)
	at javax.servlet.http.HttpServlet.service(HttpServlet.java:722)
	at org.eclipse.birt.report.servlet.BirtSoapMessageDispatcherServlet.service(BirtSoapMessageDispatcherServlet.java:122)
	at org.apache.catalina.core.ApplicationFilterChain.internalDoFilter(ApplicationFilterChain.java:304)
	at org.apache.catalina.core.ApplicationFilterChain.doFilter(ApplicationFilterChain.java:210)
	at org.eclipse.birt.report.filter.ViewerFilter.doFilter(ViewerFilter.java:68)
	at org.apache.catalina.core.ApplicationFilterChain.internalDoFilter(ApplicationFilterChain.java:243)
	at org.apache.catalina.core.ApplicationFilterChain.doFilter(ApplicationFilterChain.java:210)
	at org.apache.catalina.core.StandardWrapperValve.invoke(StandardWrapperValve.java:224)
	at org.apache.catalina.core.StandardContextValve.invoke(StandardContextValve.java:185)
	at org.apache.catalina.authenticator.AuthenticatorBase.invoke(AuthenticatorBase.java:472)
	at org.apache.catalina.core.StandardHostValve.invoke(StandardHostValve.java:151)
	at org.apache.catalina.valves.ErrorReportValve.invoke(ErrorReportValve.java:100)
	at org.apache.catalina.valves.AccessLogValve.invoke(AccessLogValve.java:929)
	at org.apache.catalina.core.StandardEngineValve.invoke(StandardEngineValve.java:118)
	at org.apache.catalina.connector.CoyoteAdapter.service(CoyoteAdapter.java:405)
	at org.apache.coyote.http11.Http11Processor.process(Http11Processor.java:269)
	at org.apache.coyote.AbstractProtocol$AbstractConnectionHandler.process(AbstractProtocol.java:515)
	at org.apache.tomcat.util.net.JIoEndpoint$SocketProcessor.run(JIoEndpoint.java:300)
	at java.util.concurrent.ThreadPoolExecutor.runWorker(ThreadPoolExecutor.java:1145)
	at java.util.concurrent.ThreadPoolExecutor$Worker.run(ThreadPoolExecutor.java:615)
	at java.lang.Thread.run(Thread.java:722)

Nov 24, 2015 10:35:06 AM org.eclipse.birt.report.engine.api.impl.GetParameterDefinitionTask getResultSetForParameter
WARNING: Column binding "__VALUE___department" has referred to a data set column "DEPARTMENT_ID" which does not exist.
org.eclipse.birt.data.engine.core.DataException: Column binding "__VALUE___department" has referred to a data set column "DEPARTMENT_ID" which does not exist.
	at org.eclipse.birt.data.engine.impl.ResultIterator.validateManualBindingExpressions(ResultIterator.java:380)
	at org.eclipse.birt.data.engine.impl.ResultIterator.<init>(ResultIterator.java:148)
	at org.eclipse.birt.data.engine.impl.QueryResults.getResultIterator(QueryResults.java:215)
	at org.eclipse.birt.report.engine.api.impl.GetParameterDefinitionTask.executeQuery(GetParameterDefinitionTask.java:653)
	at org.eclipse.birt.report.engine.api.impl.GetParameterDefinitionTask.getResultSetForParameter(GetParameterDefinitionTask.java:1379)
	at org.eclipse.birt.report.engine.api.impl.GetParameterDefinitionTask.getChoicesFromParameterQuery(GetParameterDefinitionTask.java:1351)
	at org.eclipse.birt.report.engine.api.impl.GetParameterDefinitionTask.doGetSelectionList(GetParameterDefinitionTask.java:523)
	at org.eclipse.birt.report.engine.api.impl.GetParameterDefinitionTask.getSelectionList(GetParameterDefinitionTask.java:453)
	at org.eclipse.birt.report.service.BirtViewerReportService.getParameterSelectionList(BirtViewerReportService.java:821)
	at org.eclipse.birt.report.presentation.aggregation.parameter.ComboBoxParameterFragment.prepareParameterBean(ComboBoxParameterFragment.java:91)
	at org.eclipse.birt.report.presentation.aggregation.parameter.ScalarParameterFragment.doService(ScalarParameterFragment.java:91)
	at org.eclipse.birt.report.presentation.aggregation.AbstractBaseFragment.service(AbstractBaseFragment.java:76)
	at org.apache.jsp.webcontent.birt.pages.dialog.ParameterDialogFragment_jsp._jspService(ParameterDialogFragment_jsp.java:116)
	at org.apache.jasper.runtime.HttpJspBase.service(HttpJspBase.java:70)
	at javax.servlet.http.HttpServlet.service(HttpServlet.java:722)
	at org.apache.jasper.servlet.JspServletWrapper.service(JspServletWrapper.java:433)
	at org.apache.jasper.servlet.JspServlet.serviceJspFile(JspServlet.java:389)
	at org.apache.jasper.servlet.JspServlet.service(JspServlet.java:333)
	at javax.servlet.http.HttpServlet.service(HttpServlet.java:722)
	at org.apache.catalina.core.ApplicationFilterChain.internalDoFilter(ApplicationFilterChain.java:304)
	at org.apache.catalina.core.ApplicationFilterChain.doFilter(ApplicationFilterChain.java:210)
	at org.apache.catalina.core.ApplicationDispatcher.invoke(ApplicationDispatcher.java:684)
	at org.apache.catalina.core.ApplicationDispatcher.doInclude(ApplicationDispatcher.java:593)
	at org.apache.catalina.core.ApplicationDispatcher.include(ApplicationDispatcher.java:530)
	at org.eclipse.birt.report.presentation.aggregation.AbstractBaseFragment.service(AbstractBaseFragment.java:82)
	at org.eclipse.birt.report.presentation.aggregation.AbstractBaseFragment.callBack(AbstractBaseFragment.java:106)
	at org.apache.jsp.webcontent.birt.pages.dialog.DialogContainerFragment_jsp._jspService(DialogContainerFragment_jsp.java:140)
	at org.apache.jasper.runtime.HttpJspBase.service(HttpJspBase.java:70)
	at javax.servlet.http.HttpServlet.service(HttpServlet.java:722)
	at org.apache.jasper.servlet.JspServletWrapper.service(JspServletWrapper.java:433)
	at org.apache.jasper.servlet.JspServlet.serviceJspFile(JspServlet.java:389)
	at org.apache.jasper.servlet.JspServlet.service(JspServlet.java:333)
	at javax.servlet.http.HttpServlet.service(HttpServlet.java:722)
	at org.apache.catalina.core.ApplicationFilterChain.internalDoFilter(ApplicationFilterChain.java:304)
	at org.apache.catalina.core.ApplicationFilterChain.doFilter(ApplicationFilterChain.java:210)
	at org.apache.catalina.core.ApplicationDispatcher.invoke(ApplicationDispatcher.java:684)
	at org.apache.catalina.core.ApplicationDispatcher.doInclude(ApplicationDispatcher.java:593)
	at org.apache.catalina.core.ApplicationDispatcher.include(ApplicationDispatcher.java:530)
	at org.eclipse.birt.report.presentation.aggregation.AbstractBaseFragment.service(AbstractBaseFragment.java:82)
	at org.eclipse.birt.report.presentation.aggregation.AbstractBaseFragment.callBack(AbstractBaseFragment.java:106)
	at org.apache.jsp.webcontent.birt.pages.layout.SidebarFragment_jsp._jspService(SidebarFragment_jsp.java:79)
	at org.apache.jasper.runtime.HttpJspBase.service(HttpJspBase.java:70)
	at javax.servlet.http.HttpServlet.service(HttpServlet.java:722)
	at org.apache.jasper.servlet.JspServletWrapper.service(JspServletWrapper.java:433)
	at org.apache.jasper.servlet.JspServlet.serviceJspFile(JspServlet.java:389)
	at org.apache.jasper.servlet.JspServlet.service(JspServlet.java:333)
	at javax.servlet.http.HttpServlet.service(HttpServlet.java:722)
	at org.apache.catalina.core.ApplicationFilterChain.internalDoFilter(ApplicationFilterChain.java:304)
	at org.apache.catalina.core.ApplicationFilterChain.doFilter(ApplicationFilterChain.java:210)
	at org.apache.catalina.core.ApplicationDispatcher.invoke(ApplicationDispatcher.java:684)
	at org.apache.catalina.core.ApplicationDispatcher.doInclude(ApplicationDispatcher.java:593)
	at org.apache.catalina.core.ApplicationDispatcher.include(ApplicationDispatcher.java:530)
	at org.eclipse.birt.report.presentation.aggregation.AbstractBaseFragment.service(AbstractBaseFragment.java:82)
	at org.eclipse.birt.report.presentation.aggregation.AbstractBaseFragment.callBack(AbstractBaseFragment.java:106)
	at org.apache.jsp.webcontent.birt.pages.layout.ReportFragment_jsp._jspService(ReportFragment_jsp.java:79)
	at org.apache.jasper.runtime.HttpJspBase.service(HttpJspBase.java:70)
	at javax.servlet.http.HttpServlet.service(HttpServlet.java:722)
	at org.apache.jasper.servlet.JspServletWrapper.service(JspServletWrapper.java:433)
	at org.apache.jasper.servlet.JspServlet.serviceJspFile(JspServlet.java:389)
	at org.apache.jasper.servlet.JspServlet.service(JspServlet.java:333)
	at javax.servlet.http.HttpServlet.service(HttpServlet.java:722)
	at org.apache.catalina.core.ApplicationFilterChain.internalDoFilter(ApplicationFilterChain.java:304)
	at org.apache.catalina.core.ApplicationFilterChain.doFilter(ApplicationFilterChain.java:210)
	at org.apache.catalina.core.ApplicationDispatcher.invoke(ApplicationDispatcher.java:684)
	at org.apache.catalina.core.ApplicationDispatcher.doInclude(ApplicationDispatcher.java:593)
	at org.apache.catalina.core.ApplicationDispatcher.include(ApplicationDispatcher.java:530)
	at org.eclipse.birt.report.presentation.aggregation.AbstractBaseFragment.service(AbstractBaseFragment.java:82)
	at org.eclipse.birt.report.presentation.aggregation.AbstractBaseFragment.callBack(AbstractBaseFragment.java:106)
	at org.apache.jsp.webcontent.birt.pages.layout.FramesetFragment_jsp._jspService(FramesetFragment_jsp.java:272)
	at org.apache.jasper.runtime.HttpJspBase.service(HttpJspBase.java:70)
	at javax.servlet.http.HttpServlet.service(HttpServlet.java:722)
	at org.apache.jasper.servlet.JspServletWrapper.service(JspServletWrapper.java:433)
	at org.apache.jasper.servlet.JspServlet.serviceJspFile(JspServlet.java:389)
	at org.apache.jasper.servlet.JspServlet.service(JspServlet.java:333)
	at javax.servlet.http.HttpServlet.service(HttpServlet.java:722)
	at org.apache.catalina.core.ApplicationFilterChain.internalDoFilter(ApplicationFilterChain.java:304)
	at org.apache.catalina.core.ApplicationFilterChain.doFilter(ApplicationFilterChain.java:210)
	at org.apache.catalina.core.ApplicationDispatcher.invoke(ApplicationDispatcher.java:684)
	at org.apache.catalina.core.ApplicationDispatcher.doInclude(ApplicationDispatcher.java:593)
	at org.apache.catalina.core.ApplicationDispatcher.include(ApplicationDispatcher.java:530)
	at org.eclipse.birt.report.presentation.aggregation.layout.FramesetFragment.service(FramesetFragment.java:98)
	at org.eclipse.birt.report.servlet.ViewerServlet.__doGet(ViewerServlet.java:181)
	at org.eclipse.birt.report.servlet.BirtSoapMessageDispatcherServlet.doGet(BirtSoapMessageDispatcherServlet.java:160)
	at javax.servlet.http.HttpServlet.service(HttpServlet.java:621)
	at org.apache.axis.transport.http.AxisServletBase.service(AxisServletBase.java:327)
	at javax.servlet.http.HttpServlet.service(HttpServlet.java:722)
	at org.eclipse.birt.report.servlet.BirtSoapMessageDispatcherServlet.service(BirtSoapMessageDispatcherServlet.java:122)
	at org.apache.catalina.core.ApplicationFilterChain.internalDoFilter(ApplicationFilterChain.java:304)
	at org.apache.catalina.core.ApplicationFilterChain.doFilter(ApplicationFilterChain.java:210)
	at org.eclipse.birt.report.filter.ViewerFilter.doFilter(ViewerFilter.java:68)
	at org.apache.catalina.core.ApplicationFilterChain.internalDoFilter(ApplicationFilterChain.java:243)
	at org.apache.catalina.core.ApplicationFilterChain.doFilter(ApplicationFilterChain.java:210)
	at org.apache.catalina.core.StandardWrapperValve.invoke(StandardWrapperValve.java:224)
	at org.apache.catalina.core.StandardContextValve.invoke(StandardContextValve.java:185)
	at org.apache.catalina.authenticator.AuthenticatorBase.invoke(AuthenticatorBase.java:472)
	at org.apache.catalina.core.StandardHostValve.invoke(StandardHostValve.java:151)
	at org.apache.catalina.valves.ErrorReportValve.invoke(ErrorReportValve.java:100)
	at org.apache.catalina.valves.AccessLogValve.invoke(AccessLogValve.java:929)
	at org.apache.catalina.core.StandardEngineValve.invoke(StandardEngineValve.java:118)
	at org.apache.catalina.connector.CoyoteAdapter.service(CoyoteAdapter.java:405)
	at org.apache.coyote.http11.Http11Processor.process(Http11Processor.java:269)
	at org.apache.coyote.AbstractProtocol$AbstractConnectionHandler.process(AbstractProtocol.java:515)
	at org.apache.tomcat.util.net.JIoEndpoint$SocketProcessor.run(JIoEndpoint.java:300)
	at java.util.concurrent.ThreadPoolExecutor.runWorker(ThreadPoolExecutor.java:1145)
	at java.util.concurrent.ThreadPoolExecutor$Worker.run(ThreadPoolExecutor.java:615)
	at java.lang.Thread.run(Thread.java:722)

Nov 24, 2015 11:01:27 AM org.eclipse.birt.report.engine.executor.ExecutorManager$ExecutorContext executeQuery
SEVERE: A BIRT exception occurred. See next exception for more information.
Can not convert the value of A to Double type.
org.eclipse.birt.data.engine.core.DataException: A BIRT exception occurred. See next exception for more information.
Can not convert the value of A to Double type.
	at org.eclipse.birt.data.engine.core.DataException.wrap(DataException.java:123)
	at org.eclipse.birt.data.aggregation.calculator.StringCalculator.toDouble(StringCalculator.java:140)
	at org.eclipse.birt.data.aggregation.calculator.StringCalculator.convert(StringCalculator.java:108)
	at org.eclipse.birt.data.aggregation.calculator.StringCalculator.add(StringCalculator.java:39)
	at org.eclipse.birt.data.aggregation.impl.TotalSum$MyAccumulator.onRow(TotalSum.java:118)
	at org.eclipse.birt.data.engine.olap.data.impl.aggregation.AggregationCalculator.newAggregationResultRow(AggregationCalculator.java:428)
	at org.eclipse.birt.data.engine.olap.data.impl.aggregation.AggregationCalculator.onRow(AggregationCalculator.java:293)
	at org.eclipse.birt.data.engine.olap.data.impl.aggregation.AggregationExecutor.execute(AggregationExecutor.java:308)
	at org.eclipse.birt.data.engine.olap.data.api.CubeQueryExecutorHelper.onePassExecute(CubeQueryExecutorHelper.java:923)
	at org.eclipse.birt.data.engine.olap.data.api.CubeQueryExecutorHelper.executeFactTableQuery(CubeQueryExecutorHelper.java:483)
	at org.eclipse.birt.data.engine.olap.data.api.CubeQueryExecutorHelper.execute(CubeQueryExecutorHelper.java:416)
	at org.eclipse.birt.data.engine.olap.query.view.QueryExecutor.executeQuery(QueryExecutor.java:950)
	at org.eclipse.birt.data.engine.olap.query.view.QueryExecutor.populateRs(QueryExecutor.java:904)
	at org.eclipse.birt.data.engine.olap.query.view.QueryExecutor.execute(QueryExecutor.java:174)
	at org.eclipse.birt.data.engine.olap.query.view.BirtCubeView.createCubeCursor(BirtCubeView.java:201)
	at org.eclipse.birt.data.engine.olap.query.view.BirtCubeView.getCubeCursor(BirtCubeView.java:182)
	at org.eclipse.birt.data.engine.olap.impl.query.CubeQueryResults.createCursor(CubeQueryResults.java:298)
	at org.eclipse.birt.data.engine.olap.impl.query.CubeQueryResults.getCubeCursor(CubeQueryResults.java:161)
	at org.eclipse.birt.report.engine.data.dte.CubeResultSet.<init>(CubeResultSet.java:78)
	at org.eclipse.birt.report.engine.data.dte.DteDataEngine.doExecuteCube(DteDataEngine.java:249)
	at org.eclipse.birt.report.engine.data.dte.DataGenerationEngine.doExecuteCube(DataGenerationEngine.java:96)
	at org.eclipse.birt.report.engine.data.dte.AbstractDataEngine.execute(AbstractDataEngine.java:272)
	at org.eclipse.birt.report.engine.executor.ExecutorManager$ExecutorContext.executeQuery(ExecutorManager.java:447)
	at org.eclipse.birt.report.item.crosstab.core.re.executor.BaseCrosstabExecutor.executeQuery(BaseCrosstabExecutor.java:122)
	at org.eclipse.birt.report.item.crosstab.core.re.executor.CrosstabReportItemExecutor.execute(CrosstabReportItemExecutor.java:102)
	at org.eclipse.birt.report.engine.executor.ExtendedItemExecutor.execute(ExtendedItemExecutor.java:62)
	at org.eclipse.birt.report.engine.internal.executor.wrap.WrappedReportItemExecutor.execute(WrappedReportItemExecutor.java:46)
	at org.eclipse.birt.report.engine.internal.executor.emitter.ReportItemEmitterExecutor.execute(ReportItemEmitterExecutor.java:46)
	at org.eclipse.birt.report.engine.internal.executor.dup.SuppressDuplicateItemExecutor.execute(SuppressDuplicateItemExecutor.java:43)
	at org.eclipse.birt.report.engine.internal.executor.wrap.WrappedReportItemExecutor.execute(WrappedReportItemExecutor.java:46)
	at org.eclipse.birt.report.engine.internal.executor.l18n.LocalizedReportItemExecutor.execute(LocalizedReportItemExecutor.java:34)
	at org.eclipse.birt.report.engine.layout.html.HTMLBlockStackingLM.layoutNodes(HTMLBlockStackingLM.java:65)
	at org.eclipse.birt.report.engine.layout.html.HTMLPageLM.layout(HTMLPageLM.java:92)
	at org.eclipse.birt.report.engine.layout.html.HTMLReportLayoutEngine.layout(HTMLReportLayoutEngine.java:100)
	at org.eclipse.birt.report.engine.presentation.ReportDocumentBuilder.build(ReportDocumentBuilder.java:249)
	at org.eclipse.birt.report.engine.api.impl.RunTask.doRun(RunTask.java:269)
	at org.eclipse.birt.report.engine.api.impl.RunTask.run(RunTask.java:86)
	at org.eclipse.birt.report.service.ReportEngineService.runReport(ReportEngineService.java:1325)
	at org.eclipse.birt.report.service.BirtViewerReportService.runReport(BirtViewerReportService.java:158)
	at org.eclipse.birt.report.service.actionhandler.BirtRunReportActionHandler.__execute(BirtRunReportActionHandler.java:81)
	at org.eclipse.birt.report.service.actionhandler.BirtChangeParameterActionHandler.runReport(BirtChangeParameterActionHandler.java:58)
	at org.eclipse.birt.report.service.actionhandler.AbstractChangeParameterActionHandler.__execute(AbstractChangeParameterActionHandler.java:53)
	at org.eclipse.birt.report.service.actionhandler.AbstractBaseActionHandler.execute(AbstractBaseActionHandler.java:90)
	at org.eclipse.birt.report.soapengine.processor.AbstractBaseDocumentProcessor.__executeAction(AbstractBaseDocumentProcessor.java:47)
	at org.eclipse.birt.report.soapengine.processor.AbstractBaseComponentProcessor.executeAction(AbstractBaseComponentProcessor.java:143)
	at org.eclipse.birt.report.soapengine.processor.BirtDocumentProcessor.handleChangeParameter(BirtDocumentProcessor.java:100)
	at sun.reflect.NativeMethodAccessorImpl.invoke0(Native Method)
	at sun.reflect.NativeMethodAccessorImpl.invoke(NativeMethodAccessorImpl.java:57)
	at sun.reflect.DelegatingMethodAccessorImpl.invoke(DelegatingMethodAccessorImpl.java:43)
	at java.lang.reflect.Method.invoke(Method.java:601)
	at org.eclipse.birt.report.soapengine.processor.AbstractBaseComponentProcessor.process(AbstractBaseComponentProcessor.java:112)
	at org.eclipse.birt.report.soapengine.endpoint.BirtSoapBindingImpl.getUpdatedObjects(BirtSoapBindingImpl.java:66)
	at sun.reflect.NativeMethodAccessorImpl.invoke0(Native Method)
	at sun.reflect.NativeMethodAccessorImpl.invoke(NativeMethodAccessorImpl.java:57)
	at sun.reflect.DelegatingMethodAccessorImpl.invoke(DelegatingMethodAccessorImpl.java:43)
	at java.lang.reflect.Method.invoke(Method.java:601)
	at org.apache.axis.providers.java.RPCProvider.invokeMethod(RPCProvider.java:397)
	at org.apache.axis.providers.java.RPCProvider.processMessage(RPCProvider.java:186)
	at org.apache.axis.providers.java.JavaProvider.invoke(JavaProvider.java:323)
	at org.apache.axis.strategies.InvocationStrategy.visit(InvocationStrategy.java:32)
	at org.apache.axis.SimpleChain.doVisiting(SimpleChain.java:118)
	at org.apache.axis.SimpleChain.invoke(SimpleChain.java:83)
	at org.apache.axis.handlers.soap.SOAPService.invoke(SOAPService.java:454)
	at org.apache.axis.server.AxisServer.invoke(AxisServer.java:281)
	at org.apache.axis.transport.http.AxisServlet.doPost(AxisServlet.java:699)
	at org.eclipse.birt.report.servlet.BirtSoapMessageDispatcherServlet.doPost(BirtSoapMessageDispatcherServlet.java:265)
	at javax.servlet.http.HttpServlet.service(HttpServlet.java:641)
	at org.apache.axis.transport.http.AxisServletBase.service(AxisServletBase.java:327)
	at javax.servlet.http.HttpServlet.service(HttpServlet.java:722)
	at org.eclipse.birt.report.servlet.BirtSoapMessageDispatcherServlet.service(BirtSoapMessageDispatcherServlet.java:122)
	at org.apache.catalina.core.ApplicationFilterChain.internalDoFilter(ApplicationFilterChain.java:304)
	at org.apache.catalina.core.ApplicationFilterChain.doFilter(ApplicationFilterChain.java:210)
	at org.eclipse.birt.report.filter.ViewerFilter.doFilter(ViewerFilter.java:68)
	at org.apache.catalina.core.ApplicationFilterChain.internalDoFilter(ApplicationFilterChain.java:243)
	at org.apache.catalina.core.ApplicationFilterChain.doFilter(ApplicationFilterChain.java:210)
	at org.apache.catalina.core.StandardWrapperValve.invoke(StandardWrapperValve.java:224)
	at org.apache.catalina.core.StandardContextValve.invoke(StandardContextValve.java:185)
	at org.apache.catalina.authenticator.AuthenticatorBase.invoke(AuthenticatorBase.java:472)
	at org.apache.catalina.core.StandardHostValve.invoke(StandardHostValve.java:151)
	at org.apache.catalina.valves.ErrorReportValve.invoke(ErrorReportValve.java:100)
	at org.apache.catalina.valves.AccessLogValve.invoke(AccessLogValve.java:929)
	at org.apache.catalina.core.StandardEngineValve.invoke(StandardEngineValve.java:118)
	at org.apache.catalina.connector.CoyoteAdapter.service(CoyoteAdapter.java:405)
	at org.apache.coyote.http11.Http11Processor.process(Http11Processor.java:269)
	at org.apache.coyote.AbstractProtocol$AbstractConnectionHandler.process(AbstractProtocol.java:515)
	at org.apache.tomcat.util.net.JIoEndpoint$SocketProcessor.run(JIoEndpoint.java:302)
	at java.util.concurrent.ThreadPoolExecutor.runWorker(ThreadPoolExecutor.java:1145)
	at java.util.concurrent.ThreadPoolExecutor$Worker.run(ThreadPoolExecutor.java:615)
	at java.lang.Thread.run(Thread.java:722)
Caused by: org.eclipse.birt.core.exception.CoreException: Can not convert the value of A to Double type.
	... 88 more

Nov 24, 2015 11:01:27 AM org.eclipse.birt.report.item.crosstab.core.re.executor.CrosstabReportItemExecutor execute
SEVERE: The cube result for crosstab is invalid(=null).
Nov 24, 2015 11:05:44 AM org.eclipse.birt.report.engine.executor.ExecutorManager$ExecutorContext executeQuery
SEVERE: A BIRT exception occurred. See next exception for more information.
Can not convert the value of LB to Double type.
org.eclipse.birt.data.engine.core.DataException: A BIRT exception occurred. See next exception for more information.
Can not convert the value of LB to Double type.
	at org.eclipse.birt.data.engine.core.DataException.wrap(DataException.java:123)
	at org.eclipse.birt.data.aggregation.calculator.StringCalculator.toDouble(StringCalculator.java:140)
	at org.eclipse.birt.data.aggregation.calculator.StringCalculator.convert(StringCalculator.java:108)
	at org.eclipse.birt.data.aggregation.calculator.StringCalculator.add(StringCalculator.java:39)
	at org.eclipse.birt.data.aggregation.impl.TotalSum$MyAccumulator.onRow(TotalSum.java:118)
	at org.eclipse.birt.data.engine.olap.data.impl.aggregation.AggregationCalculator.newAggregationResultRow(AggregationCalculator.java:428)
	at org.eclipse.birt.data.engine.olap.data.impl.aggregation.AggregationCalculator.onRow(AggregationCalculator.java:293)
	at org.eclipse.birt.data.engine.olap.data.impl.aggregation.AggregationExecutor.execute(AggregationExecutor.java:308)
	at org.eclipse.birt.data.engine.olap.data.api.CubeQueryExecutorHelper.onePassExecute(CubeQueryExecutorHelper.java:923)
	at org.eclipse.birt.data.engine.olap.data.api.CubeQueryExecutorHelper.executeFactTableQuery(CubeQueryExecutorHelper.java:483)
	at org.eclipse.birt.data.engine.olap.data.api.CubeQueryExecutorHelper.execute(CubeQueryExecutorHelper.java:416)
	at org.eclipse.birt.data.engine.olap.query.view.QueryExecutor.executeQuery(QueryExecutor.java:950)
	at org.eclipse.birt.data.engine.olap.query.view.QueryExecutor.populateRs(QueryExecutor.java:904)
	at org.eclipse.birt.data.engine.olap.query.view.QueryExecutor.execute(QueryExecutor.java:174)
	at org.eclipse.birt.data.engine.olap.query.view.BirtCubeView.createCubeCursor(BirtCubeView.java:201)
	at org.eclipse.birt.data.engine.olap.query.view.BirtCubeView.getCubeCursor(BirtCubeView.java:182)
	at org.eclipse.birt.data.engine.olap.impl.query.CubeQueryResults.createCursor(CubeQueryResults.java:298)
	at org.eclipse.birt.data.engine.olap.impl.query.CubeQueryResults.getCubeCursor(CubeQueryResults.java:161)
	at org.eclipse.birt.report.engine.data.dte.CubeResultSet.<init>(CubeResultSet.java:78)
	at org.eclipse.birt.report.engine.data.dte.DteDataEngine.doExecuteCube(DteDataEngine.java:249)
	at org.eclipse.birt.report.engine.data.dte.DataGenerationEngine.doExecuteCube(DataGenerationEngine.java:96)
	at org.eclipse.birt.report.engine.data.dte.AbstractDataEngine.execute(AbstractDataEngine.java:272)
	at org.eclipse.birt.report.engine.executor.ExecutorManager$ExecutorContext.executeQuery(ExecutorManager.java:447)
	at org.eclipse.birt.report.item.crosstab.core.re.executor.BaseCrosstabExecutor.executeQuery(BaseCrosstabExecutor.java:122)
	at org.eclipse.birt.report.item.crosstab.core.re.executor.CrosstabReportItemExecutor.execute(CrosstabReportItemExecutor.java:102)
	at org.eclipse.birt.report.engine.executor.ExtendedItemExecutor.execute(ExtendedItemExecutor.java:62)
	at org.eclipse.birt.report.engine.internal.executor.wrap.WrappedReportItemExecutor.execute(WrappedReportItemExecutor.java:46)
	at org.eclipse.birt.report.engine.internal.executor.emitter.ReportItemEmitterExecutor.execute(ReportItemEmitterExecutor.java:46)
	at org.eclipse.birt.report.engine.internal.executor.dup.SuppressDuplicateItemExecutor.execute(SuppressDuplicateItemExecutor.java:43)
	at org.eclipse.birt.report.engine.internal.executor.wrap.WrappedReportItemExecutor.execute(WrappedReportItemExecutor.java:46)
	at org.eclipse.birt.report.engine.internal.executor.l18n.LocalizedReportItemExecutor.execute(LocalizedReportItemExecutor.java:34)
	at org.eclipse.birt.report.engine.layout.html.HTMLBlockStackingLM.layoutNodes(HTMLBlockStackingLM.java:65)
	at org.eclipse.birt.report.engine.layout.html.HTMLPageLM.layout(HTMLPageLM.java:92)
	at org.eclipse.birt.report.engine.layout.html.HTMLReportLayoutEngine.layout(HTMLReportLayoutEngine.java:100)
	at org.eclipse.birt.report.engine.presentation.ReportDocumentBuilder.build(ReportDocumentBuilder.java:249)
	at org.eclipse.birt.report.engine.api.impl.RunTask.doRun(RunTask.java:269)
	at org.eclipse.birt.report.engine.api.impl.RunTask.run(RunTask.java:86)
	at org.eclipse.birt.report.service.ReportEngineService.runReport(ReportEngineService.java:1325)
	at org.eclipse.birt.report.service.BirtViewerReportService.runReport(BirtViewerReportService.java:158)
	at org.eclipse.birt.report.service.actionhandler.BirtRunReportActionHandler.__execute(BirtRunReportActionHandler.java:81)
	at org.eclipse.birt.report.service.actionhandler.BirtChangeParameterActionHandler.runReport(BirtChangeParameterActionHandler.java:58)
	at org.eclipse.birt.report.service.actionhandler.AbstractChangeParameterActionHandler.__execute(AbstractChangeParameterActionHandler.java:53)
	at org.eclipse.birt.report.service.actionhandler.AbstractBaseActionHandler.execute(AbstractBaseActionHandler.java:90)
	at org.eclipse.birt.report.soapengine.processor.AbstractBaseDocumentProcessor.__executeAction(AbstractBaseDocumentProcessor.java:47)
	at org.eclipse.birt.report.soapengine.processor.AbstractBaseComponentProcessor.executeAction(AbstractBaseComponentProcessor.java:143)
	at org.eclipse.birt.report.soapengine.processor.BirtDocumentProcessor.handleChangeParameter(BirtDocumentProcessor.java:100)
	at sun.reflect.NativeMethodAccessorImpl.invoke0(Native Method)
	at sun.reflect.NativeMethodAccessorImpl.invoke(NativeMethodAccessorImpl.java:57)
	at sun.reflect.DelegatingMethodAccessorImpl.invoke(DelegatingMethodAccessorImpl.java:43)
	at java.lang.reflect.Method.invoke(Method.java:601)
	at org.eclipse.birt.report.soapengine.processor.AbstractBaseComponentProcessor.process(AbstractBaseComponentProcessor.java:112)
	at org.eclipse.birt.report.soapengine.endpoint.BirtSoapBindingImpl.getUpdatedObjects(BirtSoapBindingImpl.java:66)
	at sun.reflect.NativeMethodAccessorImpl.invoke0(Native Method)
	at sun.reflect.NativeMethodAccessorImpl.invoke(NativeMethodAccessorImpl.java:57)
	at sun.reflect.DelegatingMethodAccessorImpl.invoke(DelegatingMethodAccessorImpl.java:43)
	at java.lang.reflect.Method.invoke(Method.java:601)
	at org.apache.axis.providers.java.RPCProvider.invokeMethod(RPCProvider.java:397)
	at org.apache.axis.providers.java.RPCProvider.processMessage(RPCProvider.java:186)
	at org.apache.axis.providers.java.JavaProvider.invoke(JavaProvider.java:323)
	at org.apache.axis.strategies.InvocationStrategy.visit(InvocationStrategy.java:32)
	at org.apache.axis.SimpleChain.doVisiting(SimpleChain.java:118)
	at org.apache.axis.SimpleChain.invoke(SimpleChain.java:83)
	at org.apache.axis.handlers.soap.SOAPService.invoke(SOAPService.java:454)
	at org.apache.axis.server.AxisServer.invoke(AxisServer.java:281)
	at org.apache.axis.transport.http.AxisServlet.doPost(AxisServlet.java:699)
	at org.eclipse.birt.report.servlet.BirtSoapMessageDispatcherServlet.doPost(BirtSoapMessageDispatcherServlet.java:265)
	at javax.servlet.http.HttpServlet.service(HttpServlet.java:641)
	at org.apache.axis.transport.http.AxisServletBase.service(AxisServletBase.java:327)
	at javax.servlet.http.HttpServlet.service(HttpServlet.java:722)
	at org.eclipse.birt.report.servlet.BirtSoapMessageDispatcherServlet.service(BirtSoapMessageDispatcherServlet.java:122)
	at org.apache.catalina.core.ApplicationFilterChain.internalDoFilter(ApplicationFilterChain.java:304)
	at org.apache.catalina.core.ApplicationFilterChain.doFilter(ApplicationFilterChain.java:210)
	at org.eclipse.birt.report.filter.ViewerFilter.doFilter(ViewerFilter.java:68)
	at org.apache.catalina.core.ApplicationFilterChain.internalDoFilter(ApplicationFilterChain.java:243)
	at org.apache.catalina.core.ApplicationFilterChain.doFilter(ApplicationFilterChain.java:210)
	at org.apache.catalina.core.StandardWrapperValve.invoke(StandardWrapperValve.java:224)
	at org.apache.catalina.core.StandardContextValve.invoke(StandardContextValve.java:185)
	at org.apache.catalina.authenticator.AuthenticatorBase.invoke(AuthenticatorBase.java:472)
	at org.apache.catalina.core.StandardHostValve.invoke(StandardHostValve.java:151)
	at org.apache.catalina.valves.ErrorReportValve.invoke(ErrorReportValve.java:100)
	at org.apache.catalina.valves.AccessLogValve.invoke(AccessLogValve.java:929)
	at org.apache.catalina.core.StandardEngineValve.invoke(StandardEngineValve.java:118)
	at org.apache.catalina.connector.CoyoteAdapter.service(CoyoteAdapter.java:405)
	at org.apache.coyote.http11.Http11Processor.process(Http11Processor.java:269)
	at org.apache.coyote.AbstractProtocol$AbstractConnectionHandler.process(AbstractProtocol.java:515)
	at org.apache.tomcat.util.net.JIoEndpoint$SocketProcessor.run(JIoEndpoint.java:302)
	at java.util.concurrent.ThreadPoolExecutor.runWorker(ThreadPoolExecutor.java:1145)
	at java.util.concurrent.ThreadPoolExecutor$Worker.run(ThreadPoolExecutor.java:615)
	at java.lang.Thread.run(Thread.java:722)
Caused by: org.eclipse.birt.core.exception.CoreException: Can not convert the value of LB to Double type.
	... 88 more

Nov 24, 2015 11:05:44 AM org.eclipse.birt.report.item.crosstab.core.re.executor.CrosstabReportItemExecutor execute
SEVERE: The cube result for crosstab is invalid(=null).
Nov 24, 2015 11:06:24 AM org.eclipse.birt.report.engine.executor.ExecutorManager$ExecutorContext executeQuery
SEVERE: A BIRT exception occurred. See next exception for more information.
Can not convert the value of A to Double type.
org.eclipse.birt.data.engine.core.DataException: A BIRT exception occurred. See next exception for more information.
Can not convert the value of A to Double type.
	at org.eclipse.birt.data.engine.core.DataException.wrap(DataException.java:123)
	at org.eclipse.birt.data.aggregation.calculator.StringCalculator.toDouble(StringCalculator.java:140)
	at org.eclipse.birt.data.aggregation.calculator.StringCalculator.convert(StringCalculator.java:108)
	at org.eclipse.birt.data.aggregation.calculator.StringCalculator.add(StringCalculator.java:39)
	at org.eclipse.birt.data.aggregation.impl.TotalSum$MyAccumulator.onRow(TotalSum.java:118)
	at org.eclipse.birt.data.engine.olap.data.impl.aggregation.AggregationCalculator.newAggregationResultRow(AggregationCalculator.java:428)
	at org.eclipse.birt.data.engine.olap.data.impl.aggregation.AggregationCalculator.onRow(AggregationCalculator.java:293)
	at org.eclipse.birt.data.engine.olap.data.impl.aggregation.AggregationExecutor.execute(AggregationExecutor.java:308)
	at org.eclipse.birt.data.engine.olap.data.api.CubeQueryExecutorHelper.onePassExecute(CubeQueryExecutorHelper.java:923)
	at org.eclipse.birt.data.engine.olap.data.api.CubeQueryExecutorHelper.executeFactTableQuery(CubeQueryExecutorHelper.java:483)
	at org.eclipse.birt.data.engine.olap.data.api.CubeQueryExecutorHelper.execute(CubeQueryExecutorHelper.java:416)
	at org.eclipse.birt.data.engine.olap.query.view.QueryExecutor.executeQuery(QueryExecutor.java:950)
	at org.eclipse.birt.data.engine.olap.query.view.QueryExecutor.populateRs(QueryExecutor.java:904)
	at org.eclipse.birt.data.engine.olap.query.view.QueryExecutor.execute(QueryExecutor.java:174)
	at org.eclipse.birt.data.engine.olap.query.view.BirtCubeView.createCubeCursor(BirtCubeView.java:201)
	at org.eclipse.birt.data.engine.olap.query.view.BirtCubeView.getCubeCursor(BirtCubeView.java:182)
	at org.eclipse.birt.data.engine.olap.impl.query.CubeQueryResults.createCursor(CubeQueryResults.java:298)
	at org.eclipse.birt.data.engine.olap.impl.query.CubeQueryResults.getCubeCursor(CubeQueryResults.java:161)
	at org.eclipse.birt.report.engine.data.dte.CubeResultSet.<init>(CubeResultSet.java:78)
	at org.eclipse.birt.report.engine.data.dte.DteDataEngine.doExecuteCube(DteDataEngine.java:249)
	at org.eclipse.birt.report.engine.data.dte.DataGenerationEngine.doExecuteCube(DataGenerationEngine.java:96)
	at org.eclipse.birt.report.engine.data.dte.AbstractDataEngine.execute(AbstractDataEngine.java:272)
	at org.eclipse.birt.report.engine.executor.ExecutorManager$ExecutorContext.executeQuery(ExecutorManager.java:447)
	at org.eclipse.birt.report.item.crosstab.core.re.executor.BaseCrosstabExecutor.executeQuery(BaseCrosstabExecutor.java:122)
	at org.eclipse.birt.report.item.crosstab.core.re.executor.CrosstabReportItemExecutor.execute(CrosstabReportItemExecutor.java:102)
	at org.eclipse.birt.report.engine.executor.ExtendedItemExecutor.execute(ExtendedItemExecutor.java:62)
	at org.eclipse.birt.report.engine.internal.executor.wrap.WrappedReportItemExecutor.execute(WrappedReportItemExecutor.java:46)
	at org.eclipse.birt.report.engine.internal.executor.emitter.ReportItemEmitterExecutor.execute(ReportItemEmitterExecutor.java:46)
	at org.eclipse.birt.report.engine.internal.executor.dup.SuppressDuplicateItemExecutor.execute(SuppressDuplicateItemExecutor.java:43)
	at org.eclipse.birt.report.engine.internal.executor.wrap.WrappedReportItemExecutor.execute(WrappedReportItemExecutor.java:46)
	at org.eclipse.birt.report.engine.internal.executor.l18n.LocalizedReportItemExecutor.execute(LocalizedReportItemExecutor.java:34)
	at org.eclipse.birt.report.engine.layout.html.HTMLBlockStackingLM.layoutNodes(HTMLBlockStackingLM.java:65)
	at org.eclipse.birt.report.engine.layout.html.HTMLPageLM.layout(HTMLPageLM.java:92)
	at org.eclipse.birt.report.engine.layout.html.HTMLReportLayoutEngine.layout(HTMLReportLayoutEngine.java:100)
	at org.eclipse.birt.report.engine.presentation.ReportDocumentBuilder.build(ReportDocumentBuilder.java:249)
	at org.eclipse.birt.report.engine.api.impl.RunTask.doRun(RunTask.java:269)
	at org.eclipse.birt.report.engine.api.impl.RunTask.run(RunTask.java:86)
	at org.eclipse.birt.report.service.ReportEngineService.runReport(ReportEngineService.java:1325)
	at org.eclipse.birt.report.service.BirtViewerReportService.runReport(BirtViewerReportService.java:158)
	at org.eclipse.birt.report.service.actionhandler.BirtRunReportActionHandler.__execute(BirtRunReportActionHandler.java:81)
	at org.eclipse.birt.report.service.actionhandler.BirtChangeParameterActionHandler.runReport(BirtChangeParameterActionHandler.java:58)
	at org.eclipse.birt.report.service.actionhandler.AbstractChangeParameterActionHandler.__execute(AbstractChangeParameterActionHandler.java:53)
	at org.eclipse.birt.report.service.actionhandler.AbstractBaseActionHandler.execute(AbstractBaseActionHandler.java:90)
	at org.eclipse.birt.report.soapengine.processor.AbstractBaseDocumentProcessor.__executeAction(AbstractBaseDocumentProcessor.java:47)
	at org.eclipse.birt.report.soapengine.processor.AbstractBaseComponentProcessor.executeAction(AbstractBaseComponentProcessor.java:143)
	at org.eclipse.birt.report.soapengine.processor.BirtDocumentProcessor.handleChangeParameter(BirtDocumentProcessor.java:100)
	at sun.reflect.NativeMethodAccessorImpl.invoke0(Native Method)
	at sun.reflect.NativeMethodAccessorImpl.invoke(NativeMethodAccessorImpl.java:57)
	at sun.reflect.DelegatingMethodAccessorImpl.invoke(DelegatingMethodAccessorImpl.java:43)
	at java.lang.reflect.Method.invoke(Method.java:601)
	at org.eclipse.birt.report.soapengine.processor.AbstractBaseComponentProcessor.process(AbstractBaseComponentProcessor.java:112)
	at org.eclipse.birt.report.soapengine.endpoint.BirtSoapBindingImpl.getUpdatedObjects(BirtSoapBindingImpl.java:66)
	at sun.reflect.NativeMethodAccessorImpl.invoke0(Native Method)
	at sun.reflect.NativeMethodAccessorImpl.invoke(NativeMethodAccessorImpl.java:57)
	at sun.reflect.DelegatingMethodAccessorImpl.invoke(DelegatingMethodAccessorImpl.java:43)
	at java.lang.reflect.Method.invoke(Method.java:601)
	at org.apache.axis.providers.java.RPCProvider.invokeMethod(RPCProvider.java:397)
	at org.apache.axis.providers.java.RPCProvider.processMessage(RPCProvider.java:186)
	at org.apache.axis.providers.java.JavaProvider.invoke(JavaProvider.java:323)
	at org.apache.axis.strategies.InvocationStrategy.visit(InvocationStrategy.java:32)
	at org.apache.axis.SimpleChain.doVisiting(SimpleChain.java:118)
	at org.apache.axis.SimpleChain.invoke(SimpleChain.java:83)
	at org.apache.axis.handlers.soap.SOAPService.invoke(SOAPService.java:454)
	at org.apache.axis.server.AxisServer.invoke(AxisServer.java:281)
	at org.apache.axis.transport.http.AxisServlet.doPost(AxisServlet.java:699)
	at org.eclipse.birt.report.servlet.BirtSoapMessageDispatcherServlet.doPost(BirtSoapMessageDispatcherServlet.java:265)
	at javax.servlet.http.HttpServlet.service(HttpServlet.java:641)
	at org.apache.axis.transport.http.AxisServletBase.service(AxisServletBase.java:327)
	at javax.servlet.http.HttpServlet.service(HttpServlet.java:722)
	at org.eclipse.birt.report.servlet.BirtSoapMessageDispatcherServlet.service(BirtSoapMessageDispatcherServlet.java:122)
	at org.apache.catalina.core.ApplicationFilterChain.internalDoFilter(ApplicationFilterChain.java:304)
	at org.apache.catalina.core.ApplicationFilterChain.doFilter(ApplicationFilterChain.java:210)
	at org.eclipse.birt.report.filter.ViewerFilter.doFilter(ViewerFilter.java:68)
	at org.apache.catalina.core.ApplicationFilterChain.internalDoFilter(ApplicationFilterChain.java:243)
	at org.apache.catalina.core.ApplicationFilterChain.doFilter(ApplicationFilterChain.java:210)
	at org.apache.catalina.core.StandardWrapperValve.invoke(StandardWrapperValve.java:224)
	at org.apache.catalina.core.StandardContextValve.invoke(StandardContextValve.java:185)
	at org.apache.catalina.authenticator.AuthenticatorBase.invoke(AuthenticatorBase.java:472)
	at org.apache.catalina.core.StandardHostValve.invoke(StandardHostValve.java:151)
	at org.apache.catalina.valves.ErrorReportValve.invoke(ErrorReportValve.java:100)
	at org.apache.catalina.valves.AccessLogValve.invoke(AccessLogValve.java:929)
	at org.apache.catalina.core.StandardEngineValve.invoke(StandardEngineValve.java:118)
	at org.apache.catalina.connector.CoyoteAdapter.service(CoyoteAdapter.java:405)
	at org.apache.coyote.http11.Http11Processor.process(Http11Processor.java:269)
	at org.apache.coyote.AbstractProtocol$AbstractConnectionHandler.process(AbstractProtocol.java:515)
	at org.apache.tomcat.util.net.JIoEndpoint$SocketProcessor.run(JIoEndpoint.java:302)
	at java.util.concurrent.ThreadPoolExecutor.runWorker(ThreadPoolExecutor.java:1145)
	at java.util.concurrent.ThreadPoolExecutor$Worker.run(ThreadPoolExecutor.java:615)
	at java.lang.Thread.run(Thread.java:722)
Caused by: org.eclipse.birt.core.exception.CoreException: Can not convert the value of A to Double type.
	... 88 more

Nov 24, 2015 11:06:24 AM org.eclipse.birt.report.item.crosstab.core.re.executor.CrosstabReportItemExecutor execute
SEVERE: The cube result for crosstab is invalid(=null).
Nov 24, 2015 11:06:46 AM org.eclipse.birt.report.engine.executor.ExecutorManager$ExecutorContext executeQuery
SEVERE: A BIRT exception occurred. See next exception for more information.
Can not convert the value of A to Double type.
org.eclipse.birt.data.engine.core.DataException: A BIRT exception occurred. See next exception for more information.
Can not convert the value of A to Double type.
	at org.eclipse.birt.data.engine.core.DataException.wrap(DataException.java:123)
	at org.eclipse.birt.data.aggregation.calculator.StringCalculator.toDouble(StringCalculator.java:140)
	at org.eclipse.birt.data.aggregation.calculator.StringCalculator.convert(StringCalculator.java:108)
	at org.eclipse.birt.data.aggregation.calculator.StringCalculator.add(StringCalculator.java:39)
	at org.eclipse.birt.data.aggregation.impl.TotalSum$MyAccumulator.onRow(TotalSum.java:118)
	at org.eclipse.birt.data.engine.olap.data.impl.aggregation.AggregationCalculator.newAggregationResultRow(AggregationCalculator.java:428)
	at org.eclipse.birt.data.engine.olap.data.impl.aggregation.AggregationCalculator.onRow(AggregationCalculator.java:293)
	at org.eclipse.birt.data.engine.olap.data.impl.aggregation.AggregationExecutor.execute(AggregationExecutor.java:308)
	at org.eclipse.birt.data.engine.olap.data.api.CubeQueryExecutorHelper.onePassExecute(CubeQueryExecutorHelper.java:923)
	at org.eclipse.birt.data.engine.olap.data.api.CubeQueryExecutorHelper.executeFactTableQuery(CubeQueryExecutorHelper.java:483)
	at org.eclipse.birt.data.engine.olap.data.api.CubeQueryExecutorHelper.execute(CubeQueryExecutorHelper.java:416)
	at org.eclipse.birt.data.engine.olap.query.view.QueryExecutor.executeQuery(QueryExecutor.java:950)
	at org.eclipse.birt.data.engine.olap.query.view.QueryExecutor.populateRs(QueryExecutor.java:904)
	at org.eclipse.birt.data.engine.olap.query.view.QueryExecutor.execute(QueryExecutor.java:174)
	at org.eclipse.birt.data.engine.olap.query.view.BirtCubeView.createCubeCursor(BirtCubeView.java:201)
	at org.eclipse.birt.data.engine.olap.query.view.BirtCubeView.getCubeCursor(BirtCubeView.java:182)
	at org.eclipse.birt.data.engine.olap.impl.query.CubeQueryResults.createCursor(CubeQueryResults.java:298)
	at org.eclipse.birt.data.engine.olap.impl.query.CubeQueryResults.getCubeCursor(CubeQueryResults.java:161)
	at org.eclipse.birt.report.engine.data.dte.CubeResultSet.<init>(CubeResultSet.java:78)
	at org.eclipse.birt.report.engine.data.dte.DteDataEngine.doExecuteCube(DteDataEngine.java:249)
	at org.eclipse.birt.report.engine.data.dte.DataGenerationEngine.doExecuteCube(DataGenerationEngine.java:96)
	at org.eclipse.birt.report.engine.data.dte.AbstractDataEngine.execute(AbstractDataEngine.java:272)
	at org.eclipse.birt.report.engine.executor.ExecutorManager$ExecutorContext.executeQuery(ExecutorManager.java:447)
	at org.eclipse.birt.report.item.crosstab.core.re.executor.BaseCrosstabExecutor.executeQuery(BaseCrosstabExecutor.java:122)
	at org.eclipse.birt.report.item.crosstab.core.re.executor.CrosstabReportItemExecutor.execute(CrosstabReportItemExecutor.java:102)
	at org.eclipse.birt.report.engine.executor.ExtendedItemExecutor.execute(ExtendedItemExecutor.java:62)
	at org.eclipse.birt.report.engine.internal.executor.wrap.WrappedReportItemExecutor.execute(WrappedReportItemExecutor.java:46)
	at org.eclipse.birt.report.engine.internal.executor.emitter.ReportItemEmitterExecutor.execute(ReportItemEmitterExecutor.java:46)
	at org.eclipse.birt.report.engine.internal.executor.dup.SuppressDuplicateItemExecutor.execute(SuppressDuplicateItemExecutor.java:43)
	at org.eclipse.birt.report.engine.internal.executor.wrap.WrappedReportItemExecutor.execute(WrappedReportItemExecutor.java:46)
	at org.eclipse.birt.report.engine.internal.executor.l18n.LocalizedReportItemExecutor.execute(LocalizedReportItemExecutor.java:34)
	at org.eclipse.birt.report.engine.layout.html.HTMLBlockStackingLM.layoutNodes(HTMLBlockStackingLM.java:65)
	at org.eclipse.birt.report.engine.layout.html.HTMLPageLM.layout(HTMLPageLM.java:92)
	at org.eclipse.birt.report.engine.layout.html.HTMLReportLayoutEngine.layout(HTMLReportLayoutEngine.java:100)
	at org.eclipse.birt.report.engine.presentation.ReportDocumentBuilder.build(ReportDocumentBuilder.java:249)
	at org.eclipse.birt.report.engine.api.impl.RunTask.doRun(RunTask.java:269)
	at org.eclipse.birt.report.engine.api.impl.RunTask.run(RunTask.java:86)
	at org.eclipse.birt.report.service.ReportEngineService.runReport(ReportEngineService.java:1325)
	at org.eclipse.birt.report.service.BirtViewerReportService.runReport(BirtViewerReportService.java:158)
	at org.eclipse.birt.report.service.actionhandler.BirtRunReportActionHandler.__execute(BirtRunReportActionHandler.java:81)
	at org.eclipse.birt.report.service.actionhandler.BirtChangeParameterActionHandler.runReport(BirtChangeParameterActionHandler.java:58)
	at org.eclipse.birt.report.service.actionhandler.AbstractChangeParameterActionHandler.__execute(AbstractChangeParameterActionHandler.java:53)
	at org.eclipse.birt.report.service.actionhandler.AbstractBaseActionHandler.execute(AbstractBaseActionHandler.java:90)
	at org.eclipse.birt.report.soapengine.processor.AbstractBaseDocumentProcessor.__executeAction(AbstractBaseDocumentProcessor.java:47)
	at org.eclipse.birt.report.soapengine.processor.AbstractBaseComponentProcessor.executeAction(AbstractBaseComponentProcessor.java:143)
	at org.eclipse.birt.report.soapengine.processor.BirtDocumentProcessor.handleChangeParameter(BirtDocumentProcessor.java:100)
	at sun.reflect.NativeMethodAccessorImpl.invoke0(Native Method)
	at sun.reflect.NativeMethodAccessorImpl.invoke(NativeMethodAccessorImpl.java:57)
	at sun.reflect.DelegatingMethodAccessorImpl.invoke(DelegatingMethodAccessorImpl.java:43)
	at java.lang.reflect.Method.invoke(Method.java:601)
	at org.eclipse.birt.report.soapengine.processor.AbstractBaseComponentProcessor.process(AbstractBaseComponentProcessor.java:112)
	at org.eclipse.birt.report.soapengine.endpoint.BirtSoapBindingImpl.getUpdatedObjects(BirtSoapBindingImpl.java:66)
	at sun.reflect.NativeMethodAccessorImpl.invoke0(Native Method)
	at sun.reflect.NativeMethodAccessorImpl.invoke(NativeMethodAccessorImpl.java:57)
	at sun.reflect.DelegatingMethodAccessorImpl.invoke(DelegatingMethodAccessorImpl.java:43)
	at java.lang.reflect.Method.invoke(Method.java:601)
	at org.apache.axis.providers.java.RPCProvider.invokeMethod(RPCProvider.java:397)
	at org.apache.axis.providers.java.RPCProvider.processMessage(RPCProvider.java:186)
	at org.apache.axis.providers.java.JavaProvider.invoke(JavaProvider.java:323)
	at org.apache.axis.strategies.InvocationStrategy.visit(InvocationStrategy.java:32)
	at org.apache.axis.SimpleChain.doVisiting(SimpleChain.java:118)
	at org.apache.axis.SimpleChain.invoke(SimpleChain.java:83)
	at org.apache.axis.handlers.soap.SOAPService.invoke(SOAPService.java:454)
	at org.apache.axis.server.AxisServer.invoke(AxisServer.java:281)
	at org.apache.axis.transport.http.AxisServlet.doPost(AxisServlet.java:699)
	at org.eclipse.birt.report.servlet.BirtSoapMessageDispatcherServlet.doPost(BirtSoapMessageDispatcherServlet.java:265)
	at javax.servlet.http.HttpServlet.service(HttpServlet.java:641)
	at org.apache.axis.transport.http.AxisServletBase.service(AxisServletBase.java:327)
	at javax.servlet.http.HttpServlet.service(HttpServlet.java:722)
	at org.eclipse.birt.report.servlet.BirtSoapMessageDispatcherServlet.service(BirtSoapMessageDispatcherServlet.java:122)
	at org.apache.catalina.core.ApplicationFilterChain.internalDoFilter(ApplicationFilterChain.java:304)
	at org.apache.catalina.core.ApplicationFilterChain.doFilter(ApplicationFilterChain.java:210)
	at org.eclipse.birt.report.filter.ViewerFilter.doFilter(ViewerFilter.java:68)
	at org.apache.catalina.core.ApplicationFilterChain.internalDoFilter(ApplicationFilterChain.java:243)
	at org.apache.catalina.core.ApplicationFilterChain.doFilter(ApplicationFilterChain.java:210)
	at org.apache.catalina.core.StandardWrapperValve.invoke(StandardWrapperValve.java:224)
	at org.apache.catalina.core.StandardContextValve.invoke(StandardContextValve.java:185)
	at org.apache.catalina.authenticator.AuthenticatorBase.invoke(AuthenticatorBase.java:472)
	at org.apache.catalina.core.StandardHostValve.invoke(StandardHostValve.java:151)
	at org.apache.catalina.valves.ErrorReportValve.invoke(ErrorReportValve.java:100)
	at org.apache.catalina.valves.AccessLogValve.invoke(AccessLogValve.java:929)
	at org.apache.catalina.core.StandardEngineValve.invoke(StandardEngineValve.java:118)
	at org.apache.catalina.connector.CoyoteAdapter.service(CoyoteAdapter.java:405)
	at org.apache.coyote.http11.Http11Processor.process(Http11Processor.java:269)
	at org.apache.coyote.AbstractProtocol$AbstractConnectionHandler.process(AbstractProtocol.java:515)
	at org.apache.tomcat.util.net.JIoEndpoint$SocketProcessor.run(JIoEndpoint.java:302)
	at java.util.concurrent.ThreadPoolExecutor.runWorker(ThreadPoolExecutor.java:1145)
	at java.util.concurrent.ThreadPoolExecutor$Worker.run(ThreadPoolExecutor.java:615)
	at java.lang.Thread.run(Thread.java:722)
Caused by: org.eclipse.birt.core.exception.CoreException: Can not convert the value of A to Double type.
	... 88 more

Nov 24, 2015 11:06:46 AM org.eclipse.birt.report.item.crosstab.core.re.executor.CrosstabReportItemExecutor execute
SEVERE: The cube result for crosstab is invalid(=null).
Nov 24, 2015 2:23:59 PM org.eclipse.birt.report.engine.executor.ExecutorManager$ExecutorContext executeQuery
SEVERE: An exception occurred during processing. Please see the following message for details:
exception.error
Error happens when create hierarchy:DepartmentGroup.NewTabularHierarchy.
A BIRT exception occurred. See next exception for more information.
Can not convert the value of 0.00 to Time type.
A BIRT exception occurred. See next exception for more information.
Can not convert the value of 0.00 to Time type.
org.eclipse.birt.report.data.adapter.api.AdapterException: An exception occurred during processing. Please see the following message for details:
exception.error
Error happens when create hierarchy:DepartmentGroup.NewTabularHierarchy.
A BIRT exception occurred. See next exception for more information.
Can not convert the value of 0.00 to Time type.
A BIRT exception occurred. See next exception for more information.
Can not convert the value of 0.00 to Time type.
	at org.eclipse.birt.report.data.adapter.impl.DataRequestSessionImpl.execute(DataRequestSessionImpl.java:654)
	at org.eclipse.birt.report.engine.data.dte.DteDataEngine.doExecuteCube(DteDataEngine.java:233)
	at org.eclipse.birt.report.engine.data.dte.DataGenerationEngine.doExecuteCube(DataGenerationEngine.java:96)
	at org.eclipse.birt.report.engine.data.dte.AbstractDataEngine.execute(AbstractDataEngine.java:272)
	at org.eclipse.birt.report.engine.executor.ExecutorManager$ExecutorContext.executeQuery(ExecutorManager.java:447)
	at org.eclipse.birt.report.item.crosstab.core.re.executor.BaseCrosstabExecutor.executeQuery(BaseCrosstabExecutor.java:122)
	at org.eclipse.birt.report.item.crosstab.core.re.executor.CrosstabReportItemExecutor.execute(CrosstabReportItemExecutor.java:102)
	at org.eclipse.birt.report.engine.executor.ExtendedItemExecutor.execute(ExtendedItemExecutor.java:62)
	at org.eclipse.birt.report.engine.internal.executor.wrap.WrappedReportItemExecutor.execute(WrappedReportItemExecutor.java:46)
	at org.eclipse.birt.report.engine.internal.executor.emitter.ReportItemEmitterExecutor.execute(ReportItemEmitterExecutor.java:46)
	at org.eclipse.birt.report.engine.internal.executor.dup.SuppressDuplicateItemExecutor.execute(SuppressDuplicateItemExecutor.java:43)
	at org.eclipse.birt.report.engine.internal.executor.wrap.WrappedReportItemExecutor.execute(WrappedReportItemExecutor.java:46)
	at org.eclipse.birt.report.engine.internal.executor.l18n.LocalizedReportItemExecutor.execute(LocalizedReportItemExecutor.java:34)
	at org.eclipse.birt.report.engine.layout.html.HTMLBlockStackingLM.layoutNodes(HTMLBlockStackingLM.java:65)
	at org.eclipse.birt.report.engine.layout.html.HTMLPageLM.layout(HTMLPageLM.java:92)
	at org.eclipse.birt.report.engine.layout.html.HTMLReportLayoutEngine.layout(HTMLReportLayoutEngine.java:100)
	at org.eclipse.birt.report.engine.presentation.ReportDocumentBuilder.build(ReportDocumentBuilder.java:249)
	at org.eclipse.birt.report.engine.api.impl.RunTask.doRun(RunTask.java:269)
	at org.eclipse.birt.report.engine.api.impl.RunTask.run(RunTask.java:86)
	at org.eclipse.birt.report.service.ReportEngineService.runReport(ReportEngineService.java:1325)
	at org.eclipse.birt.report.service.BirtViewerReportService.runReport(BirtViewerReportService.java:158)
	at org.eclipse.birt.report.service.actionhandler.BirtRunReportActionHandler.__execute(BirtRunReportActionHandler.java:81)
	at org.eclipse.birt.report.service.actionhandler.BirtChangeParameterActionHandler.runReport(BirtChangeParameterActionHandler.java:58)
	at org.eclipse.birt.report.service.actionhandler.AbstractChangeParameterActionHandler.__execute(AbstractChangeParameterActionHandler.java:53)
	at org.eclipse.birt.report.service.actionhandler.AbstractBaseActionHandler.execute(AbstractBaseActionHandler.java:90)
	at org.eclipse.birt.report.soapengine.processor.AbstractBaseDocumentProcessor.__executeAction(AbstractBaseDocumentProcessor.java:47)
	at org.eclipse.birt.report.soapengine.processor.AbstractBaseComponentProcessor.executeAction(AbstractBaseComponentProcessor.java:143)
	at org.eclipse.birt.report.soapengine.processor.BirtDocumentProcessor.handleChangeParameter(BirtDocumentProcessor.java:100)
	at sun.reflect.GeneratedMethodAccessor101.invoke(Unknown Source)
	at sun.reflect.DelegatingMethodAccessorImpl.invoke(DelegatingMethodAccessorImpl.java:43)
	at java.lang.reflect.Method.invoke(Method.java:601)
	at org.eclipse.birt.report.soapengine.processor.AbstractBaseComponentProcessor.process(AbstractBaseComponentProcessor.java:112)
	at org.eclipse.birt.report.soapengine.endpoint.BirtSoapBindingImpl.getUpdatedObjects(BirtSoapBindingImpl.java:66)
	at sun.reflect.GeneratedMethodAccessor100.invoke(Unknown Source)
	at sun.reflect.DelegatingMethodAccessorImpl.invoke(DelegatingMethodAccessorImpl.java:43)
	at java.lang.reflect.Method.invoke(Method.java:601)
	at org.apache.axis.providers.java.RPCProvider.invokeMethod(RPCProvider.java:397)
	at org.apache.axis.providers.java.RPCProvider.processMessage(RPCProvider.java:186)
	at org.apache.axis.providers.java.JavaProvider.invoke(JavaProvider.java:323)
	at org.apache.axis.strategies.InvocationStrategy.visit(InvocationStrategy.java:32)
	at org.apache.axis.SimpleChain.doVisiting(SimpleChain.java:118)
	at org.apache.axis.SimpleChain.invoke(SimpleChain.java:83)
	at org.apache.axis.handlers.soap.SOAPService.invoke(SOAPService.java:454)
	at org.apache.axis.server.AxisServer.invoke(AxisServer.java:281)
	at org.apache.axis.transport.http.AxisServlet.doPost(AxisServlet.java:699)
	at org.eclipse.birt.report.servlet.BirtSoapMessageDispatcherServlet.doPost(BirtSoapMessageDispatcherServlet.java:265)
	at javax.servlet.http.HttpServlet.service(HttpServlet.java:641)
	at org.apache.axis.transport.http.AxisServletBase.service(AxisServletBase.java:327)
	at javax.servlet.http.HttpServlet.service(HttpServlet.java:722)
	at org.eclipse.birt.report.servlet.BirtSoapMessageDispatcherServlet.service(BirtSoapMessageDispatcherServlet.java:122)
	at org.apache.catalina.core.ApplicationFilterChain.internalDoFilter(ApplicationFilterChain.java:304)
	at org.apache.catalina.core.ApplicationFilterChain.doFilter(ApplicationFilterChain.java:210)
	at org.eclipse.birt.report.filter.ViewerFilter.doFilter(ViewerFilter.java:68)
	at org.apache.catalina.core.ApplicationFilterChain.internalDoFilter(ApplicationFilterChain.java:243)
	at org.apache.catalina.core.ApplicationFilterChain.doFilter(ApplicationFilterChain.java:210)
	at org.apache.catalina.core.StandardWrapperValve.invoke(StandardWrapperValve.java:224)
	at org.apache.catalina.core.StandardContextValve.invoke(StandardContextValve.java:185)
	at org.apache.catalina.authenticator.AuthenticatorBase.invoke(AuthenticatorBase.java:472)
	at org.apache.catalina.core.StandardHostValve.invoke(StandardHostValve.java:151)
	at org.apache.catalina.valves.ErrorReportValve.invoke(ErrorReportValve.java:100)
	at org.apache.catalina.valves.AccessLogValve.invoke(AccessLogValve.java:929)
	at org.apache.catalina.core.StandardEngineValve.invoke(StandardEngineValve.java:118)
	at org.apache.catalina.connector.CoyoteAdapter.service(CoyoteAdapter.java:405)
	at org.apache.coyote.http11.Http11Processor.process(Http11Processor.java:269)
	at org.apache.coyote.AbstractProtocol$AbstractConnectionHandler.process(AbstractProtocol.java:515)
	at org.apache.tomcat.util.net.JIoEndpoint$SocketProcessor.run(JIoEndpoint.java:302)
	at java.util.concurrent.ThreadPoolExecutor.runWorker(ThreadPoolExecutor.java:1145)
	at java.util.concurrent.ThreadPoolExecutor$Worker.run(ThreadPoolExecutor.java:615)
	at java.lang.Thread.run(Thread.java:722)
Caused by: org.eclipse.birt.data.engine.core.DataException: exception.error
Error happens when create hierarchy:DepartmentGroup.NewTabularHierarchy.
A BIRT exception occurred. See next exception for more information.
Can not convert the value of 0.00 to Time type.
A BIRT exception occurred. See next exception for more information.
Can not convert the value of 0.00 to Time type.
	at org.eclipse.birt.report.data.adapter.impl.DataRequestSessionImpl.materializeCube(DataRequestSessionImpl.java:783)
	at org.eclipse.birt.report.data.adapter.impl.DataRequestSessionImpl.execute(DataRequestSessionImpl.java:643)
	... 68 more
Caused by: org.eclipse.birt.report.data.adapter.api.AdapterException: Error happens when create hierarchy:DepartmentGroup.NewTabularHierarchy.
A BIRT exception occurred. See next exception for more information.
Can not convert the value of 0.00 to Time type.
A BIRT exception occurred. See next exception for more information.
Can not convert the value of 0.00 to Time type.
	at org.eclipse.birt.report.data.adapter.impl.DataRequestSessionImpl.populateDimension(DataRequestSessionImpl.java:1482)
	at org.eclipse.birt.report.data.adapter.impl.DataRequestSessionImpl.populateDimensions(DataRequestSessionImpl.java:1340)
	at org.eclipse.birt.report.data.adapter.impl.DataRequestSessionImpl.createCube(DataRequestSessionImpl.java:834)
	at org.eclipse.birt.report.data.adapter.impl.DataRequestSessionImpl.materializeCube(DataRequestSessionImpl.java:775)
	... 69 more
Caused by: org.eclipse.birt.report.data.adapter.api.AdapterException: A BIRT exception occurred. See next exception for more information.
Can not convert the value of 0.00 to Time type.
A BIRT exception occurred. See next exception for more information.
Can not convert the value of 0.00 to Time type.
	at org.eclipse.birt.report.data.adapter.impl.DataSetIterator.executeQuery(DataSetIterator.java:91)
	at org.eclipse.birt.report.data.adapter.impl.DataSetIterator.<init>(DataSetIterator.java:124)
	at org.eclipse.birt.report.data.adapter.impl.DataRequestSessionImpl.populateDimension(DataRequestSessionImpl.java:1467)
	... 72 more
Caused by: org.eclipse.birt.data.engine.core.DataException: A BIRT exception occurred. See next exception for more information.
Can not convert the value of 0.00 to Time type.
	at org.eclipse.birt.data.engine.core.DataException.wrap(DataException.java:123)
	at org.eclipse.birt.data.engine.expression.ExprEvaluateUtil.evaluateExpression(ExprEvaluateUtil.java:87)
	at org.eclipse.birt.data.engine.impl.BindingColumnsEvalUtil.evaluateValue(BindingColumnsEvalUtil.java:201)
	at org.eclipse.birt.data.engine.impl.BindingColumnsEvalUtil.getColumnsValue(BindingColumnsEvalUtil.java:161)
	at org.eclipse.birt.data.engine.impl.ResultIterator.prepareCurrentRow(ResultIterator.java:784)
	at org.eclipse.birt.data.engine.impl.ResultIterator.<init>(ResultIterator.java:168)
	at org.eclipse.birt.data.engine.impl.QueryResults.getResultIterator(QueryResults.java:215)
	at org.eclipse.birt.report.data.adapter.impl.DataSetIterator.executeQuery(DataSetIterator.java:87)
	... 74 more
Caused by: org.eclipse.birt.core.exception.CoreException: Can not convert the value of 0.00 to Time type.
	at org.eclipse.birt.core.data.DataTypeUtil.toSqlTime(DataTypeUtil.java:541)
	at org.eclipse.birt.core.data.DataTypeUtil.convert(DataTypeUtil.java:122)
	at org.eclipse.birt.data.engine.expression.ExprEvaluateUtil.evaluateExpression(ExprEvaluateUtil.java:83)
	... 80 more

Nov 24, 2015 2:23:59 PM org.eclipse.birt.report.item.crosstab.core.re.executor.CrosstabReportItemExecutor execute
SEVERE: The cube result for crosstab is invalid(=null).
Nov 24, 2015 2:25:28 PM org.eclipse.birt.report.engine.executor.ExecutorManager$ExecutorContext executeQuery
SEVERE: An exception occurred during processing. Please see the following message for details:
exception.error
Error happens when create hierarchy:DepartmentGroup.NewTabularHierarchy.
A BIRT exception occurred. See next exception for more information.
Can not convert the value of 0.00 to Time type.
A BIRT exception occurred. See next exception for more information.
Can not convert the value of 0.00 to Time type.
org.eclipse.birt.report.data.adapter.api.AdapterException: An exception occurred during processing. Please see the following message for details:
exception.error
Error happens when create hierarchy:DepartmentGroup.NewTabularHierarchy.
A BIRT exception occurred. See next exception for more information.
Can not convert the value of 0.00 to Time type.
A BIRT exception occurred. See next exception for more information.
Can not convert the value of 0.00 to Time type.
	at org.eclipse.birt.report.data.adapter.impl.DataRequestSessionImpl.execute(DataRequestSessionImpl.java:654)
	at org.eclipse.birt.report.engine.data.dte.DteDataEngine.doExecuteCube(DteDataEngine.java:233)
	at org.eclipse.birt.report.engine.data.dte.DataGenerationEngine.doExecuteCube(DataGenerationEngine.java:96)
	at org.eclipse.birt.report.engine.data.dte.AbstractDataEngine.execute(AbstractDataEngine.java:272)
	at org.eclipse.birt.report.engine.executor.ExecutorManager$ExecutorContext.executeQuery(ExecutorManager.java:447)
	at org.eclipse.birt.report.item.crosstab.core.re.executor.BaseCrosstabExecutor.executeQuery(BaseCrosstabExecutor.java:122)
	at org.eclipse.birt.report.item.crosstab.core.re.executor.CrosstabReportItemExecutor.execute(CrosstabReportItemExecutor.java:102)
	at org.eclipse.birt.report.engine.executor.ExtendedItemExecutor.execute(ExtendedItemExecutor.java:62)
	at org.eclipse.birt.report.engine.internal.executor.wrap.WrappedReportItemExecutor.execute(WrappedReportItemExecutor.java:46)
	at org.eclipse.birt.report.engine.internal.executor.emitter.ReportItemEmitterExecutor.execute(ReportItemEmitterExecutor.java:46)
	at org.eclipse.birt.report.engine.internal.executor.dup.SuppressDuplicateItemExecutor.execute(SuppressDuplicateItemExecutor.java:43)
	at org.eclipse.birt.report.engine.internal.executor.wrap.WrappedReportItemExecutor.execute(WrappedReportItemExecutor.java:46)
	at org.eclipse.birt.report.engine.internal.executor.l18n.LocalizedReportItemExecutor.execute(LocalizedReportItemExecutor.java:34)
	at org.eclipse.birt.report.engine.layout.html.HTMLBlockStackingLM.layoutNodes(HTMLBlockStackingLM.java:65)
	at org.eclipse.birt.report.engine.layout.html.HTMLPageLM.layout(HTMLPageLM.java:92)
	at org.eclipse.birt.report.engine.layout.html.HTMLReportLayoutEngine.layout(HTMLReportLayoutEngine.java:100)
	at org.eclipse.birt.report.engine.presentation.ReportDocumentBuilder.build(ReportDocumentBuilder.java:249)
	at org.eclipse.birt.report.engine.api.impl.RunTask.doRun(RunTask.java:269)
	at org.eclipse.birt.report.engine.api.impl.RunTask.run(RunTask.java:86)
	at org.eclipse.birt.report.service.ReportEngineService.runReport(ReportEngineService.java:1325)
	at org.eclipse.birt.report.service.BirtViewerReportService.runReport(BirtViewerReportService.java:158)
	at org.eclipse.birt.report.service.actionhandler.BirtRunReportActionHandler.__execute(BirtRunReportActionHandler.java:81)
	at org.eclipse.birt.report.service.actionhandler.BirtChangeParameterActionHandler.runReport(BirtChangeParameterActionHandler.java:58)
	at org.eclipse.birt.report.service.actionhandler.AbstractChangeParameterActionHandler.__execute(AbstractChangeParameterActionHandler.java:53)
	at org.eclipse.birt.report.service.actionhandler.AbstractBaseActionHandler.execute(AbstractBaseActionHandler.java:90)
	at org.eclipse.birt.report.soapengine.processor.AbstractBaseDocumentProcessor.__executeAction(AbstractBaseDocumentProcessor.java:47)
	at org.eclipse.birt.report.soapengine.processor.AbstractBaseComponentProcessor.executeAction(AbstractBaseComponentProcessor.java:143)
	at org.eclipse.birt.report.soapengine.processor.BirtDocumentProcessor.handleChangeParameter(BirtDocumentProcessor.java:100)
	at sun.reflect.GeneratedMethodAccessor101.invoke(Unknown Source)
	at sun.reflect.DelegatingMethodAccessorImpl.invoke(DelegatingMethodAccessorImpl.java:43)
	at java.lang.reflect.Method.invoke(Method.java:601)
	at org.eclipse.birt.report.soapengine.processor.AbstractBaseComponentProcessor.process(AbstractBaseComponentProcessor.java:112)
	at org.eclipse.birt.report.soapengine.endpoint.BirtSoapBindingImpl.getUpdatedObjects(BirtSoapBindingImpl.java:66)
	at sun.reflect.GeneratedMethodAccessor100.invoke(Unknown Source)
	at sun.reflect.DelegatingMethodAccessorImpl.invoke(DelegatingMethodAccessorImpl.java:43)
	at java.lang.reflect.Method.invoke(Method.java:601)
	at org.apache.axis.providers.java.RPCProvider.invokeMethod(RPCProvider.java:397)
	at org.apache.axis.providers.java.RPCProvider.processMessage(RPCProvider.java:186)
	at org.apache.axis.providers.java.JavaProvider.invoke(JavaProvider.java:323)
	at org.apache.axis.strategies.InvocationStrategy.visit(InvocationStrategy.java:32)
	at org.apache.axis.SimpleChain.doVisiting(SimpleChain.java:118)
	at org.apache.axis.SimpleChain.invoke(SimpleChain.java:83)
	at org.apache.axis.handlers.soap.SOAPService.invoke(SOAPService.java:454)
	at org.apache.axis.server.AxisServer.invoke(AxisServer.java:281)
	at org.apache.axis.transport.http.AxisServlet.doPost(AxisServlet.java:699)
	at org.eclipse.birt.report.servlet.BirtSoapMessageDispatcherServlet.doPost(BirtSoapMessageDispatcherServlet.java:265)
	at javax.servlet.http.HttpServlet.service(HttpServlet.java:641)
	at org.apache.axis.transport.http.AxisServletBase.service(AxisServletBase.java:327)
	at javax.servlet.http.HttpServlet.service(HttpServlet.java:722)
	at org.eclipse.birt.report.servlet.BirtSoapMessageDispatcherServlet.service(BirtSoapMessageDispatcherServlet.java:122)
	at org.apache.catalina.core.ApplicationFilterChain.internalDoFilter(ApplicationFilterChain.java:304)
	at org.apache.catalina.core.ApplicationFilterChain.doFilter(ApplicationFilterChain.java:210)
	at org.eclipse.birt.report.filter.ViewerFilter.doFilter(ViewerFilter.java:68)
	at org.apache.catalina.core.ApplicationFilterChain.internalDoFilter(ApplicationFilterChain.java:243)
	at org.apache.catalina.core.ApplicationFilterChain.doFilter(ApplicationFilterChain.java:210)
	at org.apache.catalina.core.StandardWrapperValve.invoke(StandardWrapperValve.java:224)
	at org.apache.catalina.core.StandardContextValve.invoke(StandardContextValve.java:185)
	at org.apache.catalina.authenticator.AuthenticatorBase.invoke(AuthenticatorBase.java:472)
	at org.apache.catalina.core.StandardHostValve.invoke(StandardHostValve.java:151)
	at org.apache.catalina.valves.ErrorReportValve.invoke(ErrorReportValve.java:100)
	at org.apache.catalina.valves.AccessLogValve.invoke(AccessLogValve.java:929)
	at org.apache.catalina.core.StandardEngineValve.invoke(StandardEngineValve.java:118)
	at org.apache.catalina.connector.CoyoteAdapter.service(CoyoteAdapter.java:405)
	at org.apache.coyote.http11.Http11Processor.process(Http11Processor.java:269)
	at org.apache.coyote.AbstractProtocol$AbstractConnectionHandler.process(AbstractProtocol.java:515)
	at org.apache.tomcat.util.net.JIoEndpoint$SocketProcessor.run(JIoEndpoint.java:302)
	at java.util.concurrent.ThreadPoolExecutor.runWorker(ThreadPoolExecutor.java:1145)
	at java.util.concurrent.ThreadPoolExecutor$Worker.run(ThreadPoolExecutor.java:615)
	at java.lang.Thread.run(Thread.java:722)
Caused by: org.eclipse.birt.data.engine.core.DataException: exception.error
Error happens when create hierarchy:DepartmentGroup.NewTabularHierarchy.
A BIRT exception occurred. See next exception for more information.
Can not convert the value of 0.00 to Time type.
A BIRT exception occurred. See next exception for more information.
Can not convert the value of 0.00 to Time type.
	at org.eclipse.birt.report.data.adapter.impl.DataRequestSessionImpl.materializeCube(DataRequestSessionImpl.java:783)
	at org.eclipse.birt.report.data.adapter.impl.DataRequestSessionImpl.execute(DataRequestSessionImpl.java:643)
	... 68 more
Caused by: org.eclipse.birt.report.data.adapter.api.AdapterException: Error happens when create hierarchy:DepartmentGroup.NewTabularHierarchy.
A BIRT exception occurred. See next exception for more information.
Can not convert the value of 0.00 to Time type.
A BIRT exception occurred. See next exception for more information.
Can not convert the value of 0.00 to Time type.
	at org.eclipse.birt.report.data.adapter.impl.DataRequestSessionImpl.populateDimension(DataRequestSessionImpl.java:1482)
	at org.eclipse.birt.report.data.adapter.impl.DataRequestSessionImpl.populateDimensions(DataRequestSessionImpl.java:1340)
	at org.eclipse.birt.report.data.adapter.impl.DataRequestSessionImpl.createCube(DataRequestSessionImpl.java:834)
	at org.eclipse.birt.report.data.adapter.impl.DataRequestSessionImpl.materializeCube(DataRequestSessionImpl.java:775)
	... 69 more
Caused by: org.eclipse.birt.report.data.adapter.api.AdapterException: A BIRT exception occurred. See next exception for more information.
Can not convert the value of 0.00 to Time type.
A BIRT exception occurred. See next exception for more information.
Can not convert the value of 0.00 to Time type.
	at org.eclipse.birt.report.data.adapter.impl.DataSetIterator.executeQuery(DataSetIterator.java:91)
	at org.eclipse.birt.report.data.adapter.impl.DataSetIterator.<init>(DataSetIterator.java:124)
	at org.eclipse.birt.report.data.adapter.impl.DataRequestSessionImpl.populateDimension(DataRequestSessionImpl.java:1467)
	... 72 more
Caused by: org.eclipse.birt.data.engine.core.DataException: A BIRT exception occurred. See next exception for more information.
Can not convert the value of 0.00 to Time type.
	at org.eclipse.birt.data.engine.core.DataException.wrap(DataException.java:123)
	at org.eclipse.birt.data.engine.expression.ExprEvaluateUtil.evaluateExpression(ExprEvaluateUtil.java:87)
	at org.eclipse.birt.data.engine.impl.BindingColumnsEvalUtil.evaluateValue(BindingColumnsEvalUtil.java:201)
	at org.eclipse.birt.data.engine.impl.BindingColumnsEvalUtil.getColumnsValue(BindingColumnsEvalUtil.java:161)
	at org.eclipse.birt.data.engine.impl.ResultIterator.prepareCurrentRow(ResultIterator.java:784)
	at org.eclipse.birt.data.engine.impl.ResultIterator.<init>(ResultIterator.java:168)
	at org.eclipse.birt.data.engine.impl.QueryResults.getResultIterator(QueryResults.java:215)
	at org.eclipse.birt.report.data.adapter.impl.DataSetIterator.executeQuery(DataSetIterator.java:87)
	... 74 more
Caused by: org.eclipse.birt.core.exception.CoreException: Can not convert the value of 0.00 to Time type.
	at org.eclipse.birt.core.data.DataTypeUtil.toSqlTime(DataTypeUtil.java:541)
	at org.eclipse.birt.core.data.DataTypeUtil.convert(DataTypeUtil.java:122)
	at org.eclipse.birt.data.engine.expression.ExprEvaluateUtil.evaluateExpression(ExprEvaluateUtil.java:83)
	... 80 more

Nov 24, 2015 2:25:28 PM org.eclipse.birt.report.item.crosstab.core.re.executor.CrosstabReportItemExecutor execute
SEVERE: The cube result for crosstab is invalid(=null).
Nov 24, 2015 2:46:25 PM org.eclipse.birt.report.engine.emitter.excel.layout.Page needOutputInMasterPage
WARNING: Excel page header and footer don't support html text.
Nov 24, 2015 2:49:24 PM org.eclipse.birt.core.template.TemplateParser parse
WARNING: Encountered "" at line 1, column 10.
Was expecting one of:
    
Nov 24, 2015 2:49:24 PM org.eclipse.birt.core.template.TemplateParser parse
WARNING: Encountered "" at line 1, column 10.
Was expecting one of:
    
Nov 24, 2015 2:49:24 PM org.eclipse.birt.core.template.TemplateParser parse
WARNING: Encountered "" at line 1, column 10.
Was expecting one of:
    
Nov 24, 2015 2:49:24 PM org.eclipse.birt.core.template.TemplateParser parse
WARNING: Encountered "" at line 1, column 10.
Was expecting one of:
    
Nov 24, 2015 2:55:14 PM org.eclipse.birt.report.engine.emitter.excel.layout.Page needOutputInMasterPage
WARNING: Excel page header and footer don't support html text.
